[2025-09-08T13:50:02.797+0530] {local_task_job_runner.py:120} INFO - ::group::Pre task execution logs
[2025-09-08T13:50:02.809+0530] {taskinstance.py:2076} INFO - Dependencies all met for dep_context=non-requeueable deps ti=<TaskInstance: ecom_etl_10min.run_etl_pipeline scheduled__2025-09-08T08:10:00+00:00 [queued]>
[2025-09-08T13:50:02.812+0530] {taskinstance.py:2076} INFO - Dependencies all met for dep_context=requeueable deps ti=<TaskInstance: ecom_etl_10min.run_etl_pipeline scheduled__2025-09-08T08:10:00+00:00 [queued]>
[2025-09-08T13:50:02.812+0530] {taskinstance.py:2306} INFO - Starting attempt 1 of 2
[2025-09-08T13:50:02.883+0530] {taskinstance.py:2330} INFO - Executing <Task(BashOperator): run_etl_pipeline> on 2025-09-08 08:10:00+00:00
[2025-09-08T13:50:02.891+0530] {standard_task_runner.py:64} INFO - Started process 721834 to run task
[2025-09-08T13:50:02.897+0530] {standard_task_runner.py:90} INFO - Running: ['airflow', 'tasks', 'run', 'ecom_etl_10min', 'run_etl_pipeline', 'scheduled__2025-09-08T08:10:00+00:00', '--job-id', '34', '--raw', '--subdir', 'DAGS_FOLDER/ecom_schedules.py', '--cfg-path', '/tmp/tmpgwe51dkr']
[2025-09-08T13:50:02.898+0530] {standard_task_runner.py:91} INFO - Job 34: Subtask run_etl_pipeline
[2025-09-08T13:50:02.977+0530] {task_command.py:426} INFO - Running <TaskInstance: ecom_etl_10min.run_etl_pipeline scheduled__2025-09-08T08:10:00+00:00 [running]> on host softsuave-ASUS-EXPERTCENTER-D700ME-D500ME
[2025-09-08T13:50:03.148+0530] {taskinstance.py:2648} INFO - Exporting env vars: AIRFLOW_CTX_DAG_OWNER='airflow' AIRFLOW_CTX_DAG_ID='ecom_etl_10min' AIRFLOW_CTX_TASK_ID='run_etl_pipeline' AIRFLOW_CTX_EXECUTION_DATE='2025-09-08T08:10:00+00:00' AIRFLOW_CTX_TRY_NUMBER='1' AIRFLOW_CTX_DAG_RUN_ID='scheduled__2025-09-08T08:10:00+00:00'
[2025-09-08T13:50:03.149+0530] {taskinstance.py:430} INFO - ::endgroup::
[2025-09-08T13:50:03.150+0530] {subprocess.py:63} INFO - Tmp dir root location: /tmp
[2025-09-08T13:50:03.151+0530] {subprocess.py:75} INFO - Running command: ['/usr/bin/bash', '-c', 'bash /media/softsuave/DATA-HDD/DataEngineering/Apache_Airflow/scripts/etl/run_etl.sh | cat']
[2025-09-08T13:50:03.158+0530] {subprocess.py:86} INFO - Output:
[2025-09-08T13:50:03.165+0530] {subprocess.py:93} INFO - [2025-09-08 13:50:03] 🚀 Starting E-Commerce ETL Pipeline...
[2025-09-08T13:50:03.165+0530] {subprocess.py:93} INFO - ----------------------------------------
[2025-09-08T13:50:03.166+0530] {subprocess.py:93} INFO -  Source DB   : ecom_db
[2025-09-08T13:50:03.166+0530] {subprocess.py:93} INFO -  Target DB   : ecom_dwh
[2025-09-08T13:50:03.166+0530] {subprocess.py:93} INFO -  Server      : localhost:1433
[2025-09-08T13:50:03.167+0530] {subprocess.py:93} INFO -  Spark Master: local[*]
[2025-09-08T13:50:03.167+0530] {subprocess.py:93} INFO - ----------------------------------------
[2025-09-08T13:50:03.167+0530] {subprocess.py:93} INFO - 
[2025-09-08T13:50:03.167+0530] {subprocess.py:93} INFO - [2025-09-08 13:50:03] 🔄 Running ETL Pipeline with spark-submit...
[2025-09-08T13:50:09.772+0530] {subprocess.py:93} INFO - 25/09/08 13:50:09 WARN Utils: Your hostname, softsuave-ASUS-EXPERTCENTER-D700ME-D500ME resolves to a loopback address: 127.0.1.1; using 192.168.6.3 instead (on interface eno2)
[2025-09-08T13:50:09.774+0530] {subprocess.py:93} INFO - 25/09/08 13:50:09 WARN Utils: Set SPARK_LOCAL_IP if you need to bind to another address
[2025-09-08T13:50:17.349+0530] {subprocess.py:93} INFO - 25/09/08 13:50:17 WARN NativeCodeLoader: Unable to load native-hadoop library for your platform... using builtin-java classes where applicable
[2025-09-08T13:50:20.355+0530] {subprocess.py:93} INFO - 25/09/08 13:50:20 INFO SparkContext: Running Spark version 3.4.2
[2025-09-08T13:50:20.460+0530] {subprocess.py:93} INFO - 25/09/08 13:50:20 INFO ResourceUtils: ==============================================================
[2025-09-08T13:50:20.460+0530] {subprocess.py:93} INFO - 25/09/08 13:50:20 INFO ResourceUtils: No custom resources configured for spark.driver.
[2025-09-08T13:50:20.460+0530] {subprocess.py:93} INFO - 25/09/08 13:50:20 INFO ResourceUtils: ==============================================================
[2025-09-08T13:50:20.460+0530] {subprocess.py:93} INFO - 25/09/08 13:50:20 INFO SparkContext: Submitted application: ECommerce_ETL_Pipeline
[2025-09-08T13:50:20.613+0530] {subprocess.py:93} INFO - 25/09/08 13:50:20 INFO ResourceProfile: Default ResourceProfile created, executor resources: Map(cores -> name: cores, amount: 1, script: , vendor: , memory -> name: memory, amount: 1024, script: , vendor: , offHeap -> name: offHeap, amount: 0, script: , vendor: ), task resources: Map(cpus -> name: cpus, amount: 1.0)
[2025-09-08T13:50:20.621+0530] {subprocess.py:93} INFO - 25/09/08 13:50:20 INFO ResourceProfile: Limiting resource is cpu
[2025-09-08T13:50:20.622+0530] {subprocess.py:93} INFO - 25/09/08 13:50:20 INFO ResourceProfileManager: Added ResourceProfile id: 0
[2025-09-08T13:50:20.926+0530] {subprocess.py:93} INFO - 25/09/08 13:50:20 INFO SecurityManager: Changing view acls to: softsuave
[2025-09-08T13:50:20.926+0530] {subprocess.py:93} INFO - 25/09/08 13:50:20 INFO SecurityManager: Changing modify acls to: softsuave
[2025-09-08T13:50:20.927+0530] {subprocess.py:93} INFO - 25/09/08 13:50:20 INFO SecurityManager: Changing view acls groups to:
[2025-09-08T13:50:20.927+0530] {subprocess.py:93} INFO - 25/09/08 13:50:20 INFO SecurityManager: Changing modify acls groups to:
[2025-09-08T13:50:20.928+0530] {subprocess.py:93} INFO - 25/09/08 13:50:20 INFO SecurityManager: SecurityManager: authentication disabled; ui acls disabled; users with view permissions: softsuave; groups with view permissions: EMPTY; users with modify permissions: softsuave; groups with modify permissions: EMPTY
[2025-09-08T13:50:21.996+0530] {subprocess.py:93} INFO - 25/09/08 13:50:21 INFO Utils: Successfully started service 'sparkDriver' on port 36407.
[2025-09-08T13:50:22.479+0530] {subprocess.py:93} INFO - 25/09/08 13:50:22 INFO SparkEnv: Registering MapOutputTracker
[2025-09-08T13:50:22.856+0530] {subprocess.py:93} INFO - 25/09/08 13:50:22 INFO SparkEnv: Registering BlockManagerMaster
[2025-09-08T13:50:23.224+0530] {subprocess.py:93} INFO - 25/09/08 13:50:23 INFO BlockManagerMasterEndpoint: Using org.apache.spark.storage.DefaultTopologyMapper for getting topology information
[2025-09-08T13:50:23.224+0530] {subprocess.py:93} INFO - 25/09/08 13:50:23 INFO BlockManagerMasterEndpoint: BlockManagerMasterEndpoint up
[2025-09-08T13:50:23.434+0530] {subprocess.py:93} INFO - 25/09/08 13:50:23 INFO SparkEnv: Registering BlockManagerMasterHeartbeat
[2025-09-08T13:50:23.756+0530] {subprocess.py:93} INFO - 25/09/08 13:50:23 INFO DiskBlockManager: Created local directory at /tmp/blockmgr-9bcdb4ea-2283-4d07-86bc-fc4b7843b762
[2025-09-08T13:50:23.820+0530] {subprocess.py:93} INFO - 25/09/08 13:50:23 INFO MemoryStore: MemoryStore started with capacity 366.3 MiB
[2025-09-08T13:50:23.890+0530] {subprocess.py:93} INFO - 25/09/08 13:50:23 INFO SparkEnv: Registering OutputCommitCoordinator
[2025-09-08T13:50:25.816+0530] {subprocess.py:93} INFO - 25/09/08 13:50:25 INFO JettyUtils: Start Jetty 0.0.0.0:4040 for SparkUI
[2025-09-08T13:50:25.963+0530] {subprocess.py:93} INFO - 25/09/08 13:50:25 INFO Utils: Successfully started service 'SparkUI' on port 4040.
[2025-09-08T13:50:26.011+0530] {subprocess.py:93} INFO - 25/09/08 13:50:26 INFO SparkContext: Added JAR file:///media/softsuave/DATA-HDD/DataEngineering/Apache_Airflow/libs/jars/mssql-jdbc-12.2.0.jre8.jar at spark://192.168.6.3:36407/jars/mssql-jdbc-12.2.0.jre8.jar with timestamp 1757319620281
[2025-09-08T13:50:26.149+0530] {subprocess.py:93} INFO - 25/09/08 13:50:26 INFO Executor: Starting executor ID driver on host 192.168.6.3
[2025-09-08T13:50:26.153+0530] {subprocess.py:93} INFO - 25/09/08 13:50:26 INFO Executor: Starting executor with user classpath (userClassPathFirst = false): ''
[2025-09-08T13:50:26.207+0530] {subprocess.py:93} INFO - 25/09/08 13:50:26 INFO Executor: Fetching spark://192.168.6.3:36407/jars/mssql-jdbc-12.2.0.jre8.jar with timestamp 1757319620281
[2025-09-08T13:50:26.280+0530] {subprocess.py:93} INFO - 25/09/08 13:50:26 INFO TransportClientFactory: Successfully created connection to /192.168.6.3:36407 after 57 ms (0 ms spent in bootstraps)
[2025-09-08T13:50:26.292+0530] {subprocess.py:93} INFO - 25/09/08 13:50:26 INFO Utils: Fetching spark://192.168.6.3:36407/jars/mssql-jdbc-12.2.0.jre8.jar to /tmp/spark-8a7c07ae-66f5-4c3e-82c2-f05a1753a6e3/userFiles-39c9521c-5438-4fd7-8717-5b5e727a05ac/fetchFileTemp2719579405660127002.tmp
[2025-09-08T13:50:26.463+0530] {subprocess.py:93} INFO - 25/09/08 13:50:26 INFO Executor: Adding file:/tmp/spark-8a7c07ae-66f5-4c3e-82c2-f05a1753a6e3/userFiles-39c9521c-5438-4fd7-8717-5b5e727a05ac/mssql-jdbc-12.2.0.jre8.jar to class loader
[2025-09-08T13:50:26.480+0530] {subprocess.py:93} INFO - 25/09/08 13:50:26 INFO Utils: Successfully started service 'org.apache.spark.network.netty.NettyBlockTransferService' on port 33023.
[2025-09-08T13:50:26.481+0530] {subprocess.py:93} INFO - 25/09/08 13:50:26 INFO NettyBlockTransferService: Server created on 192.168.6.3:33023
[2025-09-08T13:50:26.511+0530] {subprocess.py:93} INFO - 25/09/08 13:50:26 INFO BlockManager: Using org.apache.spark.storage.RandomBlockReplicationPolicy for block replication policy
[2025-09-08T13:50:26.529+0530] {subprocess.py:93} INFO - 25/09/08 13:50:26 INFO BlockManagerMaster: Registering BlockManager BlockManagerId(driver, 192.168.6.3, 33023, None)
[2025-09-08T13:50:26.537+0530] {subprocess.py:93} INFO - 25/09/08 13:50:26 INFO BlockManagerMasterEndpoint: Registering block manager 192.168.6.3:33023 with 366.3 MiB RAM, BlockManagerId(driver, 192.168.6.3, 33023, None)
[2025-09-08T13:50:26.540+0530] {subprocess.py:93} INFO - 25/09/08 13:50:26 INFO BlockManagerMaster: Registered BlockManager BlockManagerId(driver, 192.168.6.3, 33023, None)
[2025-09-08T13:50:26.542+0530] {subprocess.py:93} INFO - 25/09/08 13:50:26 INFO BlockManager: Initialized BlockManager: BlockManagerId(driver, 192.168.6.3, 33023, None)
[2025-09-08T13:50:27.071+0530] {subprocess.py:93} INFO - 2025-09-08 13:50:27,071 - __main__ - INFO - Starting ETL pipeline - Batch ID: 20250908082027
[2025-09-08T13:50:27.072+0530] {subprocess.py:93} INFO - 2025-09-08 13:50:27,071 - __main__ - INFO - Extracting data from table: customers
[2025-09-08T13:50:32.132+0530] {subprocess.py:93} INFO - 2025-09-08 13:50:32,131 - __main__ - INFO - Extracted 1000 records from customers
[2025-09-08T13:50:32.132+0530] {subprocess.py:93} INFO - 2025-09-08 13:50:32,131 - __main__ - INFO - Extracting data from table: products
[2025-09-08T13:50:32.233+0530] {subprocess.py:93} INFO - 2025-09-08 13:50:32,233 - __main__ - INFO - Extracted 500 records from products
[2025-09-08T13:50:32.234+0530] {subprocess.py:93} INFO - 2025-09-08 13:50:32,233 - __main__ - INFO - Extracting data from table: orders
[2025-09-08T13:50:32.344+0530] {subprocess.py:93} INFO - 2025-09-08 13:50:32,344 - __main__ - INFO - Extracted 40000 records from orders
[2025-09-08T13:50:32.344+0530] {subprocess.py:93} INFO - 2025-09-08 13:50:32,344 - __main__ - INFO - Extracting data from table: order_items
[2025-09-08T13:50:32.440+0530] {subprocess.py:93} INFO - 2025-09-08 13:50:32,440 - __main__ - INFO - Extracted 69423 records from order_items
[2025-09-08T13:50:32.441+0530] {subprocess.py:93} INFO - 2025-09-08 13:50:32,440 - __main__ - INFO - Extracting data from table: inventory
[2025-09-08T13:50:32.520+0530] {subprocess.py:93} INFO - 2025-09-08 13:50:32,520 - __main__ - INFO - Extracted 500 records from inventory
[2025-09-08T13:50:32.521+0530] {subprocess.py:93} INFO - 2025-09-08 13:50:32,520 - __main__ - INFO - Extracting data from table: clickstream
[2025-09-08T13:50:32.693+0530] {subprocess.py:93} INFO - 2025-09-08 13:50:32,693 - __main__ - INFO - Extracted 384097 records from clickstream
[2025-09-08T13:50:32.694+0530] {subprocess.py:93} INFO - 2025-09-08 13:50:32,693 - __main__ - INFO - Cleaning customer data...
[2025-09-08T13:50:33.245+0530] {subprocess.py:93} INFO - 2025-09-08 13:50:33,245 - __main__ - INFO - Customer cleaning complete. Records: 1000 -> 1000
[2025-09-08T13:50:33.246+0530] {subprocess.py:93} INFO - 2025-09-08 13:50:33,245 - __main__ - INFO - Cleaning product data...
[2025-09-08T13:50:33.688+0530] {subprocess.py:93} INFO - 2025-09-08 13:50:33,688 - __main__ - INFO - Product cleaning complete. Records: 500 -> 500
[2025-09-08T13:50:33.688+0530] {subprocess.py:93} INFO - 2025-09-08 13:50:33,688 - __main__ - INFO - Cleaning order data...
[2025-09-08T13:50:34.101+0530] {subprocess.py:93} INFO - 2025-09-08 13:50:34,101 - __main__ - INFO - Order cleaning complete. Records: 40000 -> 40000
[2025-09-08T13:50:34.485+0530] {subprocess.py:93} INFO - 2025-09-08 13:50:34,485 - __main__ - INFO - Cleaning order items data...
[2025-09-08T13:50:34.755+0530] {subprocess.py:93} INFO - 2025-09-08 13:50:34,754 - __main__ - INFO - Order items cleaning complete. Records: 69423 -> 69423
[2025-09-08T13:50:35.073+0530] {subprocess.py:93} INFO - 2025-09-08 13:50:35,073 - __main__ - INFO - Cleaning inventory data...
[2025-09-08T13:50:35.250+0530] {subprocess.py:93} INFO - 2025-09-08 13:50:35,249 - __main__ - INFO - Inventory cleaning complete. Records: 500 -> 500
[2025-09-08T13:50:35.408+0530] {subprocess.py:93} INFO - 2025-09-08 13:50:35,407 - __main__ - INFO - Cleaning clickstream data...
[2025-09-08T13:50:38.616+0530] {subprocess.py:93} INFO - 2025-09-08 13:50:38,615 - __main__ - INFO - Clickstream cleaning complete. Records: 384097 -> 384097
[2025-09-08T13:50:40.396+0530] {subprocess.py:93} INFO - 2025-09-08 13:50:40,396 - __main__ - INFO - Creating Customer 360 view...
[2025-09-08T13:50:40.733+0530] {subprocess.py:93} INFO - 2025-09-08 13:50:40,733 - __main__ - INFO - Customer 360 view created with 1000 records
[2025-09-08T13:50:40.733+0530] {subprocess.py:93} INFO - 2025-09-08 13:50:40,733 - __main__ - INFO - Creating Product Analytics view...
[2025-09-08T13:50:41.021+0530] {subprocess.py:93} INFO - 2025-09-08 13:50:41,021 - __main__ - INFO - Product Analytics view created with 500 records
[2025-09-08T13:50:41.022+0530] {subprocess.py:93} INFO - 2025-09-08 13:50:41,021 - __main__ - INFO - Generating data quality report...
[2025-09-08T13:50:41.426+0530] {subprocess.py:93} INFO - 2025-09-08 13:50:41,426 - __main__ - INFO - Loading 1000 records to dim_customers in overwrite mode...
[2025-09-08T13:50:42.666+0530] {subprocess.py:93} INFO - 2025-09-08 13:50:42,665 - __main__ - INFO - Successfully loaded data to dim_customers
[2025-09-08T13:50:42.750+0530] {subprocess.py:93} INFO - 2025-09-08 13:50:42,750 - __main__ - INFO - Loading 500 records to dim_products in overwrite mode...
[2025-09-08T13:50:43.275+0530] {subprocess.py:93} INFO - 2025-09-08 13:50:43,275 - __main__ - INFO - Successfully loaded data to dim_products
[2025-09-08T13:50:43.412+0530] {subprocess.py:93} INFO - 2025-09-08 13:50:43,412 - __main__ - INFO - Loading 40000 records to fact_orders in overwrite mode...
[2025-09-08T13:50:46.206+0530] {subprocess.py:93} INFO - 2025-09-08 13:50:46,206 - __main__ - INFO - Successfully loaded data to fact_orders
[2025-09-08T13:50:46.340+0530] {subprocess.py:93} INFO - 2025-09-08 13:50:46,340 - __main__ - INFO - Loading 69423 records to fact_order_items in overwrite mode...
[2025-09-08T13:50:49.816+0530] {subprocess.py:93} INFO - 2025-09-08 13:50:49,815 - __main__ - INFO - Successfully loaded data to fact_order_items
[2025-09-08T13:50:49.918+0530] {subprocess.py:93} INFO - 2025-09-08 13:50:49,918 - __main__ - INFO - Loading 500 records to dim_inventory in overwrite mode...
[2025-09-08T13:50:50.203+0530] {subprocess.py:93} INFO - 2025-09-08 13:50:50,202 - __main__ - INFO - Successfully loaded data to dim_inventory
[2025-09-08T13:50:52.791+0530] {subprocess.py:93} INFO - 2025-09-08 13:50:52,791 - __main__ - INFO - Loading 384097 records to fact_clickstream in overwrite mode...
[2025-09-08T13:51:24.858+0530] {subprocess.py:93} INFO - 2025-09-08 13:51:24,857 - __main__ - INFO - Successfully loaded data to fact_clickstream
[2025-09-08T13:51:24.961+0530] {subprocess.py:93} INFO - 2025-09-08 13:51:24,961 - __main__ - INFO - Loading 1000 records to analytics_customer_360 in overwrite mode...
[2025-09-08T13:51:24.970+0530] {subprocess.py:93} INFO - 25/09/08 13:51:24 WARN package: Truncated the string representation of a plan since it was too large. This behavior can be adjusted by setting 'spark.sql.debug.maxToStringFields'.
[2025-09-08T13:51:29.692+0530] {subprocess.py:93} INFO - 2025-09-08 13:51:29,692 - __main__ - INFO - Successfully loaded data to analytics_customer_360
[2025-09-08T13:51:29.811+0530] {subprocess.py:93} INFO - 2025-09-08 13:51:29,810 - __main__ - INFO - Loading 500 records to analytics_product_performance in overwrite mode...
[2025-09-08T13:51:30.079+0530] {subprocess.py:93} INFO - 25/09/08 13:51:30 WARN WindowExec: No Partition Defined for Window operation! Moving all data to a single partition, this can cause serious performance degradation.
[2025-09-08T13:51:30.083+0530] {subprocess.py:93} INFO - 25/09/08 13:51:30 WARN WindowExec: No Partition Defined for Window operation! Moving all data to a single partition, this can cause serious performance degradation.
[2025-09-08T13:51:30.085+0530] {subprocess.py:93} INFO - 25/09/08 13:51:30 WARN WindowExec: No Partition Defined for Window operation! Moving all data to a single partition, this can cause serious performance degradation.
[2025-09-08T13:51:30.205+0530] {subprocess.py:93} INFO - 25/09/08 13:51:30 WARN WindowExec: No Partition Defined for Window operation! Moving all data to a single partition, this can cause serious performance degradation.
[2025-09-08T13:51:30.208+0530] {subprocess.py:93} INFO - 25/09/08 13:51:30 WARN WindowExec: No Partition Defined for Window operation! Moving all data to a single partition, this can cause serious performance degradation.
[2025-09-08T13:51:30.250+0530] {subprocess.py:93} INFO - 25/09/08 13:51:30 WARN WindowExec: No Partition Defined for Window operation! Moving all data to a single partition, this can cause serious performance degradation.
[2025-09-08T13:51:30.261+0530] {subprocess.py:93} INFO - 25/09/08 13:51:30 WARN WindowExec: No Partition Defined for Window operation! Moving all data to a single partition, this can cause serious performance degradation.
[2025-09-08T13:51:30.312+0530] {subprocess.py:93} INFO - 25/09/08 13:51:30 WARN WindowExec: No Partition Defined for Window operation! Moving all data to a single partition, this can cause serious performance degradation.
[2025-09-08T13:51:30.314+0530] {subprocess.py:93} INFO - 25/09/08 13:51:30 WARN WindowExec: No Partition Defined for Window operation! Moving all data to a single partition, this can cause serious performance degradation.
[2025-09-08T13:51:30.344+0530] {subprocess.py:93} INFO - 25/09/08 13:51:30 WARN WindowExec: No Partition Defined for Window operation! Moving all data to a single partition, this can cause serious performance degradation.
[2025-09-08T13:51:30.345+0530] {subprocess.py:93} INFO - 25/09/08 13:51:30 WARN WindowExec: No Partition Defined for Window operation! Moving all data to a single partition, this can cause serious performance degradation.
[2025-09-08T13:51:30.474+0530] {subprocess.py:93} INFO - 25/09/08 13:51:30 WARN WindowExec: No Partition Defined for Window operation! Moving all data to a single partition, this can cause serious performance degradation.
[2025-09-08T13:51:30.475+0530] {subprocess.py:93} INFO - 25/09/08 13:51:30 WARN WindowExec: No Partition Defined for Window operation! Moving all data to a single partition, this can cause serious performance degradation.
[2025-09-08T13:51:30.529+0530] {subprocess.py:93} INFO - 25/09/08 13:51:30 WARN WindowExec: No Partition Defined for Window operation! Moving all data to a single partition, this can cause serious performance degradation.
[2025-09-08T13:51:30.536+0530] {subprocess.py:93} INFO - 25/09/08 13:51:30 WARN WindowExec: No Partition Defined for Window operation! Moving all data to a single partition, this can cause serious performance degradation.
[2025-09-08T13:51:31.206+0530] {subprocess.py:93} INFO - 25/09/08 13:51:31 WARN WindowExec: No Partition Defined for Window operation! Moving all data to a single partition, this can cause serious performance degradation.
[2025-09-08T13:51:31.208+0530] {subprocess.py:93} INFO - 25/09/08 13:51:31 WARN WindowExec: No Partition Defined for Window operation! Moving all data to a single partition, this can cause serious performance degradation.
[2025-09-08T13:51:31.678+0530] {subprocess.py:93} INFO - 25/09/08 13:51:31 WARN WindowExec: No Partition Defined for Window operation! Moving all data to a single partition, this can cause serious performance degradation.
[2025-09-08T13:51:31.679+0530] {subprocess.py:93} INFO - 25/09/08 13:51:31 WARN WindowExec: No Partition Defined for Window operation! Moving all data to a single partition, this can cause serious performance degradation.
[2025-09-08T13:51:31.851+0530] {subprocess.py:93} INFO - 25/09/08 13:51:31 WARN WindowExec: No Partition Defined for Window operation! Moving all data to a single partition, this can cause serious performance degradation.
[2025-09-08T13:51:31.852+0530] {subprocess.py:93} INFO - 25/09/08 13:51:31 WARN WindowExec: No Partition Defined for Window operation! Moving all data to a single partition, this can cause serious performance degradation.
[2025-09-08T13:51:31.894+0530] {subprocess.py:93} INFO - 25/09/08 13:51:31 WARN WindowExec: No Partition Defined for Window operation! Moving all data to a single partition, this can cause serious performance degradation.
[2025-09-08T13:51:31.894+0530] {subprocess.py:93} INFO - 25/09/08 13:51:31 WARN WindowExec: No Partition Defined for Window operation! Moving all data to a single partition, this can cause serious performance degradation.
[2025-09-08T13:51:31.928+0530] {subprocess.py:93} INFO - 25/09/08 13:51:31 WARN WindowExec: No Partition Defined for Window operation! Moving all data to a single partition, this can cause serious performance degradation.
[2025-09-08T13:51:31.928+0530] {subprocess.py:93} INFO - 25/09/08 13:51:31 WARN WindowExec: No Partition Defined for Window operation! Moving all data to a single partition, this can cause serious performance degradation.
[2025-09-08T13:51:32.313+0530] {subprocess.py:93} INFO - 2025-09-08 13:51:32,313 - __main__ - INFO - Successfully loaded data to analytics_product_performance
[2025-09-08T13:51:36.270+0530] {subprocess.py:93} INFO - 2025-09-08 13:51:36,270 - __main__ - INFO - Loading 18 records to etl_data_quality_log in append mode...
[2025-09-08T13:51:38.397+0530] {subprocess.py:93} INFO - 2025-09-08 13:51:38,397 - __main__ - INFO - Successfully loaded data to etl_data_quality_log
[2025-09-08T13:51:38.398+0530] {subprocess.py:93} INFO - 2025-09-08 13:51:38,397 - __main__ - INFO - ETL pipeline completed successfully - Batch ID: 20250908082027
[2025-09-08T13:51:38.398+0530] {subprocess.py:93} INFO - 
[2025-09-08T13:51:38.398+0530] {subprocess.py:93} INFO - ============================================================
[2025-09-08T13:51:38.398+0530] {subprocess.py:93} INFO - ETL Pipeline Summary - Batch ID: 20250908082027
[2025-09-08T13:51:38.398+0530] {subprocess.py:93} INFO - ============================================================
[2025-09-08T13:51:38.398+0530] {subprocess.py:93} INFO - 
[2025-09-08T13:51:38.398+0530] {subprocess.py:93} INFO - CUSTOMERS:
[2025-09-08T13:51:38.398+0530] {subprocess.py:93} INFO -   initial_count: 1000
[2025-09-08T13:51:38.398+0530] {subprocess.py:93} INFO -   final_count: 1000
[2025-09-08T13:51:38.398+0530] {subprocess.py:93} INFO -   duplicates_removed: 0
[2025-09-08T13:51:38.398+0530] {subprocess.py:93} INFO - 
[2025-09-08T13:51:38.398+0530] {subprocess.py:93} INFO - PRODUCTS:
[2025-09-08T13:51:38.398+0530] {subprocess.py:93} INFO -   initial_count: 500
[2025-09-08T13:51:38.398+0530] {subprocess.py:93} INFO -   final_count: 500
[2025-09-08T13:51:38.399+0530] {subprocess.py:93} INFO -   invalid_prices_removed: 0
[2025-09-08T13:51:38.399+0530] {subprocess.py:93} INFO - 
[2025-09-08T13:51:38.399+0530] {subprocess.py:93} INFO - ORDERS:
[2025-09-08T13:51:38.399+0530] {subprocess.py:93} INFO -   initial_count: 40000
[2025-09-08T13:51:38.399+0530] {subprocess.py:93} INFO -   final_count: 40000
[2025-09-08T13:51:38.399+0530] {subprocess.py:93} INFO -   amount_mismatches: 0
[2025-09-08T13:51:38.399+0530] {subprocess.py:93} INFO - 
[2025-09-08T13:51:38.399+0530] {subprocess.py:93} INFO - ORDER_ITEMS:
[2025-09-08T13:51:38.399+0530] {subprocess.py:93} INFO -   initial_count: 69423
[2025-09-08T13:51:38.399+0530] {subprocess.py:93} INFO -   final_count: 69423
[2025-09-08T13:51:38.399+0530] {subprocess.py:93} INFO -   line_total_mismatches: 0
[2025-09-08T13:51:38.399+0530] {subprocess.py:93} INFO - 
[2025-09-08T13:51:38.399+0530] {subprocess.py:93} INFO - INVENTORY:
[2025-09-08T13:51:38.399+0530] {subprocess.py:93} INFO -   initial_count: 500
[2025-09-08T13:51:38.399+0530] {subprocess.py:93} INFO -   final_count: 500
[2025-09-08T13:51:38.399+0530] {subprocess.py:93} INFO -   out_of_stock_count: 104
[2025-09-08T13:51:38.399+0530] {subprocess.py:93} INFO - 
[2025-09-08T13:51:38.399+0530] {subprocess.py:93} INFO - CLICKSTREAM:
[2025-09-08T13:51:38.399+0530] {subprocess.py:93} INFO -   initial_count: 384097
[2025-09-08T13:51:38.399+0530] {subprocess.py:93} INFO -   final_count: 384097
[2025-09-08T13:51:38.399+0530] {subprocess.py:93} INFO -   potential_bots: 0
[2025-09-08T13:51:38.399+0530] {subprocess.py:93} INFO - ============================================================
[2025-09-08T13:51:38.400+0530] {subprocess.py:93} INFO - 
[2025-09-08T13:51:40.396+0530] {subprocess.py:93} INFO - 2025-09-08 13:51:40,395 - py4j.clientserver - INFO - Closing down clientserver connection
[2025-09-08T13:51:42.076+0530] {subprocess.py:93} INFO - [2025-09-08 13:51:42] ✅ ETL Pipeline completed successfully!
[2025-09-08T13:51:42.078+0530] {subprocess.py:93} INFO - [2025-09-08 13:51:42] 🎉 Data loaded into target DB: ecom_dwh
[2025-09-08T13:51:42.080+0530] {subprocess.py:97} INFO - Command exited with return code 0
[2025-09-08T13:51:42.102+0530] {taskinstance.py:441} INFO - ::group::Post task execution logs
[2025-09-08T13:51:42.626+0530] {taskinstance.py:1206} INFO - Marking task as SUCCESS. dag_id=ecom_etl_10min, task_id=run_etl_pipeline, run_id=scheduled__2025-09-08T08:10:00+00:00, execution_date=20250908T081000, start_date=20250908T082002, end_date=20250908T082142
[2025-09-08T13:51:43.439+0530] {local_task_job_runner.py:243} INFO - Task exited with return code 0
[2025-09-08T13:51:43.449+0530] {taskinstance.py:3503} INFO - 0 downstream tasks scheduled from follow-on schedule check
[2025-09-08T13:51:43.449+0530] {local_task_job_runner.py:222} INFO - ::endgroup::
