[2025-09-08T12:57:27.466+0530] {local_task_job_runner.py:120} INFO - ::group::Pre task execution logs
[2025-09-08T12:57:27.483+0530] {taskinstance.py:2076} INFO - Dependencies all met for dep_context=non-requeueable deps ti=<TaskInstance: synth_stream_5min.run_synth_stream scheduled__2025-09-08T07:20:00+00:00 [queued]>
[2025-09-08T12:57:27.486+0530] {taskinstance.py:2076} INFO - Dependencies all met for dep_context=requeueable deps ti=<TaskInstance: synth_stream_5min.run_synth_stream scheduled__2025-09-08T07:20:00+00:00 [queued]>
[2025-09-08T12:57:27.486+0530] {taskinstance.py:2306} INFO - Starting attempt 1 of 2
[2025-09-08T12:57:27.627+0530] {taskinstance.py:2330} INFO - Executing <Task(BashOperator): run_synth_stream> on 2025-09-08 07:20:00+00:00
[2025-09-08T12:57:27.635+0530] {standard_task_runner.py:64} INFO - Started process 706089 to run task
[2025-09-08T12:57:27.642+0530] {standard_task_runner.py:90} INFO - Running: ['airflow', 'tasks', 'run', 'synth_stream_5min', 'run_synth_stream', 'scheduled__2025-09-08T07:20:00+00:00', '--job-id', '17', '--raw', '--subdir', 'DAGS_FOLDER/ecom_schedules.py', '--cfg-path', '/tmp/tmpq202wjvb']
[2025-09-08T12:57:27.645+0530] {standard_task_runner.py:91} INFO - Job 17: Subtask run_synth_stream
[2025-09-08T12:57:27.730+0530] {task_command.py:426} INFO - Running <TaskInstance: synth_stream_5min.run_synth_stream scheduled__2025-09-08T07:20:00+00:00 [running]> on host softsuave-ASUS-EXPERTCENTER-D700ME-D500ME
[2025-09-08T12:57:27.874+0530] {taskinstance.py:2648} INFO - Exporting env vars: AIRFLOW_CTX_DAG_OWNER='airflow' AIRFLOW_CTX_DAG_ID='synth_stream_5min' AIRFLOW_CTX_TASK_ID='run_synth_stream' AIRFLOW_CTX_EXECUTION_DATE='2025-09-08T07:20:00+00:00' AIRFLOW_CTX_TRY_NUMBER='1' AIRFLOW_CTX_DAG_RUN_ID='scheduled__2025-09-08T07:20:00+00:00'
[2025-09-08T12:57:27.876+0530] {taskinstance.py:430} INFO - ::endgroup::
[2025-09-08T12:57:27.876+0530] {subprocess.py:63} INFO - Tmp dir root location: /tmp
[2025-09-08T12:57:27.877+0530] {subprocess.py:75} INFO - Running command: ['/usr/bin/bash', '-c', 'bash /media/softsuave/DATA-HDD/DataEngineering/Apache_Airflow/scripts/synth/run_synth_stream.sh | cat']
[2025-09-08T12:57:27.885+0530] {subprocess.py:86} INFO - Output:
[2025-09-08T12:57:27.955+0530] {subprocess.py:93} INFO - [2025-09-08 12:57:27] 🚀 Starting Synthetic E-commerce Data Stream...
[2025-09-08T12:57:27.955+0530] {subprocess.py:93} INFO - ----------------------------------------------
[2025-09-08T12:57:27.956+0530] {subprocess.py:93} INFO -  Database   : ecom_db
[2025-09-08T12:57:27.956+0530] {subprocess.py:93} INFO -  User       : sa
[2025-09-08T12:57:27.956+0530] {subprocess.py:93} INFO -  Server     : localhost:1433
[2025-09-08T12:57:27.956+0530] {subprocess.py:93} INFO -  Interval   : 15.0 min
[2025-09-08T12:57:27.956+0530] {subprocess.py:93} INFO -  Orders     : 50
[2025-09-08T12:57:27.957+0530] {subprocess.py:93} INFO -  Clicks     : 100
[2025-09-08T12:57:27.957+0530] {subprocess.py:93} INFO -  Webhook    : http://localhost:5000/webhook
[2025-09-08T12:57:27.957+0530] {subprocess.py:93} INFO - ----------------------------------------------
[2025-09-08T12:57:27.957+0530] {subprocess.py:93} INFO - 
[2025-09-08T12:57:28.069+0530] {subprocess.py:93} INFO - [2025-09-08 12:57:28] 🔧 Activating virtual environment...
[2025-09-08T12:57:28.081+0530] {subprocess.py:93} INFO - /media/softsuave/DATA-HDD/DataEngineering/Apache_Airflow/scripts/synth/run_synth_stream.sh: line 97: syntax error near unexpected token `then'
[2025-09-08T12:57:28.081+0530] {subprocess.py:93} INFO - [2025-09-08 12:57:28] 🔍 Checking database connection...
[2025-09-08T12:57:28.082+0530] {subprocess.py:97} INFO - Command exited with return code 0
[2025-09-08T12:57:28.082+0530] {taskinstance.py:441} INFO - ::group::Post task execution logs
[2025-09-08T12:57:28.172+0530] {taskinstance.py:1206} INFO - Marking task as SUCCESS. dag_id=synth_stream_5min, task_id=run_synth_stream, run_id=scheduled__2025-09-08T07:20:00+00:00, execution_date=20250908T072000, start_date=20250908T072727, end_date=20250908T072728
[2025-09-08T12:57:28.254+0530] {local_task_job_runner.py:243} INFO - Task exited with return code 0
[2025-09-08T12:57:28.263+0530] {taskinstance.py:3503} INFO - 0 downstream tasks scheduled from follow-on schedule check
[2025-09-08T12:57:28.264+0530] {local_task_job_runner.py:222} INFO - ::endgroup::
