[2025-09-08T13:25:42.107+0530] {local_task_job_runner.py:120} INFO - ::group::Pre task execution logs
[2025-09-08T13:25:42.120+0530] {taskinstance.py:2076} INFO - Dependencies all met for dep_context=non-requeueable deps ti=<TaskInstance: ecom_etl_10min.run_etl_pipeline manual__2025-09-08T07:55:37.477609+00:00 [queued]>
[2025-09-08T13:25:42.123+0530] {taskinstance.py:2076} INFO - Dependencies all met for dep_context=requeueable deps ti=<TaskInstance: ecom_etl_10min.run_etl_pipeline manual__2025-09-08T07:55:37.477609+00:00 [queued]>
[2025-09-08T13:25:42.123+0530] {taskinstance.py:2306} INFO - Starting attempt 1 of 2
[2025-09-08T13:25:42.413+0530] {taskinstance.py:2330} INFO - Executing <Task(BashOperator): run_etl_pipeline> on 2025-09-08 07:55:37.477609+00:00
[2025-09-08T13:25:42.421+0530] {standard_task_runner.py:64} INFO - Started process 714277 to run task
[2025-09-08T13:25:42.426+0530] {standard_task_runner.py:90} INFO - Running: ['airflow', 'tasks', 'run', 'ecom_etl_10min', 'run_etl_pipeline', 'manual__2025-09-08T07:55:37.477609+00:00', '--job-id', '27', '--raw', '--subdir', 'DAGS_FOLDER/ecom_schedules.py', '--cfg-path', '/tmp/tmp9u48320r']
[2025-09-08T13:25:42.428+0530] {standard_task_runner.py:91} INFO - Job 27: Subtask run_etl_pipeline
[2025-09-08T13:25:42.712+0530] {task_command.py:426} INFO - Running <TaskInstance: ecom_etl_10min.run_etl_pipeline manual__2025-09-08T07:55:37.477609+00:00 [running]> on host softsuave-ASUS-EXPERTCENTER-D700ME-D500ME
[2025-09-08T13:25:43.164+0530] {taskinstance.py:2648} INFO - Exporting env vars: AIRFLOW_CTX_DAG_OWNER='airflow' AIRFLOW_CTX_DAG_ID='ecom_etl_10min' AIRFLOW_CTX_TASK_ID='run_etl_pipeline' AIRFLOW_CTX_EXECUTION_DATE='2025-09-08T07:55:37.477609+00:00' AIRFLOW_CTX_TRY_NUMBER='1' AIRFLOW_CTX_DAG_RUN_ID='manual__2025-09-08T07:55:37.477609+00:00'
[2025-09-08T13:25:43.166+0530] {taskinstance.py:430} INFO - ::endgroup::
[2025-09-08T13:25:43.167+0530] {subprocess.py:63} INFO - Tmp dir root location: /tmp
[2025-09-08T13:25:43.167+0530] {subprocess.py:75} INFO - Running command: ['/usr/bin/bash', '-c', 'bash /media/softsuave/DATA-HDD/DataEngineering/Apache_Airflow/scripts/etl/run_etl.sh | cat']
[2025-09-08T13:25:43.175+0530] {subprocess.py:86} INFO - Output:
[2025-09-08T13:25:43.184+0530] {subprocess.py:93} INFO - [2025-09-08 13:25:43] 🚀 Starting E-Commerce ETL Pipeline...
[2025-09-08T13:25:43.185+0530] {subprocess.py:93} INFO - ----------------------------------------
[2025-09-08T13:25:43.185+0530] {subprocess.py:93} INFO -  Source DB   : ecom_db
[2025-09-08T13:25:43.186+0530] {subprocess.py:93} INFO -  Target DB   : ecom_dwh
[2025-09-08T13:25:43.186+0530] {subprocess.py:93} INFO -  Server      : localhost:1433
[2025-09-08T13:25:43.186+0530] {subprocess.py:93} INFO -  Spark Master: local[*]
[2025-09-08T13:25:43.187+0530] {subprocess.py:93} INFO - ----------------------------------------
[2025-09-08T13:25:43.187+0530] {subprocess.py:93} INFO - 
[2025-09-08T13:25:43.187+0530] {subprocess.py:93} INFO - [2025-09-08 13:25:43] 🔄 Running ETL Pipeline with spark-submit...
[2025-09-08T13:25:47.199+0530] {subprocess.py:93} INFO - 25/09/08 13:25:47 WARN Utils: Your hostname, softsuave-ASUS-EXPERTCENTER-D700ME-D500ME resolves to a loopback address: 127.0.1.1; using 192.168.6.3 instead (on interface eno2)
[2025-09-08T13:25:47.201+0530] {subprocess.py:93} INFO - 25/09/08 13:25:47 WARN Utils: Set SPARK_LOCAL_IP if you need to bind to another address
[2025-09-08T13:25:50.736+0530] {subprocess.py:93} INFO - 25/09/08 13:25:50 WARN NativeCodeLoader: Unable to load native-hadoop library for your platform... using builtin-java classes where applicable
[2025-09-08T13:25:51.569+0530] {subprocess.py:93} INFO - 25/09/08 13:25:51 INFO SparkContext: Running Spark version 3.4.2
[2025-09-08T13:25:51.588+0530] {subprocess.py:93} INFO - 25/09/08 13:25:51 INFO ResourceUtils: ==============================================================
[2025-09-08T13:25:51.588+0530] {subprocess.py:93} INFO - 25/09/08 13:25:51 INFO ResourceUtils: No custom resources configured for spark.driver.
[2025-09-08T13:25:51.588+0530] {subprocess.py:93} INFO - 25/09/08 13:25:51 INFO ResourceUtils: ==============================================================
[2025-09-08T13:25:51.588+0530] {subprocess.py:93} INFO - 25/09/08 13:25:51 INFO SparkContext: Submitted application: ECommerce_ETL_Pipeline
[2025-09-08T13:25:51.603+0530] {subprocess.py:93} INFO - 25/09/08 13:25:51 INFO ResourceProfile: Default ResourceProfile created, executor resources: Map(cores -> name: cores, amount: 1, script: , vendor: , memory -> name: memory, amount: 1024, script: , vendor: , offHeap -> name: offHeap, amount: 0, script: , vendor: ), task resources: Map(cpus -> name: cpus, amount: 1.0)
[2025-09-08T13:25:51.610+0530] {subprocess.py:93} INFO - 25/09/08 13:25:51 INFO ResourceProfile: Limiting resource is cpu
[2025-09-08T13:25:51.610+0530] {subprocess.py:93} INFO - 25/09/08 13:25:51 INFO ResourceProfileManager: Added ResourceProfile id: 0
[2025-09-08T13:25:51.645+0530] {subprocess.py:93} INFO - 25/09/08 13:25:51 INFO SecurityManager: Changing view acls to: softsuave
[2025-09-08T13:25:51.645+0530] {subprocess.py:93} INFO - 25/09/08 13:25:51 INFO SecurityManager: Changing modify acls to: softsuave
[2025-09-08T13:25:51.646+0530] {subprocess.py:93} INFO - 25/09/08 13:25:51 INFO SecurityManager: Changing view acls groups to:
[2025-09-08T13:25:51.646+0530] {subprocess.py:93} INFO - 25/09/08 13:25:51 INFO SecurityManager: Changing modify acls groups to:
[2025-09-08T13:25:51.646+0530] {subprocess.py:93} INFO - 25/09/08 13:25:51 INFO SecurityManager: SecurityManager: authentication disabled; ui acls disabled; users with view permissions: softsuave; groups with view permissions: EMPTY; users with modify permissions: softsuave; groups with modify permissions: EMPTY
[2025-09-08T13:25:51.872+0530] {subprocess.py:93} INFO - 25/09/08 13:25:51 INFO Utils: Successfully started service 'sparkDriver' on port 36449.
[2025-09-08T13:25:51.910+0530] {subprocess.py:93} INFO - 25/09/08 13:25:51 INFO SparkEnv: Registering MapOutputTracker
[2025-09-08T13:25:51.931+0530] {subprocess.py:93} INFO - 25/09/08 13:25:51 INFO SparkEnv: Registering BlockManagerMaster
[2025-09-08T13:25:51.940+0530] {subprocess.py:93} INFO - 25/09/08 13:25:51 INFO BlockManagerMasterEndpoint: Using org.apache.spark.storage.DefaultTopologyMapper for getting topology information
[2025-09-08T13:25:51.940+0530] {subprocess.py:93} INFO - 25/09/08 13:25:51 INFO BlockManagerMasterEndpoint: BlockManagerMasterEndpoint up
[2025-09-08T13:25:51.942+0530] {subprocess.py:93} INFO - 25/09/08 13:25:51 INFO SparkEnv: Registering BlockManagerMasterHeartbeat
[2025-09-08T13:25:51.954+0530] {subprocess.py:93} INFO - 25/09/08 13:25:51 INFO DiskBlockManager: Created local directory at /tmp/blockmgr-a036bf10-d32a-490e-8a7c-7a55c8c81144
[2025-09-08T13:25:51.977+0530] {subprocess.py:93} INFO - 25/09/08 13:25:51 INFO MemoryStore: MemoryStore started with capacity 366.3 MiB
[2025-09-08T13:25:51.986+0530] {subprocess.py:93} INFO - 25/09/08 13:25:51 INFO SparkEnv: Registering OutputCommitCoordinator
[2025-09-08T13:25:52.303+0530] {subprocess.py:93} INFO - 25/09/08 13:25:52 INFO JettyUtils: Start Jetty 0.0.0.0:4040 for SparkUI
[2025-09-08T13:25:52.344+0530] {subprocess.py:93} INFO - 25/09/08 13:25:52 INFO Utils: Successfully started service 'SparkUI' on port 4040.
[2025-09-08T13:25:52.447+0530] {subprocess.py:93} INFO - 25/09/08 13:25:52 INFO SparkContext: Added JAR file:///media/softsuave/DATA-HDD/DataEngineering/Apache_Airflow/libs/jars/mssql-jdbc-12.2.0.jre8.jar at spark://192.168.6.3:36449/jars/mssql-jdbc-12.2.0.jre8.jar with timestamp 1757318151564
[2025-09-08T13:25:52.505+0530] {subprocess.py:93} INFO - 25/09/08 13:25:52 INFO Executor: Starting executor ID driver on host 192.168.6.3
[2025-09-08T13:25:52.509+0530] {subprocess.py:93} INFO - 25/09/08 13:25:52 INFO Executor: Starting executor with user classpath (userClassPathFirst = false): ''
[2025-09-08T13:25:52.519+0530] {subprocess.py:93} INFO - 25/09/08 13:25:52 INFO Executor: Fetching spark://192.168.6.3:36449/jars/mssql-jdbc-12.2.0.jre8.jar with timestamp 1757318151564
[2025-09-08T13:25:52.554+0530] {subprocess.py:93} INFO - 25/09/08 13:25:52 INFO TransportClientFactory: Successfully created connection to /192.168.6.3:36449 after 18 ms (0 ms spent in bootstraps)
[2025-09-08T13:25:52.559+0530] {subprocess.py:93} INFO - 25/09/08 13:25:52 INFO Utils: Fetching spark://192.168.6.3:36449/jars/mssql-jdbc-12.2.0.jre8.jar to /tmp/spark-10a36aa4-7842-4ed8-b133-f4c89159d574/userFiles-a922036d-1b81-459a-9a3e-6000ce2ffefd/fetchFileTemp7730898394674901731.tmp
[2025-09-08T13:25:52.601+0530] {subprocess.py:93} INFO - 25/09/08 13:25:52 INFO Executor: Adding file:/tmp/spark-10a36aa4-7842-4ed8-b133-f4c89159d574/userFiles-a922036d-1b81-459a-9a3e-6000ce2ffefd/mssql-jdbc-12.2.0.jre8.jar to class loader
[2025-09-08T13:25:52.608+0530] {subprocess.py:93} INFO - 25/09/08 13:25:52 INFO Utils: Successfully started service 'org.apache.spark.network.netty.NettyBlockTransferService' on port 37821.
[2025-09-08T13:25:52.608+0530] {subprocess.py:93} INFO - 25/09/08 13:25:52 INFO NettyBlockTransferService: Server created on 192.168.6.3:37821
[2025-09-08T13:25:52.609+0530] {subprocess.py:93} INFO - 25/09/08 13:25:52 INFO BlockManager: Using org.apache.spark.storage.RandomBlockReplicationPolicy for block replication policy
[2025-09-08T13:25:52.612+0530] {subprocess.py:93} INFO - 25/09/08 13:25:52 INFO BlockManagerMaster: Registering BlockManager BlockManagerId(driver, 192.168.6.3, 37821, None)
[2025-09-08T13:25:52.615+0530] {subprocess.py:93} INFO - 25/09/08 13:25:52 INFO BlockManagerMasterEndpoint: Registering block manager 192.168.6.3:37821 with 366.3 MiB RAM, BlockManagerId(driver, 192.168.6.3, 37821, None)
[2025-09-08T13:25:52.616+0530] {subprocess.py:93} INFO - 25/09/08 13:25:52 INFO BlockManagerMaster: Registered BlockManager BlockManagerId(driver, 192.168.6.3, 37821, None)
[2025-09-08T13:25:52.617+0530] {subprocess.py:93} INFO - 25/09/08 13:25:52 INFO BlockManager: Initialized BlockManager: BlockManagerId(driver, 192.168.6.3, 37821, None)
[2025-09-08T13:25:52.926+0530] {subprocess.py:93} INFO - 2025-09-08 13:25:52,926 - __main__ - INFO - Starting ETL pipeline - Batch ID: 20250908075552
[2025-09-08T13:25:52.926+0530] {subprocess.py:93} INFO - 2025-09-08 13:25:52,926 - __main__ - INFO - Extracting data from table: customers
[2025-09-08T13:25:58.782+0530] {subprocess.py:93} INFO - 2025-09-08 13:25:58,781 - __main__ - INFO - Extracted 1000 records from customers
[2025-09-08T13:25:58.782+0530] {subprocess.py:93} INFO - 2025-09-08 13:25:58,782 - __main__ - INFO - Extracting data from table: products
[2025-09-08T13:25:58.888+0530] {subprocess.py:93} INFO - 2025-09-08 13:25:58,888 - __main__ - INFO - Extracted 500 records from products
[2025-09-08T13:25:58.888+0530] {subprocess.py:93} INFO - 2025-09-08 13:25:58,888 - __main__ - INFO - Extracting data from table: orders
[2025-09-08T13:25:59.082+0530] {subprocess.py:93} INFO - 2025-09-08 13:25:59,082 - __main__ - INFO - Extracted 20000 records from orders
[2025-09-08T13:25:59.082+0530] {subprocess.py:93} INFO - 2025-09-08 13:25:59,082 - __main__ - INFO - Extracting data from table: order_items
[2025-09-08T13:25:59.174+0530] {subprocess.py:93} INFO - 2025-09-08 13:25:59,173 - __main__ - INFO - Extracted 34733 records from order_items
[2025-09-08T13:25:59.174+0530] {subprocess.py:93} INFO - 2025-09-08 13:25:59,173 - __main__ - INFO - Extracting data from table: inventory
[2025-09-08T13:25:59.246+0530] {subprocess.py:93} INFO - 2025-09-08 13:25:59,246 - __main__ - INFO - Extracted 500 records from inventory
[2025-09-08T13:25:59.247+0530] {subprocess.py:93} INFO - 2025-09-08 13:25:59,246 - __main__ - INFO - Extracting data from table: clickstream
[2025-09-08T13:25:59.369+0530] {subprocess.py:93} INFO - 2025-09-08 13:25:59,369 - __main__ - INFO - Extracted 192119 records from clickstream
[2025-09-08T13:25:59.369+0530] {subprocess.py:93} INFO - 2025-09-08 13:25:59,369 - __main__ - INFO - Cleaning customer data...
[2025-09-08T13:26:00.066+0530] {subprocess.py:93} INFO - 2025-09-08 13:26:00,066 - __main__ - INFO - Customer cleaning complete. Records: 1000 -> 1000
[2025-09-08T13:26:00.066+0530] {subprocess.py:93} INFO - 2025-09-08 13:26:00,066 - __main__ - INFO - Cleaning product data...
[2025-09-08T13:26:00.506+0530] {subprocess.py:93} INFO - 2025-09-08 13:26:00,506 - __main__ - INFO - Product cleaning complete. Records: 500 -> 500
[2025-09-08T13:26:00.507+0530] {subprocess.py:93} INFO - 2025-09-08 13:26:00,506 - __main__ - INFO - Cleaning order data...
[2025-09-08T13:26:01.059+0530] {subprocess.py:93} INFO - 2025-09-08 13:26:01,059 - __main__ - INFO - Order cleaning complete. Records: 20000 -> 20000
[2025-09-08T13:26:01.399+0530] {subprocess.py:93} INFO - 2025-09-08 13:26:01,399 - __main__ - INFO - Cleaning order items data...
[2025-09-08T13:26:01.633+0530] {subprocess.py:93} INFO - 2025-09-08 13:26:01,633 - __main__ - INFO - Order items cleaning complete. Records: 34733 -> 34733
[2025-09-08T13:26:02.052+0530] {subprocess.py:93} INFO - 2025-09-08 13:26:02,052 - __main__ - INFO - Cleaning inventory data...
[2025-09-08T13:26:02.237+0530] {subprocess.py:93} INFO - 2025-09-08 13:26:02,237 - __main__ - INFO - Inventory cleaning complete. Records: 500 -> 500
[2025-09-08T13:26:02.401+0530] {subprocess.py:93} INFO - 2025-09-08 13:26:02,401 - __main__ - INFO - Cleaning clickstream data...
[2025-09-08T13:26:04.868+0530] {subprocess.py:93} INFO - 2025-09-08 13:26:04,867 - __main__ - INFO - Clickstream cleaning complete. Records: 192119 -> 192119
[2025-09-08T13:26:05.756+0530] {subprocess.py:93} INFO - 2025-09-08 13:26:05,756 - __main__ - INFO - Creating Customer 360 view...
[2025-09-08T13:26:06.095+0530] {subprocess.py:93} INFO - 2025-09-08 13:26:06,095 - __main__ - INFO - Customer 360 view created with 1000 records
[2025-09-08T13:26:06.095+0530] {subprocess.py:93} INFO - 2025-09-08 13:26:06,095 - __main__ - INFO - Creating Product Analytics view...
[2025-09-08T13:26:06.442+0530] {subprocess.py:93} INFO - 2025-09-08 13:26:06,442 - __main__ - INFO - Product Analytics view created with 500 records
[2025-09-08T13:26:06.443+0530] {subprocess.py:93} INFO - 2025-09-08 13:26:06,442 - __main__ - INFO - Generating data quality report...
[2025-09-08T13:26:08.080+0530] {subprocess.py:93} INFO - 2025-09-08 13:26:08,080 - __main__ - INFO - Loading 1000 records to dim_customers in overwrite mode...
[2025-09-08T13:26:10.214+0530] {subprocess.py:93} INFO - 2025-09-08 13:26:10,213 - __main__ - INFO - Successfully loaded data to dim_customers
[2025-09-08T13:26:10.317+0530] {subprocess.py:93} INFO - 2025-09-08 13:26:10,317 - __main__ - INFO - Loading 500 records to dim_products in overwrite mode...
[2025-09-08T13:26:10.882+0530] {subprocess.py:93} INFO - 2025-09-08 13:26:10,882 - __main__ - INFO - Successfully loaded data to dim_products
[2025-09-08T13:26:10.999+0530] {subprocess.py:93} INFO - 2025-09-08 13:26:10,999 - __main__ - INFO - Loading 20000 records to fact_orders in overwrite mode...
[2025-09-08T13:26:13.891+0530] {subprocess.py:93} INFO - 2025-09-08 13:26:13,891 - __main__ - INFO - Successfully loaded data to fact_orders
[2025-09-08T13:26:13.985+0530] {subprocess.py:93} INFO - 2025-09-08 13:26:13,985 - __main__ - INFO - Loading 34733 records to fact_order_items in overwrite mode...
[2025-09-08T13:26:16.789+0530] {subprocess.py:93} INFO - 2025-09-08 13:26:16,789 - __main__ - INFO - Successfully loaded data to fact_order_items
[2025-09-08T13:26:16.866+0530] {subprocess.py:93} INFO - 2025-09-08 13:26:16,865 - __main__ - INFO - Loading 500 records to dim_inventory in overwrite mode...
[2025-09-08T13:26:17.289+0530] {subprocess.py:93} INFO - 2025-09-08 13:26:17,288 - __main__ - INFO - Successfully loaded data to dim_inventory
[2025-09-08T13:26:18.533+0530] {subprocess.py:93} INFO - 2025-09-08 13:26:18,533 - __main__ - INFO - Loading 192119 records to fact_clickstream in overwrite mode...
[2025-09-08T13:26:36.134+0530] {subprocess.py:93} INFO - 2025-09-08 13:26:36,133 - __main__ - INFO - Successfully loaded data to fact_clickstream
[2025-09-08T13:26:36.226+0530] {subprocess.py:93} INFO - 2025-09-08 13:26:36,226 - __main__ - INFO - Loading 1000 records to analytics_customer_360 in overwrite mode...
[2025-09-08T13:26:36.237+0530] {subprocess.py:93} INFO - 25/09/08 13:26:36 WARN package: Truncated the string representation of a plan since it was too large. This behavior can be adjusted by setting 'spark.sql.debug.maxToStringFields'.
[2025-09-08T13:26:40.702+0530] {subprocess.py:93} INFO - 2025-09-08 13:26:40,702 - __main__ - INFO - Successfully loaded data to analytics_customer_360
[2025-09-08T13:26:40.826+0530] {subprocess.py:93} INFO - 2025-09-08 13:26:40,826 - __main__ - INFO - Loading 500 records to analytics_product_performance in overwrite mode...
[2025-09-08T13:26:41.083+0530] {subprocess.py:93} INFO - 25/09/08 13:26:41 WARN WindowExec: No Partition Defined for Window operation! Moving all data to a single partition, this can cause serious performance degradation.
[2025-09-08T13:26:41.088+0530] {subprocess.py:93} INFO - 25/09/08 13:26:41 WARN WindowExec: No Partition Defined for Window operation! Moving all data to a single partition, this can cause serious performance degradation.
[2025-09-08T13:26:41.090+0530] {subprocess.py:93} INFO - 25/09/08 13:26:41 WARN WindowExec: No Partition Defined for Window operation! Moving all data to a single partition, this can cause serious performance degradation.
[2025-09-08T13:26:41.195+0530] {subprocess.py:93} INFO - 25/09/08 13:26:41 WARN WindowExec: No Partition Defined for Window operation! Moving all data to a single partition, this can cause serious performance degradation.
[2025-09-08T13:26:41.197+0530] {subprocess.py:93} INFO - 25/09/08 13:26:41 WARN WindowExec: No Partition Defined for Window operation! Moving all data to a single partition, this can cause serious performance degradation.
[2025-09-08T13:26:41.234+0530] {subprocess.py:93} INFO - 25/09/08 13:26:41 WARN WindowExec: No Partition Defined for Window operation! Moving all data to a single partition, this can cause serious performance degradation.
[2025-09-08T13:26:41.237+0530] {subprocess.py:93} INFO - 25/09/08 13:26:41 WARN WindowExec: No Partition Defined for Window operation! Moving all data to a single partition, this can cause serious performance degradation.
[2025-09-08T13:26:41.279+0530] {subprocess.py:93} INFO - 25/09/08 13:26:41 WARN WindowExec: No Partition Defined for Window operation! Moving all data to a single partition, this can cause serious performance degradation.
[2025-09-08T13:26:41.282+0530] {subprocess.py:93} INFO - 25/09/08 13:26:41 WARN WindowExec: No Partition Defined for Window operation! Moving all data to a single partition, this can cause serious performance degradation.
[2025-09-08T13:26:41.341+0530] {subprocess.py:93} INFO - 25/09/08 13:26:41 WARN WindowExec: No Partition Defined for Window operation! Moving all data to a single partition, this can cause serious performance degradation.
[2025-09-08T13:26:41.343+0530] {subprocess.py:93} INFO - 25/09/08 13:26:41 WARN WindowExec: No Partition Defined for Window operation! Moving all data to a single partition, this can cause serious performance degradation.
[2025-09-08T13:26:41.422+0530] {subprocess.py:93} INFO - 25/09/08 13:26:41 WARN WindowExec: No Partition Defined for Window operation! Moving all data to a single partition, this can cause serious performance degradation.
[2025-09-08T13:26:41.424+0530] {subprocess.py:93} INFO - 25/09/08 13:26:41 WARN WindowExec: No Partition Defined for Window operation! Moving all data to a single partition, this can cause serious performance degradation.
[2025-09-08T13:26:41.473+0530] {subprocess.py:93} INFO - 25/09/08 13:26:41 WARN WindowExec: No Partition Defined for Window operation! Moving all data to a single partition, this can cause serious performance degradation.
[2025-09-08T13:26:41.474+0530] {subprocess.py:93} INFO - 25/09/08 13:26:41 WARN WindowExec: No Partition Defined for Window operation! Moving all data to a single partition, this can cause serious performance degradation.
[2025-09-08T13:26:41.904+0530] {subprocess.py:93} INFO - 25/09/08 13:26:41 WARN WindowExec: No Partition Defined for Window operation! Moving all data to a single partition, this can cause serious performance degradation.
[2025-09-08T13:26:41.906+0530] {subprocess.py:93} INFO - 25/09/08 13:26:41 WARN WindowExec: No Partition Defined for Window operation! Moving all data to a single partition, this can cause serious performance degradation.
[2025-09-08T13:26:42.240+0530] {subprocess.py:93} INFO - 25/09/08 13:26:42 WARN WindowExec: No Partition Defined for Window operation! Moving all data to a single partition, this can cause serious performance degradation.
[2025-09-08T13:26:42.241+0530] {subprocess.py:93} INFO - 25/09/08 13:26:42 WARN WindowExec: No Partition Defined for Window operation! Moving all data to a single partition, this can cause serious performance degradation.
[2025-09-08T13:26:42.359+0530] {subprocess.py:93} INFO - 25/09/08 13:26:42 WARN WindowExec: No Partition Defined for Window operation! Moving all data to a single partition, this can cause serious performance degradation.
[2025-09-08T13:26:42.360+0530] {subprocess.py:93} INFO - 25/09/08 13:26:42 WARN WindowExec: No Partition Defined for Window operation! Moving all data to a single partition, this can cause serious performance degradation.
[2025-09-08T13:26:42.403+0530] {subprocess.py:93} INFO - 25/09/08 13:26:42 WARN WindowExec: No Partition Defined for Window operation! Moving all data to a single partition, this can cause serious performance degradation.
[2025-09-08T13:26:42.404+0530] {subprocess.py:93} INFO - 25/09/08 13:26:42 WARN WindowExec: No Partition Defined for Window operation! Moving all data to a single partition, this can cause serious performance degradation.
[2025-09-08T13:26:42.434+0530] {subprocess.py:93} INFO - 25/09/08 13:26:42 WARN WindowExec: No Partition Defined for Window operation! Moving all data to a single partition, this can cause serious performance degradation.
[2025-09-08T13:26:42.434+0530] {subprocess.py:93} INFO - 25/09/08 13:26:42 WARN WindowExec: No Partition Defined for Window operation! Moving all data to a single partition, this can cause serious performance degradation.
[2025-09-08T13:26:43.145+0530] {subprocess.py:93} INFO - 2025-09-08 13:26:43,145 - __main__ - INFO - Successfully loaded data to analytics_product_performance
[2025-09-08T13:26:47.842+0530] {subprocess.py:93} INFO - 2025-09-08 13:26:47,842 - __main__ - INFO - Loading 18 records to etl_data_quality_log in append mode...
[2025-09-08T13:26:49.279+0530] {subprocess.py:93} INFO - 2025-09-08 13:26:49,279 - __main__ - INFO - Successfully loaded data to etl_data_quality_log
[2025-09-08T13:26:49.279+0530] {subprocess.py:93} INFO - 2025-09-08 13:26:49,279 - __main__ - INFO - ETL pipeline completed successfully - Batch ID: 20250908075552
[2025-09-08T13:26:49.280+0530] {subprocess.py:93} INFO - 
[2025-09-08T13:26:49.280+0530] {subprocess.py:93} INFO - ============================================================
[2025-09-08T13:26:49.280+0530] {subprocess.py:93} INFO - ETL Pipeline Summary - Batch ID: 20250908075552
[2025-09-08T13:26:49.280+0530] {subprocess.py:93} INFO - ============================================================
[2025-09-08T13:26:49.280+0530] {subprocess.py:93} INFO - 
[2025-09-08T13:26:49.280+0530] {subprocess.py:93} INFO - CUSTOMERS:
[2025-09-08T13:26:49.280+0530] {subprocess.py:93} INFO -   initial_count: 1000
[2025-09-08T13:26:49.280+0530] {subprocess.py:93} INFO -   final_count: 1000
[2025-09-08T13:26:49.280+0530] {subprocess.py:93} INFO -   duplicates_removed: 0
[2025-09-08T13:26:49.280+0530] {subprocess.py:93} INFO - 
[2025-09-08T13:26:49.281+0530] {subprocess.py:93} INFO - PRODUCTS:
[2025-09-08T13:26:49.281+0530] {subprocess.py:93} INFO -   initial_count: 500
[2025-09-08T13:26:49.281+0530] {subprocess.py:93} INFO -   final_count: 500
[2025-09-08T13:26:49.281+0530] {subprocess.py:93} INFO -   invalid_prices_removed: 0
[2025-09-08T13:26:49.281+0530] {subprocess.py:93} INFO - 
[2025-09-08T13:26:49.281+0530] {subprocess.py:93} INFO - ORDERS:
[2025-09-08T13:26:49.281+0530] {subprocess.py:93} INFO -   initial_count: 20000
[2025-09-08T13:26:49.281+0530] {subprocess.py:93} INFO -   final_count: 20000
[2025-09-08T13:26:49.281+0530] {subprocess.py:93} INFO -   amount_mismatches: 0
[2025-09-08T13:26:49.281+0530] {subprocess.py:93} INFO - 
[2025-09-08T13:26:49.281+0530] {subprocess.py:93} INFO - ORDER_ITEMS:
[2025-09-08T13:26:49.281+0530] {subprocess.py:93} INFO -   initial_count: 34733
[2025-09-08T13:26:49.282+0530] {subprocess.py:93} INFO -   final_count: 34733
[2025-09-08T13:26:49.282+0530] {subprocess.py:93} INFO -   line_total_mismatches: 0
[2025-09-08T13:26:49.282+0530] {subprocess.py:93} INFO - 
[2025-09-08T13:26:49.282+0530] {subprocess.py:93} INFO - INVENTORY:
[2025-09-08T13:26:49.282+0530] {subprocess.py:93} INFO -   initial_count: 500
[2025-09-08T13:26:49.282+0530] {subprocess.py:93} INFO -   final_count: 500
[2025-09-08T13:26:49.282+0530] {subprocess.py:93} INFO -   out_of_stock_count: 44
[2025-09-08T13:26:49.282+0530] {subprocess.py:93} INFO - 
[2025-09-08T13:26:49.282+0530] {subprocess.py:93} INFO - CLICKSTREAM:
[2025-09-08T13:26:49.282+0530] {subprocess.py:93} INFO -   initial_count: 192119
[2025-09-08T13:26:49.282+0530] {subprocess.py:93} INFO -   final_count: 192119
[2025-09-08T13:26:49.282+0530] {subprocess.py:93} INFO -   potential_bots: 0
[2025-09-08T13:26:49.282+0530] {subprocess.py:93} INFO - ============================================================
[2025-09-08T13:26:49.283+0530] {subprocess.py:93} INFO - 
[2025-09-08T13:26:50.268+0530] {subprocess.py:93} INFO - 2025-09-08 13:26:50,267 - py4j.clientserver - INFO - Closing down clientserver connection
[2025-09-08T13:26:52.032+0530] {subprocess.py:93} INFO - [2025-09-08 13:26:52] ✅ ETL Pipeline completed successfully!
[2025-09-08T13:26:52.035+0530] {subprocess.py:93} INFO - [2025-09-08 13:26:52] 🎉 Data loaded into target DB: ecom_dwh
[2025-09-08T13:26:52.037+0530] {subprocess.py:97} INFO - Command exited with return code 0
[2025-09-08T13:26:52.046+0530] {taskinstance.py:441} INFO - ::group::Post task execution logs
[2025-09-08T13:26:52.168+0530] {taskinstance.py:1206} INFO - Marking task as SUCCESS. dag_id=ecom_etl_10min, task_id=run_etl_pipeline, run_id=manual__2025-09-08T07:55:37.477609+00:00, execution_date=20250908T075537, start_date=20250908T075542, end_date=20250908T075652
[2025-09-08T13:26:52.332+0530] {local_task_job_runner.py:243} INFO - Task exited with return code 0
[2025-09-08T13:26:52.349+0530] {taskinstance.py:3503} INFO - 0 downstream tasks scheduled from follow-on schedule check
[2025-09-08T13:26:52.349+0530] {local_task_job_runner.py:222} INFO - ::endgroup::
