[2025-09-08T13:40:03.079+0530] {local_task_job_runner.py:120} INFO - ::group::Pre task execution logs
[2025-09-08T13:40:03.091+0530] {taskinstance.py:2076} INFO - Dependencies all met for dep_context=non-requeueable deps ti=<TaskInstance: ecom_etl_10min.run_etl_pipeline scheduled__2025-09-08T08:00:00+00:00 [queued]>
[2025-09-08T13:40:03.094+0530] {taskinstance.py:2076} INFO - Dependencies all met for dep_context=requeueable deps ti=<TaskInstance: ecom_etl_10min.run_etl_pipeline scheduled__2025-09-08T08:00:00+00:00 [queued]>
[2025-09-08T13:40:03.094+0530] {taskinstance.py:2306} INFO - Starting attempt 1 of 2
[2025-09-08T13:40:03.156+0530] {taskinstance.py:2330} INFO - Executing <Task(BashOperator): run_etl_pipeline> on 2025-09-08 08:00:00+00:00
[2025-09-08T13:40:03.161+0530] {standard_task_runner.py:64} INFO - Started process 719057 to run task
[2025-09-08T13:40:03.167+0530] {standard_task_runner.py:90} INFO - Running: ['airflow', 'tasks', 'run', 'ecom_etl_10min', 'run_etl_pipeline', 'scheduled__2025-09-08T08:00:00+00:00', '--job-id', '31', '--raw', '--subdir', 'DAGS_FOLDER/ecom_schedules.py', '--cfg-path', '/tmp/tmpdghcdko_']
[2025-09-08T13:40:03.169+0530] {standard_task_runner.py:91} INFO - Job 31: Subtask run_etl_pipeline
[2025-09-08T13:40:03.233+0530] {task_command.py:426} INFO - Running <TaskInstance: ecom_etl_10min.run_etl_pipeline scheduled__2025-09-08T08:00:00+00:00 [running]> on host softsuave-ASUS-EXPERTCENTER-D700ME-D500ME
[2025-09-08T13:40:03.373+0530] {taskinstance.py:2648} INFO - Exporting env vars: AIRFLOW_CTX_DAG_OWNER='airflow' AIRFLOW_CTX_DAG_ID='ecom_etl_10min' AIRFLOW_CTX_TASK_ID='run_etl_pipeline' AIRFLOW_CTX_EXECUTION_DATE='2025-09-08T08:00:00+00:00' AIRFLOW_CTX_TRY_NUMBER='1' AIRFLOW_CTX_DAG_RUN_ID='scheduled__2025-09-08T08:00:00+00:00'
[2025-09-08T13:40:03.374+0530] {taskinstance.py:430} INFO - ::endgroup::
[2025-09-08T13:40:03.374+0530] {subprocess.py:63} INFO - Tmp dir root location: /tmp
[2025-09-08T13:40:03.375+0530] {subprocess.py:75} INFO - Running command: ['/usr/bin/bash', '-c', 'bash /media/softsuave/DATA-HDD/DataEngineering/Apache_Airflow/scripts/etl/run_etl.sh | cat']
[2025-09-08T13:40:03.381+0530] {subprocess.py:86} INFO - Output:
[2025-09-08T13:40:03.392+0530] {subprocess.py:93} INFO - [2025-09-08 13:40:03] 🚀 Starting E-Commerce ETL Pipeline...
[2025-09-08T13:40:03.393+0530] {subprocess.py:93} INFO - ----------------------------------------
[2025-09-08T13:40:03.393+0530] {subprocess.py:93} INFO -  Source DB   : ecom_db
[2025-09-08T13:40:03.393+0530] {subprocess.py:93} INFO -  Target DB   : ecom_dwh
[2025-09-08T13:40:03.393+0530] {subprocess.py:93} INFO -  Server      : localhost:1433
[2025-09-08T13:40:03.393+0530] {subprocess.py:93} INFO -  Spark Master: local[*]
[2025-09-08T13:40:03.394+0530] {subprocess.py:93} INFO - ----------------------------------------
[2025-09-08T13:40:03.394+0530] {subprocess.py:93} INFO - 
[2025-09-08T13:40:03.395+0530] {subprocess.py:93} INFO - [2025-09-08 13:40:03] 🔄 Running ETL Pipeline with spark-submit...
[2025-09-08T13:40:04.351+0530] {subprocess.py:93} INFO - 25/09/08 13:40:04 WARN Utils: Your hostname, softsuave-ASUS-EXPERTCENTER-D700ME-D500ME resolves to a loopback address: 127.0.1.1; using 192.168.6.3 instead (on interface eno2)
[2025-09-08T13:40:04.352+0530] {subprocess.py:93} INFO - 25/09/08 13:40:04 WARN Utils: Set SPARK_LOCAL_IP if you need to bind to another address
[2025-09-08T13:40:07.903+0530] {subprocess.py:93} INFO - 25/09/08 13:40:07 WARN NativeCodeLoader: Unable to load native-hadoop library for your platform... using builtin-java classes where applicable
[2025-09-08T13:40:08.519+0530] {subprocess.py:93} INFO - 25/09/08 13:40:08 INFO SparkContext: Running Spark version 3.4.2
[2025-09-08T13:40:08.536+0530] {subprocess.py:93} INFO - 25/09/08 13:40:08 INFO ResourceUtils: ==============================================================
[2025-09-08T13:40:08.536+0530] {subprocess.py:93} INFO - 25/09/08 13:40:08 INFO ResourceUtils: No custom resources configured for spark.driver.
[2025-09-08T13:40:08.536+0530] {subprocess.py:93} INFO - 25/09/08 13:40:08 INFO ResourceUtils: ==============================================================
[2025-09-08T13:40:08.536+0530] {subprocess.py:93} INFO - 25/09/08 13:40:08 INFO SparkContext: Submitted application: ECommerce_ETL_Pipeline
[2025-09-08T13:40:08.551+0530] {subprocess.py:93} INFO - 25/09/08 13:40:08 INFO ResourceProfile: Default ResourceProfile created, executor resources: Map(cores -> name: cores, amount: 1, script: , vendor: , memory -> name: memory, amount: 1024, script: , vendor: , offHeap -> name: offHeap, amount: 0, script: , vendor: ), task resources: Map(cpus -> name: cpus, amount: 1.0)
[2025-09-08T13:40:08.557+0530] {subprocess.py:93} INFO - 25/09/08 13:40:08 INFO ResourceProfile: Limiting resource is cpu
[2025-09-08T13:40:08.558+0530] {subprocess.py:93} INFO - 25/09/08 13:40:08 INFO ResourceProfileManager: Added ResourceProfile id: 0
[2025-09-08T13:40:08.591+0530] {subprocess.py:93} INFO - 25/09/08 13:40:08 INFO SecurityManager: Changing view acls to: softsuave
[2025-09-08T13:40:08.591+0530] {subprocess.py:93} INFO - 25/09/08 13:40:08 INFO SecurityManager: Changing modify acls to: softsuave
[2025-09-08T13:40:08.591+0530] {subprocess.py:93} INFO - 25/09/08 13:40:08 INFO SecurityManager: Changing view acls groups to:
[2025-09-08T13:40:08.591+0530] {subprocess.py:93} INFO - 25/09/08 13:40:08 INFO SecurityManager: Changing modify acls groups to:
[2025-09-08T13:40:08.592+0530] {subprocess.py:93} INFO - 25/09/08 13:40:08 INFO SecurityManager: SecurityManager: authentication disabled; ui acls disabled; users with view permissions: softsuave; groups with view permissions: EMPTY; users with modify permissions: softsuave; groups with modify permissions: EMPTY
[2025-09-08T13:40:08.759+0530] {subprocess.py:93} INFO - 25/09/08 13:40:08 INFO Utils: Successfully started service 'sparkDriver' on port 33741.
[2025-09-08T13:40:08.806+0530] {subprocess.py:93} INFO - 25/09/08 13:40:08 INFO SparkEnv: Registering MapOutputTracker
[2025-09-08T13:40:08.830+0530] {subprocess.py:93} INFO - 25/09/08 13:40:08 INFO SparkEnv: Registering BlockManagerMaster
[2025-09-08T13:40:08.840+0530] {subprocess.py:93} INFO - 25/09/08 13:40:08 INFO BlockManagerMasterEndpoint: Using org.apache.spark.storage.DefaultTopologyMapper for getting topology information
[2025-09-08T13:40:08.840+0530] {subprocess.py:93} INFO - 25/09/08 13:40:08 INFO BlockManagerMasterEndpoint: BlockManagerMasterEndpoint up
[2025-09-08T13:40:08.843+0530] {subprocess.py:93} INFO - 25/09/08 13:40:08 INFO SparkEnv: Registering BlockManagerMasterHeartbeat
[2025-09-08T13:40:08.858+0530] {subprocess.py:93} INFO - 25/09/08 13:40:08 INFO DiskBlockManager: Created local directory at /tmp/blockmgr-1cbac80c-6e8b-4875-9afc-c8f54338a865
[2025-09-08T13:40:08.869+0530] {subprocess.py:93} INFO - 25/09/08 13:40:08 INFO MemoryStore: MemoryStore started with capacity 366.3 MiB
[2025-09-08T13:40:08.880+0530] {subprocess.py:93} INFO - 25/09/08 13:40:08 INFO SparkEnv: Registering OutputCommitCoordinator
[2025-09-08T13:40:08.974+0530] {subprocess.py:93} INFO - 25/09/08 13:40:08 INFO JettyUtils: Start Jetty 0.0.0.0:4040 for SparkUI
[2025-09-08T13:40:09.017+0530] {subprocess.py:93} INFO - 25/09/08 13:40:09 INFO Utils: Successfully started service 'SparkUI' on port 4040.
[2025-09-08T13:40:09.042+0530] {subprocess.py:93} INFO - 25/09/08 13:40:09 INFO SparkContext: Added JAR file:///media/softsuave/DATA-HDD/DataEngineering/Apache_Airflow/libs/jars/mssql-jdbc-12.2.0.jre8.jar at spark://192.168.6.3:33741/jars/mssql-jdbc-12.2.0.jre8.jar with timestamp 1757319008514
[2025-09-08T13:40:09.087+0530] {subprocess.py:93} INFO - 25/09/08 13:40:09 INFO Executor: Starting executor ID driver on host 192.168.6.3
[2025-09-08T13:40:09.092+0530] {subprocess.py:93} INFO - 25/09/08 13:40:09 INFO Executor: Starting executor with user classpath (userClassPathFirst = false): ''
[2025-09-08T13:40:09.101+0530] {subprocess.py:93} INFO - 25/09/08 13:40:09 INFO Executor: Fetching spark://192.168.6.3:33741/jars/mssql-jdbc-12.2.0.jre8.jar with timestamp 1757319008514
[2025-09-08T13:40:09.182+0530] {subprocess.py:93} INFO - 25/09/08 13:40:09 INFO TransportClientFactory: Successfully created connection to /192.168.6.3:33741 after 57 ms (0 ms spent in bootstraps)
[2025-09-08T13:40:09.202+0530] {subprocess.py:93} INFO - 25/09/08 13:40:09 INFO Utils: Fetching spark://192.168.6.3:33741/jars/mssql-jdbc-12.2.0.jre8.jar to /tmp/spark-c87280dd-ca7d-4d50-8424-5235d940d6ba/userFiles-15db08f0-1ad4-4386-98c1-b5de15c233a4/fetchFileTemp2588256563228171356.tmp
[2025-09-08T13:40:09.222+0530] {subprocess.py:93} INFO - 25/09/08 13:40:09 INFO Executor: Adding file:/tmp/spark-c87280dd-ca7d-4d50-8424-5235d940d6ba/userFiles-15db08f0-1ad4-4386-98c1-b5de15c233a4/mssql-jdbc-12.2.0.jre8.jar to class loader
[2025-09-08T13:40:09.235+0530] {subprocess.py:93} INFO - 25/09/08 13:40:09 INFO Utils: Successfully started service 'org.apache.spark.network.netty.NettyBlockTransferService' on port 36369.
[2025-09-08T13:40:09.235+0530] {subprocess.py:93} INFO - 25/09/08 13:40:09 INFO NettyBlockTransferService: Server created on 192.168.6.3:36369
[2025-09-08T13:40:09.237+0530] {subprocess.py:93} INFO - 25/09/08 13:40:09 INFO BlockManager: Using org.apache.spark.storage.RandomBlockReplicationPolicy for block replication policy
[2025-09-08T13:40:09.240+0530] {subprocess.py:93} INFO - 25/09/08 13:40:09 INFO BlockManagerMaster: Registering BlockManager BlockManagerId(driver, 192.168.6.3, 36369, None)
[2025-09-08T13:40:09.242+0530] {subprocess.py:93} INFO - 25/09/08 13:40:09 INFO BlockManagerMasterEndpoint: Registering block manager 192.168.6.3:36369 with 366.3 MiB RAM, BlockManagerId(driver, 192.168.6.3, 36369, None)
[2025-09-08T13:40:09.244+0530] {subprocess.py:93} INFO - 25/09/08 13:40:09 INFO BlockManagerMaster: Registered BlockManager BlockManagerId(driver, 192.168.6.3, 36369, None)
[2025-09-08T13:40:09.245+0530] {subprocess.py:93} INFO - 25/09/08 13:40:09 INFO BlockManager: Initialized BlockManager: BlockManagerId(driver, 192.168.6.3, 36369, None)
[2025-09-08T13:40:09.615+0530] {subprocess.py:93} INFO - 2025-09-08 13:40:09,614 - __main__ - INFO - Starting ETL pipeline - Batch ID: 20250908081009
[2025-09-08T13:40:09.615+0530] {subprocess.py:93} INFO - 2025-09-08 13:40:09,615 - __main__ - INFO - Extracting data from table: customers
[2025-09-08T13:40:13.671+0530] {subprocess.py:93} INFO - 2025-09-08 13:40:13,671 - __main__ - INFO - Extracted 1000 records from customers
[2025-09-08T13:40:13.671+0530] {subprocess.py:93} INFO - 2025-09-08 13:40:13,671 - __main__ - INFO - Extracting data from table: products
[2025-09-08T13:40:13.775+0530] {subprocess.py:93} INFO - 2025-09-08 13:40:13,775 - __main__ - INFO - Extracted 500 records from products
[2025-09-08T13:40:13.775+0530] {subprocess.py:93} INFO - 2025-09-08 13:40:13,775 - __main__ - INFO - Extracting data from table: orders
[2025-09-08T13:40:13.921+0530] {subprocess.py:93} INFO - 2025-09-08 13:40:13,921 - __main__ - INFO - Extracted 30000 records from orders
[2025-09-08T13:40:13.921+0530] {subprocess.py:93} INFO - 2025-09-08 13:40:13,921 - __main__ - INFO - Extracting data from table: order_items
[2025-09-08T13:40:14.022+0530] {subprocess.py:93} INFO - 2025-09-08 13:40:14,022 - __main__ - INFO - Extracted 52039 records from order_items
[2025-09-08T13:40:14.022+0530] {subprocess.py:93} INFO - 2025-09-08 13:40:14,022 - __main__ - INFO - Extracting data from table: inventory
[2025-09-08T13:40:14.104+0530] {subprocess.py:93} INFO - 2025-09-08 13:40:14,104 - __main__ - INFO - Extracted 500 records from inventory
[2025-09-08T13:40:14.104+0530] {subprocess.py:93} INFO - 2025-09-08 13:40:14,104 - __main__ - INFO - Extracting data from table: clickstream
[2025-09-08T13:40:14.230+0530] {subprocess.py:93} INFO - 2025-09-08 13:40:14,229 - __main__ - INFO - Extracted 288074 records from clickstream
[2025-09-08T13:40:14.230+0530] {subprocess.py:93} INFO - 2025-09-08 13:40:14,229 - __main__ - INFO - Cleaning customer data...
[2025-09-08T13:40:14.817+0530] {subprocess.py:93} INFO - 2025-09-08 13:40:14,817 - __main__ - INFO - Customer cleaning complete. Records: 1000 -> 1000
[2025-09-08T13:40:14.818+0530] {subprocess.py:93} INFO - 2025-09-08 13:40:14,817 - __main__ - INFO - Cleaning product data...
[2025-09-08T13:40:15.210+0530] {subprocess.py:93} INFO - 2025-09-08 13:40:15,210 - __main__ - INFO - Product cleaning complete. Records: 500 -> 500
[2025-09-08T13:40:15.210+0530] {subprocess.py:93} INFO - 2025-09-08 13:40:15,210 - __main__ - INFO - Cleaning order data...
[2025-09-08T13:40:15.576+0530] {subprocess.py:93} INFO - 2025-09-08 13:40:15,576 - __main__ - INFO - Order cleaning complete. Records: 30000 -> 30000
[2025-09-08T13:40:15.955+0530] {subprocess.py:93} INFO - 2025-09-08 13:40:15,955 - __main__ - INFO - Cleaning order items data...
[2025-09-08T13:40:16.200+0530] {subprocess.py:93} INFO - 2025-09-08 13:40:16,200 - __main__ - INFO - Order items cleaning complete. Records: 52039 -> 52039
[2025-09-08T13:40:16.534+0530] {subprocess.py:93} INFO - 2025-09-08 13:40:16,534 - __main__ - INFO - Cleaning inventory data...
[2025-09-08T13:40:16.736+0530] {subprocess.py:93} INFO - 2025-09-08 13:40:16,736 - __main__ - INFO - Inventory cleaning complete. Records: 500 -> 500
[2025-09-08T13:40:16.914+0530] {subprocess.py:93} INFO - 2025-09-08 13:40:16,914 - __main__ - INFO - Cleaning clickstream data...
[2025-09-08T13:40:19.129+0530] {subprocess.py:93} INFO - 2025-09-08 13:40:19,129 - __main__ - INFO - Clickstream cleaning complete. Records: 288074 -> 288074
[2025-09-08T13:40:20.431+0530] {subprocess.py:93} INFO - 2025-09-08 13:40:20,430 - __main__ - INFO - Creating Customer 360 view...
[2025-09-08T13:40:20.731+0530] {subprocess.py:93} INFO - 2025-09-08 13:40:20,730 - __main__ - INFO - Customer 360 view created with 1000 records
[2025-09-08T13:40:20.731+0530] {subprocess.py:93} INFO - 2025-09-08 13:40:20,731 - __main__ - INFO - Creating Product Analytics view...
[2025-09-08T13:40:21.027+0530] {subprocess.py:93} INFO - 2025-09-08 13:40:21,027 - __main__ - INFO - Product Analytics view created with 500 records
[2025-09-08T13:40:21.027+0530] {subprocess.py:93} INFO - 2025-09-08 13:40:21,027 - __main__ - INFO - Generating data quality report...
[2025-09-08T13:40:21.295+0530] {subprocess.py:93} INFO - 2025-09-08 13:40:21,295 - __main__ - INFO - Loading 1000 records to dim_customers in overwrite mode...
[2025-09-08T13:40:22.148+0530] {subprocess.py:93} INFO - 2025-09-08 13:40:22,148 - __main__ - INFO - Successfully loaded data to dim_customers
[2025-09-08T13:40:22.244+0530] {subprocess.py:93} INFO - 2025-09-08 13:40:22,244 - __main__ - INFO - Loading 500 records to dim_products in overwrite mode...
[2025-09-08T13:40:22.743+0530] {subprocess.py:93} INFO - 2025-09-08 13:40:22,742 - __main__ - INFO - Successfully loaded data to dim_products
[2025-09-08T13:40:22.862+0530] {subprocess.py:93} INFO - 2025-09-08 13:40:22,862 - __main__ - INFO - Loading 30000 records to fact_orders in overwrite mode...
[2025-09-08T13:40:25.578+0530] {subprocess.py:93} INFO - 2025-09-08 13:40:25,578 - __main__ - INFO - Successfully loaded data to fact_orders
[2025-09-08T13:40:25.673+0530] {subprocess.py:93} INFO - 2025-09-08 13:40:25,673 - __main__ - INFO - Loading 52039 records to fact_order_items in overwrite mode...
[2025-09-08T13:40:28.138+0530] {subprocess.py:93} INFO - 2025-09-08 13:40:28,138 - __main__ - INFO - Successfully loaded data to fact_order_items
[2025-09-08T13:40:28.212+0530] {subprocess.py:93} INFO - 2025-09-08 13:40:28,212 - __main__ - INFO - Loading 500 records to dim_inventory in overwrite mode...
[2025-09-08T13:40:28.505+0530] {subprocess.py:93} INFO - 2025-09-08 13:40:28,505 - __main__ - INFO - Successfully loaded data to dim_inventory
[2025-09-08T13:40:30.264+0530] {subprocess.py:93} INFO - 2025-09-08 13:40:30,264 - __main__ - INFO - Loading 288074 records to fact_clickstream in overwrite mode...
[2025-09-08T13:40:47.523+0530] {subprocess.py:93} INFO - 2025-09-08 13:40:47,522 - __main__ - INFO - Successfully loaded data to fact_clickstream
[2025-09-08T13:40:47.629+0530] {subprocess.py:93} INFO - 2025-09-08 13:40:47,629 - __main__ - INFO - Loading 1000 records to analytics_customer_360 in overwrite mode...
[2025-09-08T13:40:47.643+0530] {subprocess.py:93} INFO - 25/09/08 13:40:47 WARN package: Truncated the string representation of a plan since it was too large. This behavior can be adjusted by setting 'spark.sql.debug.maxToStringFields'.
[2025-09-08T13:40:52.072+0530] {subprocess.py:93} INFO - 2025-09-08 13:40:52,072 - __main__ - INFO - Successfully loaded data to analytics_customer_360
[2025-09-08T13:40:52.169+0530] {subprocess.py:93} INFO - 2025-09-08 13:40:52,169 - __main__ - INFO - Loading 500 records to analytics_product_performance in overwrite mode...
[2025-09-08T13:40:52.373+0530] {subprocess.py:93} INFO - 25/09/08 13:40:52 WARN WindowExec: No Partition Defined for Window operation! Moving all data to a single partition, this can cause serious performance degradation.
[2025-09-08T13:40:52.377+0530] {subprocess.py:93} INFO - 25/09/08 13:40:52 WARN WindowExec: No Partition Defined for Window operation! Moving all data to a single partition, this can cause serious performance degradation.
[2025-09-08T13:40:52.379+0530] {subprocess.py:93} INFO - 25/09/08 13:40:52 WARN WindowExec: No Partition Defined for Window operation! Moving all data to a single partition, this can cause serious performance degradation.
[2025-09-08T13:40:52.480+0530] {subprocess.py:93} INFO - 25/09/08 13:40:52 WARN WindowExec: No Partition Defined for Window operation! Moving all data to a single partition, this can cause serious performance degradation.
[2025-09-08T13:40:52.484+0530] {subprocess.py:93} INFO - 25/09/08 13:40:52 WARN WindowExec: No Partition Defined for Window operation! Moving all data to a single partition, this can cause serious performance degradation.
[2025-09-08T13:40:52.523+0530] {subprocess.py:93} INFO - 25/09/08 13:40:52 WARN WindowExec: No Partition Defined for Window operation! Moving all data to a single partition, this can cause serious performance degradation.
[2025-09-08T13:40:52.526+0530] {subprocess.py:93} INFO - 25/09/08 13:40:52 WARN WindowExec: No Partition Defined for Window operation! Moving all data to a single partition, this can cause serious performance degradation.
[2025-09-08T13:40:52.595+0530] {subprocess.py:93} INFO - 25/09/08 13:40:52 WARN WindowExec: No Partition Defined for Window operation! Moving all data to a single partition, this can cause serious performance degradation.
[2025-09-08T13:40:52.597+0530] {subprocess.py:93} INFO - 25/09/08 13:40:52 WARN WindowExec: No Partition Defined for Window operation! Moving all data to a single partition, this can cause serious performance degradation.
[2025-09-08T13:40:52.609+0530] {subprocess.py:93} INFO - 25/09/08 13:40:52 WARN WindowExec: No Partition Defined for Window operation! Moving all data to a single partition, this can cause serious performance degradation.
[2025-09-08T13:40:52.611+0530] {subprocess.py:93} INFO - 25/09/08 13:40:52 WARN WindowExec: No Partition Defined for Window operation! Moving all data to a single partition, this can cause serious performance degradation.
[2025-09-08T13:40:52.809+0530] {subprocess.py:93} INFO - 25/09/08 13:40:52 WARN WindowExec: No Partition Defined for Window operation! Moving all data to a single partition, this can cause serious performance degradation.
[2025-09-08T13:40:52.810+0530] {subprocess.py:93} INFO - 25/09/08 13:40:52 WARN WindowExec: No Partition Defined for Window operation! Moving all data to a single partition, this can cause serious performance degradation.
[2025-09-08T13:40:52.874+0530] {subprocess.py:93} INFO - 25/09/08 13:40:52 WARN WindowExec: No Partition Defined for Window operation! Moving all data to a single partition, this can cause serious performance degradation.
[2025-09-08T13:40:52.875+0530] {subprocess.py:93} INFO - 25/09/08 13:40:52 WARN WindowExec: No Partition Defined for Window operation! Moving all data to a single partition, this can cause serious performance degradation.
[2025-09-08T13:40:53.200+0530] {subprocess.py:93} INFO - 25/09/08 13:40:53 WARN WindowExec: No Partition Defined for Window operation! Moving all data to a single partition, this can cause serious performance degradation.
[2025-09-08T13:40:53.201+0530] {subprocess.py:93} INFO - 25/09/08 13:40:53 WARN WindowExec: No Partition Defined for Window operation! Moving all data to a single partition, this can cause serious performance degradation.
[2025-09-08T13:40:53.467+0530] {subprocess.py:93} INFO - 25/09/08 13:40:53 WARN WindowExec: No Partition Defined for Window operation! Moving all data to a single partition, this can cause serious performance degradation.
[2025-09-08T13:40:53.468+0530] {subprocess.py:93} INFO - 25/09/08 13:40:53 WARN WindowExec: No Partition Defined for Window operation! Moving all data to a single partition, this can cause serious performance degradation.
[2025-09-08T13:40:53.585+0530] {subprocess.py:93} INFO - 25/09/08 13:40:53 WARN WindowExec: No Partition Defined for Window operation! Moving all data to a single partition, this can cause serious performance degradation.
[2025-09-08T13:40:53.585+0530] {subprocess.py:93} INFO - 25/09/08 13:40:53 WARN WindowExec: No Partition Defined for Window operation! Moving all data to a single partition, this can cause serious performance degradation.
[2025-09-08T13:40:53.632+0530] {subprocess.py:93} INFO - 25/09/08 13:40:53 WARN WindowExec: No Partition Defined for Window operation! Moving all data to a single partition, this can cause serious performance degradation.
[2025-09-08T13:40:53.633+0530] {subprocess.py:93} INFO - 25/09/08 13:40:53 WARN WindowExec: No Partition Defined for Window operation! Moving all data to a single partition, this can cause serious performance degradation.
[2025-09-08T13:40:53.672+0530] {subprocess.py:93} INFO - 25/09/08 13:40:53 WARN WindowExec: No Partition Defined for Window operation! Moving all data to a single partition, this can cause serious performance degradation.
[2025-09-08T13:40:53.672+0530] {subprocess.py:93} INFO - 25/09/08 13:40:53 WARN WindowExec: No Partition Defined for Window operation! Moving all data to a single partition, this can cause serious performance degradation.
[2025-09-08T13:40:53.985+0530] {subprocess.py:93} INFO - 2025-09-08 13:40:53,985 - __main__ - INFO - Successfully loaded data to analytics_product_performance
[2025-09-08T13:40:59.106+0530] {subprocess.py:93} INFO - 2025-09-08 13:40:59,106 - __main__ - INFO - Loading 18 records to etl_data_quality_log in append mode...
[2025-09-08T13:41:03.603+0530] {subprocess.py:93} INFO - 2025-09-08 13:41:03,603 - __main__ - INFO - Successfully loaded data to etl_data_quality_log
[2025-09-08T13:41:03.603+0530] {subprocess.py:93} INFO - 2025-09-08 13:41:03,603 - __main__ - INFO - ETL pipeline completed successfully - Batch ID: 20250908081009
[2025-09-08T13:41:03.603+0530] {subprocess.py:93} INFO - 
[2025-09-08T13:41:03.603+0530] {subprocess.py:93} INFO - ============================================================
[2025-09-08T13:41:03.604+0530] {subprocess.py:93} INFO - ETL Pipeline Summary - Batch ID: 20250908081009
[2025-09-08T13:41:03.604+0530] {subprocess.py:93} INFO - ============================================================
[2025-09-08T13:41:03.604+0530] {subprocess.py:93} INFO - 
[2025-09-08T13:41:03.604+0530] {subprocess.py:93} INFO - CUSTOMERS:
[2025-09-08T13:41:03.604+0530] {subprocess.py:93} INFO -   initial_count: 1000
[2025-09-08T13:41:03.604+0530] {subprocess.py:93} INFO -   final_count: 1000
[2025-09-08T13:41:03.604+0530] {subprocess.py:93} INFO -   duplicates_removed: 0
[2025-09-08T13:41:03.604+0530] {subprocess.py:93} INFO - 
[2025-09-08T13:41:03.604+0530] {subprocess.py:93} INFO - PRODUCTS:
[2025-09-08T13:41:03.604+0530] {subprocess.py:93} INFO -   initial_count: 500
[2025-09-08T13:41:03.604+0530] {subprocess.py:93} INFO -   final_count: 500
[2025-09-08T13:41:03.604+0530] {subprocess.py:93} INFO -   invalid_prices_removed: 0
[2025-09-08T13:41:03.604+0530] {subprocess.py:93} INFO - 
[2025-09-08T13:41:03.604+0530] {subprocess.py:93} INFO - ORDERS:
[2025-09-08T13:41:03.604+0530] {subprocess.py:93} INFO -   initial_count: 30000
[2025-09-08T13:41:03.604+0530] {subprocess.py:93} INFO -   final_count: 30000
[2025-09-08T13:41:03.604+0530] {subprocess.py:93} INFO -   amount_mismatches: 0
[2025-09-08T13:41:03.604+0530] {subprocess.py:93} INFO - 
[2025-09-08T13:41:03.604+0530] {subprocess.py:93} INFO - ORDER_ITEMS:
[2025-09-08T13:41:03.604+0530] {subprocess.py:93} INFO -   initial_count: 52039
[2025-09-08T13:41:03.604+0530] {subprocess.py:93} INFO -   final_count: 52039
[2025-09-08T13:41:03.604+0530] {subprocess.py:93} INFO -   line_total_mismatches: 0
[2025-09-08T13:41:03.604+0530] {subprocess.py:93} INFO - 
[2025-09-08T13:41:03.605+0530] {subprocess.py:93} INFO - INVENTORY:
[2025-09-08T13:41:03.605+0530] {subprocess.py:93} INFO -   initial_count: 500
[2025-09-08T13:41:03.605+0530] {subprocess.py:93} INFO -   final_count: 500
[2025-09-08T13:41:03.605+0530] {subprocess.py:93} INFO -   out_of_stock_count: 78
[2025-09-08T13:41:03.605+0530] {subprocess.py:93} INFO - 
[2025-09-08T13:41:03.605+0530] {subprocess.py:93} INFO - CLICKSTREAM:
[2025-09-08T13:41:03.605+0530] {subprocess.py:93} INFO -   initial_count: 288074
[2025-09-08T13:41:03.605+0530] {subprocess.py:93} INFO -   final_count: 288074
[2025-09-08T13:41:03.605+0530] {subprocess.py:93} INFO -   potential_bots: 0
[2025-09-08T13:41:03.605+0530] {subprocess.py:93} INFO - ============================================================
[2025-09-08T13:41:03.605+0530] {subprocess.py:93} INFO - 
[2025-09-08T13:41:13.545+0530] {subprocess.py:93} INFO - 2025-09-08 13:41:13,544 - py4j.clientserver - INFO - Closing down clientserver connection
[2025-09-08T13:41:19.932+0530] {subprocess.py:93} INFO - [2025-09-08 13:41:19] ✅ ETL Pipeline completed successfully!
[2025-09-08T13:41:19.936+0530] {subprocess.py:93} INFO - [2025-09-08 13:41:19] 🎉 Data loaded into target DB: ecom_dwh
[2025-09-08T13:41:19.937+0530] {subprocess.py:97} INFO - Command exited with return code 0
[2025-09-08T13:41:19.976+0530] {taskinstance.py:441} INFO - ::group::Post task execution logs
[2025-09-08T13:41:20.436+0530] {taskinstance.py:1206} INFO - Marking task as SUCCESS. dag_id=ecom_etl_10min, task_id=run_etl_pipeline, run_id=scheduled__2025-09-08T08:00:00+00:00, execution_date=20250908T080000, start_date=20250908T081003, end_date=20250908T081120
[2025-09-08T13:41:21.282+0530] {local_task_job_runner.py:243} INFO - Task exited with return code 0
[2025-09-08T13:41:21.292+0530] {taskinstance.py:3503} INFO - 0 downstream tasks scheduled from follow-on schedule check
[2025-09-08T13:41:21.292+0530] {local_task_job_runner.py:222} INFO - ::endgroup::
