[2025-09-08T14:50:04.153+0530] {local_task_job_runner.py:120} INFO - ::group::Pre task execution logs
[2025-09-08T14:50:04.165+0530] {taskinstance.py:2076} INFO - Dependencies all met for dep_context=non-requeueable deps ti=<TaskInstance: ecom_etl_10min.run_etl_pipeline scheduled__2025-09-08T09:10:00+00:00 [queued]>
[2025-09-08T14:50:04.168+0530] {taskinstance.py:2076} INFO - Dependencies all met for dep_context=requeueable deps ti=<TaskInstance: ecom_etl_10min.run_etl_pipeline scheduled__2025-09-08T09:10:00+00:00 [queued]>
[2025-09-08T14:50:04.168+0530] {taskinstance.py:2306} INFO - Starting attempt 1 of 2
[2025-09-08T14:50:04.438+0530] {taskinstance.py:2330} INFO - Executing <Task(BashOperator): run_etl_pipeline> on 2025-09-08 09:10:00+00:00
[2025-09-08T14:50:04.445+0530] {standard_task_runner.py:64} INFO - Started process 735619 to run task
[2025-09-08T14:50:04.448+0530] {standard_task_runner.py:90} INFO - Running: ['airflow', 'tasks', 'run', 'ecom_etl_10min', 'run_etl_pipeline', 'scheduled__2025-09-08T09:10:00+00:00', '--job-id', '51', '--raw', '--subdir', 'DAGS_FOLDER/ecom_schedules.py', '--cfg-path', '/tmp/tmphxfbh_1g']
[2025-09-08T14:50:04.451+0530] {standard_task_runner.py:91} INFO - Job 51: Subtask run_etl_pipeline
[2025-09-08T14:50:04.720+0530] {task_command.py:426} INFO - Running <TaskInstance: ecom_etl_10min.run_etl_pipeline scheduled__2025-09-08T09:10:00+00:00 [running]> on host softsuave-ASUS-EXPERTCENTER-D700ME-D500ME
[2025-09-08T14:50:05.101+0530] {taskinstance.py:2648} INFO - Exporting env vars: AIRFLOW_CTX_DAG_OWNER='airflow' AIRFLOW_CTX_DAG_ID='ecom_etl_10min' AIRFLOW_CTX_TASK_ID='run_etl_pipeline' AIRFLOW_CTX_EXECUTION_DATE='2025-09-08T09:10:00+00:00' AIRFLOW_CTX_TRY_NUMBER='1' AIRFLOW_CTX_DAG_RUN_ID='scheduled__2025-09-08T09:10:00+00:00'
[2025-09-08T14:50:05.103+0530] {taskinstance.py:430} INFO - ::endgroup::
[2025-09-08T14:50:05.104+0530] {subprocess.py:63} INFO - Tmp dir root location: /tmp
[2025-09-08T14:50:05.104+0530] {subprocess.py:75} INFO - Running command: ['/usr/bin/bash', '-c', 'bash /media/softsuave/DATA-HDD/DataEngineering/Apache_Airflow/scripts/etl/run_etl.sh | cat']
[2025-09-08T14:50:05.111+0530] {subprocess.py:86} INFO - Output:
[2025-09-08T14:50:05.122+0530] {subprocess.py:93} INFO - [2025-09-08 14:50:05] 🚀 Starting E-Commerce ETL Pipeline...
[2025-09-08T14:50:05.123+0530] {subprocess.py:93} INFO - ----------------------------------------
[2025-09-08T14:50:05.123+0530] {subprocess.py:93} INFO -  Source DB   : ecom_db
[2025-09-08T14:50:05.123+0530] {subprocess.py:93} INFO -  Target DB   : ecom_dwh
[2025-09-08T14:50:05.123+0530] {subprocess.py:93} INFO -  Server      : localhost:1433
[2025-09-08T14:50:05.124+0530] {subprocess.py:93} INFO -  Spark Master: local[*]
[2025-09-08T14:50:05.124+0530] {subprocess.py:93} INFO - ----------------------------------------
[2025-09-08T14:50:05.124+0530] {subprocess.py:93} INFO - 
[2025-09-08T14:50:05.125+0530] {subprocess.py:93} INFO - [2025-09-08 14:50:05] 🔄 Running ETL Pipeline with spark-submit...
[2025-09-08T14:50:23.807+0530] {subprocess.py:93} INFO - 25/09/08 14:50:23 WARN Utils: Your hostname, softsuave-ASUS-EXPERTCENTER-D700ME-D500ME resolves to a loopback address: 127.0.1.1; using 192.168.6.3 instead (on interface eno2)
[2025-09-08T14:50:23.811+0530] {subprocess.py:93} INFO - 25/09/08 14:50:23 WARN Utils: Set SPARK_LOCAL_IP if you need to bind to another address
[2025-09-08T14:50:31.372+0530] {subprocess.py:93} INFO - 25/09/08 14:50:31 WARN NativeCodeLoader: Unable to load native-hadoop library for your platform... using builtin-java classes where applicable
[2025-09-08T14:50:34.517+0530] {subprocess.py:93} INFO - 25/09/08 14:50:34 INFO SparkContext: Running Spark version 3.4.2
[2025-09-08T14:50:34.686+0530] {subprocess.py:93} INFO - 25/09/08 14:50:34 INFO ResourceUtils: ==============================================================
[2025-09-08T14:50:34.686+0530] {subprocess.py:93} INFO - 25/09/08 14:50:34 INFO ResourceUtils: No custom resources configured for spark.driver.
[2025-09-08T14:50:34.686+0530] {subprocess.py:93} INFO - 25/09/08 14:50:34 INFO ResourceUtils: ==============================================================
[2025-09-08T14:50:34.686+0530] {subprocess.py:93} INFO - 25/09/08 14:50:34 INFO SparkContext: Submitted application: ECommerce_ETL_Pipeline
[2025-09-08T14:50:34.798+0530] {subprocess.py:93} INFO - 25/09/08 14:50:34 INFO ResourceProfile: Default ResourceProfile created, executor resources: Map(cores -> name: cores, amount: 1, script: , vendor: , memory -> name: memory, amount: 1024, script: , vendor: , offHeap -> name: offHeap, amount: 0, script: , vendor: ), task resources: Map(cpus -> name: cpus, amount: 1.0)
[2025-09-08T14:50:34.805+0530] {subprocess.py:93} INFO - 25/09/08 14:50:34 INFO ResourceProfile: Limiting resource is cpu
[2025-09-08T14:50:34.805+0530] {subprocess.py:93} INFO - 25/09/08 14:50:34 INFO ResourceProfileManager: Added ResourceProfile id: 0
[2025-09-08T14:50:35.589+0530] {subprocess.py:93} INFO - 25/09/08 14:50:35 INFO SecurityManager: Changing view acls to: softsuave
[2025-09-08T14:50:35.589+0530] {subprocess.py:93} INFO - 25/09/08 14:50:35 INFO SecurityManager: Changing modify acls to: softsuave
[2025-09-08T14:50:35.589+0530] {subprocess.py:93} INFO - 25/09/08 14:50:35 INFO SecurityManager: Changing view acls groups to:
[2025-09-08T14:50:35.590+0530] {subprocess.py:93} INFO - 25/09/08 14:50:35 INFO SecurityManager: Changing modify acls groups to:
[2025-09-08T14:50:35.590+0530] {subprocess.py:93} INFO - 25/09/08 14:50:35 INFO SecurityManager: SecurityManager: authentication disabled; ui acls disabled; users with view permissions: softsuave; groups with view permissions: EMPTY; users with modify permissions: softsuave; groups with modify permissions: EMPTY
[2025-09-08T14:50:37.532+0530] {subprocess.py:93} INFO - 25/09/08 14:50:37 INFO Utils: Successfully started service 'sparkDriver' on port 42809.
[2025-09-08T14:50:38.011+0530] {subprocess.py:93} INFO - 25/09/08 14:50:38 INFO SparkEnv: Registering MapOutputTracker
[2025-09-08T14:50:38.378+0530] {subprocess.py:93} INFO - 25/09/08 14:50:38 INFO SparkEnv: Registering BlockManagerMaster
[2025-09-08T14:50:38.614+0530] {subprocess.py:93} INFO - 25/09/08 14:50:38 INFO BlockManagerMasterEndpoint: Using org.apache.spark.storage.DefaultTopologyMapper for getting topology information
[2025-09-08T14:50:38.615+0530] {subprocess.py:93} INFO - 25/09/08 14:50:38 INFO BlockManagerMasterEndpoint: BlockManagerMasterEndpoint up
[2025-09-08T14:50:38.677+0530] {subprocess.py:93} INFO - 25/09/08 14:50:38 INFO SparkEnv: Registering BlockManagerMasterHeartbeat
[2025-09-08T14:50:39.013+0530] {subprocess.py:93} INFO - 25/09/08 14:50:39 INFO DiskBlockManager: Created local directory at /tmp/blockmgr-0f44c178-694f-4a1b-a5a4-dc348a04794e
[2025-09-08T14:50:39.201+0530] {subprocess.py:93} INFO - 25/09/08 14:50:39 INFO MemoryStore: MemoryStore started with capacity 366.3 MiB
[2025-09-08T14:50:39.269+0530] {subprocess.py:93} INFO - 25/09/08 14:50:39 INFO SparkEnv: Registering OutputCommitCoordinator
[2025-09-08T14:50:41.148+0530] {subprocess.py:93} INFO - 25/09/08 14:50:41 INFO JettyUtils: Start Jetty 0.0.0.0:4040 for SparkUI
[2025-09-08T14:50:42.242+0530] {subprocess.py:93} INFO - 25/09/08 14:50:42 INFO Utils: Successfully started service 'SparkUI' on port 4040.
[2025-09-08T14:50:42.362+0530] {subprocess.py:93} INFO - 25/09/08 14:50:42 INFO SparkContext: Added JAR file:///media/softsuave/DATA-HDD/DataEngineering/Apache_Airflow/libs/jars/mssql-jdbc-12.2.0.jre8.jar at spark://192.168.6.3:42809/jars/mssql-jdbc-12.2.0.jre8.jar with timestamp 1757323234422
[2025-09-08T14:50:42.716+0530] {subprocess.py:93} INFO - 25/09/08 14:50:42 INFO Executor: Starting executor ID driver on host 192.168.6.3
[2025-09-08T14:50:42.720+0530] {subprocess.py:93} INFO - 25/09/08 14:50:42 INFO Executor: Starting executor with user classpath (userClassPathFirst = false): ''
[2025-09-08T14:50:42.771+0530] {subprocess.py:93} INFO - 25/09/08 14:50:42 INFO Executor: Fetching spark://192.168.6.3:42809/jars/mssql-jdbc-12.2.0.jre8.jar with timestamp 1757323234422
[2025-09-08T14:50:42.925+0530] {subprocess.py:93} INFO - 25/09/08 14:50:42 INFO TransportClientFactory: Successfully created connection to /192.168.6.3:42809 after 89 ms (0 ms spent in bootstraps)
[2025-09-08T14:50:42.951+0530] {subprocess.py:93} INFO - 25/09/08 14:50:42 INFO Utils: Fetching spark://192.168.6.3:42809/jars/mssql-jdbc-12.2.0.jre8.jar to /tmp/spark-388682f5-c139-4633-975f-71a36fd18699/userFiles-14127f51-04c8-4854-9e85-58a35a236bf2/fetchFileTemp9133163336827669364.tmp
[2025-09-08T14:50:43.416+0530] {subprocess.py:93} INFO - 25/09/08 14:50:43 INFO Executor: Adding file:/tmp/spark-388682f5-c139-4633-975f-71a36fd18699/userFiles-14127f51-04c8-4854-9e85-58a35a236bf2/mssql-jdbc-12.2.0.jre8.jar to class loader
[2025-09-08T14:50:43.442+0530] {subprocess.py:93} INFO - 25/09/08 14:50:43 INFO Utils: Successfully started service 'org.apache.spark.network.netty.NettyBlockTransferService' on port 43673.
[2025-09-08T14:50:43.442+0530] {subprocess.py:93} INFO - 25/09/08 14:50:43 INFO NettyBlockTransferService: Server created on 192.168.6.3:43673
[2025-09-08T14:50:43.451+0530] {subprocess.py:93} INFO - 25/09/08 14:50:43 INFO BlockManager: Using org.apache.spark.storage.RandomBlockReplicationPolicy for block replication policy
[2025-09-08T14:50:43.469+0530] {subprocess.py:93} INFO - 25/09/08 14:50:43 INFO BlockManagerMaster: Registering BlockManager BlockManagerId(driver, 192.168.6.3, 43673, None)
[2025-09-08T14:50:43.511+0530] {subprocess.py:93} INFO - 25/09/08 14:50:43 INFO BlockManagerMasterEndpoint: Registering block manager 192.168.6.3:43673 with 366.3 MiB RAM, BlockManagerId(driver, 192.168.6.3, 43673, None)
[2025-09-08T14:50:43.513+0530] {subprocess.py:93} INFO - 25/09/08 14:50:43 INFO BlockManagerMaster: Registered BlockManager BlockManagerId(driver, 192.168.6.3, 43673, None)
[2025-09-08T14:50:43.514+0530] {subprocess.py:93} INFO - 25/09/08 14:50:43 INFO BlockManager: Initialized BlockManager: BlockManagerId(driver, 192.168.6.3, 43673, None)
[2025-09-08T14:50:47.222+0530] {subprocess.py:93} INFO - 2025-09-08 14:50:47,222 - __main__ - INFO - Starting ETL pipeline - Batch ID: 20250908092047
[2025-09-08T14:50:47.223+0530] {subprocess.py:93} INFO - 2025-09-08 14:50:47,222 - __main__ - INFO - Extracting data from table: customers
[2025-09-08T14:51:11.506+0530] {subprocess.py:93} INFO - 2025-09-08 14:51:11,506 - __main__ - INFO - Extracted 1000 records from customers
[2025-09-08T14:51:11.506+0530] {subprocess.py:93} INFO - 2025-09-08 14:51:11,506 - __main__ - INFO - Extracting data from table: products
[2025-09-08T14:51:11.607+0530] {subprocess.py:93} INFO - 2025-09-08 14:51:11,607 - __main__ - INFO - Extracted 500 records from products
[2025-09-08T14:51:11.608+0530] {subprocess.py:93} INFO - 2025-09-08 14:51:11,607 - __main__ - INFO - Extracting data from table: orders
[2025-09-08T14:51:11.741+0530] {subprocess.py:93} INFO - 2025-09-08 14:51:11,741 - __main__ - INFO - Extracted 95000 records from orders
[2025-09-08T14:51:11.741+0530] {subprocess.py:93} INFO - 2025-09-08 14:51:11,741 - __main__ - INFO - Extracting data from table: order_items
[2025-09-08T14:51:11.839+0530] {subprocess.py:93} INFO - 2025-09-08 14:51:11,838 - __main__ - INFO - Extracted 164965 records from order_items
[2025-09-08T14:51:11.839+0530] {subprocess.py:93} INFO - 2025-09-08 14:51:11,838 - __main__ - INFO - Extracting data from table: inventory
[2025-09-08T14:51:11.904+0530] {subprocess.py:93} INFO - 2025-09-08 14:51:11,904 - __main__ - INFO - Extracted 500 records from inventory
[2025-09-08T14:51:11.905+0530] {subprocess.py:93} INFO - 2025-09-08 14:51:11,904 - __main__ - INFO - Extracting data from table: clickstream
[2025-09-08T14:51:12.092+0530] {subprocess.py:93} INFO - 2025-09-08 14:51:12,091 - __main__ - INFO - Extracted 912098 records from clickstream
[2025-09-08T14:51:12.092+0530] {subprocess.py:93} INFO - 2025-09-08 14:51:12,092 - __main__ - INFO - Cleaning customer data...
[2025-09-08T14:51:12.803+0530] {subprocess.py:93} INFO - 2025-09-08 14:51:12,803 - __main__ - INFO - Customer cleaning complete. Records: 1000 -> 1000
[2025-09-08T14:51:12.804+0530] {subprocess.py:93} INFO - 2025-09-08 14:51:12,803 - __main__ - INFO - Cleaning product data...
[2025-09-08T14:51:13.274+0530] {subprocess.py:93} INFO - 2025-09-08 14:51:13,274 - __main__ - INFO - Product cleaning complete. Records: 500 -> 500
[2025-09-08T14:51:13.275+0530] {subprocess.py:93} INFO - 2025-09-08 14:51:13,274 - __main__ - INFO - Cleaning order data...
[2025-09-08T14:51:14.034+0530] {subprocess.py:93} INFO - 2025-09-08 14:51:14,034 - __main__ - INFO - Order cleaning complete. Records: 95000 -> 95000
[2025-09-08T14:51:14.623+0530] {subprocess.py:93} INFO - 2025-09-08 14:51:14,623 - __main__ - INFO - Cleaning order items data...
[2025-09-08T14:51:14.931+0530] {subprocess.py:93} INFO - 2025-09-08 14:51:14,931 - __main__ - INFO - Order items cleaning complete. Records: 164965 -> 164965
[2025-09-08T14:51:15.442+0530] {subprocess.py:93} INFO - 2025-09-08 14:51:15,442 - __main__ - INFO - Cleaning inventory data...
[2025-09-08T14:51:15.589+0530] {subprocess.py:93} INFO - 2025-09-08 14:51:15,589 - __main__ - INFO - Inventory cleaning complete. Records: 500 -> 500
[2025-09-08T14:51:15.802+0530] {subprocess.py:93} INFO - 2025-09-08 14:51:15,801 - __main__ - INFO - Cleaning clickstream data...
[2025-09-08T14:51:26.790+0530] {subprocess.py:93} INFO - 2025-09-08 14:51:26,789 - __main__ - INFO - Clickstream cleaning complete. Records: 912098 -> 912098
[2025-09-08T14:51:32.460+0530] {subprocess.py:93} INFO - 2025-09-08 14:51:32,459 - __main__ - INFO - Creating Customer 360 view...
[2025-09-08T14:51:34.783+0530] {subprocess.py:93} INFO - 2025-09-08 14:51:34,783 - __main__ - INFO - Customer 360 view created with 1000 records
[2025-09-08T14:51:34.784+0530] {subprocess.py:93} INFO - 2025-09-08 14:51:34,783 - __main__ - INFO - Creating Product Analytics view...
[2025-09-08T14:51:36.423+0530] {subprocess.py:93} INFO - 2025-09-08 14:51:36,423 - __main__ - INFO - Product Analytics view created with 500 records
[2025-09-08T14:51:36.423+0530] {subprocess.py:93} INFO - 2025-09-08 14:51:36,423 - __main__ - INFO - Generating data quality report...
[2025-09-08T14:51:53.187+0530] {subprocess.py:93} INFO - 2025-09-08 14:51:53,187 - __main__ - INFO - Loading 1000 records to dim_customers in overwrite mode...
[2025-09-08T14:52:01.042+0530] {subprocess.py:93} INFO - 2025-09-08 14:52:01,041 - __main__ - INFO - Successfully loaded data to dim_customers
[2025-09-08T14:52:01.124+0530] {subprocess.py:93} INFO - 2025-09-08 14:52:01,124 - __main__ - INFO - Loading 500 records to dim_products in overwrite mode...
[2025-09-08T14:52:02.126+0530] {subprocess.py:93} INFO - 2025-09-08 14:52:02,126 - __main__ - INFO - Successfully loaded data to dim_products
[2025-09-08T14:52:02.298+0530] {subprocess.py:93} INFO - 2025-09-08 14:52:02,297 - __main__ - INFO - Loading 95000 records to fact_orders in overwrite mode...
[2025-09-08T14:52:09.317+0530] {subprocess.py:93} INFO - 2025-09-08 14:52:09,316 - __main__ - INFO - Successfully loaded data to fact_orders
[2025-09-08T14:52:09.467+0530] {subprocess.py:93} INFO - 2025-09-08 14:52:09,467 - __main__ - INFO - Loading 164965 records to fact_order_items in overwrite mode...
[2025-09-08T14:52:14.981+0530] {subprocess.py:93} INFO - 2025-09-08 14:52:14,981 - __main__ - INFO - Successfully loaded data to fact_order_items
[2025-09-08T14:52:15.060+0530] {subprocess.py:93} INFO - 2025-09-08 14:52:15,059 - __main__ - INFO - Loading 500 records to dim_inventory in overwrite mode...
[2025-09-08T14:52:15.376+0530] {subprocess.py:93} INFO - 2025-09-08 14:52:15,376 - __main__ - INFO - Successfully loaded data to dim_inventory
[2025-09-08T14:52:21.140+0530] {subprocess.py:93} INFO - 2025-09-08 14:52:21,140 - __main__ - INFO - Loading 912098 records to fact_clickstream in overwrite mode...
[2025-09-08T14:53:01.347+0530] {subprocess.py:93} INFO - 2025-09-08 14:53:01,347 - __main__ - INFO - Successfully loaded data to fact_clickstream
[2025-09-08T14:53:01.440+0530] {subprocess.py:93} INFO - 2025-09-08 14:53:01,440 - __main__ - INFO - Loading 1000 records to analytics_customer_360 in overwrite mode...
[2025-09-08T14:53:01.450+0530] {subprocess.py:93} INFO - 25/09/08 14:53:01 WARN package: Truncated the string representation of a plan since it was too large. This behavior can be adjusted by setting 'spark.sql.debug.maxToStringFields'.
[2025-09-08T14:53:14.497+0530] {subprocess.py:93} INFO - 2025-09-08 14:53:14,497 - __main__ - INFO - Successfully loaded data to analytics_customer_360
[2025-09-08T14:53:14.619+0530] {subprocess.py:93} INFO - 2025-09-08 14:53:14,618 - __main__ - INFO - Loading 500 records to analytics_product_performance in overwrite mode...
[2025-09-08T14:53:14.966+0530] {subprocess.py:93} INFO - 25/09/08 14:53:14 WARN WindowExec: No Partition Defined for Window operation! Moving all data to a single partition, this can cause serious performance degradation.
[2025-09-08T14:53:14.970+0530] {subprocess.py:93} INFO - 25/09/08 14:53:14 WARN WindowExec: No Partition Defined for Window operation! Moving all data to a single partition, this can cause serious performance degradation.
[2025-09-08T14:53:14.972+0530] {subprocess.py:93} INFO - 25/09/08 14:53:14 WARN WindowExec: No Partition Defined for Window operation! Moving all data to a single partition, this can cause serious performance degradation.
[2025-09-08T14:53:15.099+0530] {subprocess.py:93} INFO - 25/09/08 14:53:15 WARN WindowExec: No Partition Defined for Window operation! Moving all data to a single partition, this can cause serious performance degradation.
[2025-09-08T14:53:15.101+0530] {subprocess.py:93} INFO - 25/09/08 14:53:15 WARN WindowExec: No Partition Defined for Window operation! Moving all data to a single partition, this can cause serious performance degradation.
[2025-09-08T14:53:15.144+0530] {subprocess.py:93} INFO - 25/09/08 14:53:15 WARN WindowExec: No Partition Defined for Window operation! Moving all data to a single partition, this can cause serious performance degradation.
[2025-09-08T14:53:15.146+0530] {subprocess.py:93} INFO - 25/09/08 14:53:15 WARN WindowExec: No Partition Defined for Window operation! Moving all data to a single partition, this can cause serious performance degradation.
[2025-09-08T14:53:15.192+0530] {subprocess.py:93} INFO - 25/09/08 14:53:15 WARN WindowExec: No Partition Defined for Window operation! Moving all data to a single partition, this can cause serious performance degradation.
[2025-09-08T14:53:15.193+0530] {subprocess.py:93} INFO - 25/09/08 14:53:15 WARN WindowExec: No Partition Defined for Window operation! Moving all data to a single partition, this can cause serious performance degradation.
[2025-09-08T14:53:15.203+0530] {subprocess.py:93} INFO - 25/09/08 14:53:15 WARN WindowExec: No Partition Defined for Window operation! Moving all data to a single partition, this can cause serious performance degradation.
[2025-09-08T14:53:15.205+0530] {subprocess.py:93} INFO - 25/09/08 14:53:15 WARN WindowExec: No Partition Defined for Window operation! Moving all data to a single partition, this can cause serious performance degradation.
[2025-09-08T14:53:15.543+0530] {subprocess.py:93} INFO - 25/09/08 14:53:15 WARN WindowExec: No Partition Defined for Window operation! Moving all data to a single partition, this can cause serious performance degradation.
[2025-09-08T14:53:15.545+0530] {subprocess.py:93} INFO - 25/09/08 14:53:15 WARN WindowExec: No Partition Defined for Window operation! Moving all data to a single partition, this can cause serious performance degradation.
[2025-09-08T14:53:15.798+0530] {subprocess.py:93} INFO - 25/09/08 14:53:15 WARN WindowExec: No Partition Defined for Window operation! Moving all data to a single partition, this can cause serious performance degradation.
[2025-09-08T14:53:15.799+0530] {subprocess.py:93} INFO - 25/09/08 14:53:15 WARN WindowExec: No Partition Defined for Window operation! Moving all data to a single partition, this can cause serious performance degradation.
[2025-09-08T14:53:15.851+0530] {subprocess.py:93} INFO - 25/09/08 14:53:15 WARN WindowExec: No Partition Defined for Window operation! Moving all data to a single partition, this can cause serious performance degradation.
[2025-09-08T14:53:15.852+0530] {subprocess.py:93} INFO - 25/09/08 14:53:15 WARN WindowExec: No Partition Defined for Window operation! Moving all data to a single partition, this can cause serious performance degradation.
[2025-09-08T14:53:19.620+0530] {subprocess.py:93} INFO - 25/09/08 14:53:19 WARN WindowExec: No Partition Defined for Window operation! Moving all data to a single partition, this can cause serious performance degradation.
[2025-09-08T14:53:19.621+0530] {subprocess.py:93} INFO - 25/09/08 14:53:19 WARN WindowExec: No Partition Defined for Window operation! Moving all data to a single partition, this can cause serious performance degradation.
[2025-09-08T14:53:20.414+0530] {subprocess.py:93} INFO - 25/09/08 14:53:20 WARN WindowExec: No Partition Defined for Window operation! Moving all data to a single partition, this can cause serious performance degradation.
[2025-09-08T14:53:20.415+0530] {subprocess.py:93} INFO - 25/09/08 14:53:20 WARN WindowExec: No Partition Defined for Window operation! Moving all data to a single partition, this can cause serious performance degradation.
[2025-09-08T14:53:20.665+0530] {subprocess.py:93} INFO - 25/09/08 14:53:20 WARN WindowExec: No Partition Defined for Window operation! Moving all data to a single partition, this can cause serious performance degradation.
[2025-09-08T14:53:20.666+0530] {subprocess.py:93} INFO - 25/09/08 14:53:20 WARN WindowExec: No Partition Defined for Window operation! Moving all data to a single partition, this can cause serious performance degradation.
[2025-09-08T14:53:20.717+0530] {subprocess.py:93} INFO - 25/09/08 14:53:20 WARN WindowExec: No Partition Defined for Window operation! Moving all data to a single partition, this can cause serious performance degradation.
[2025-09-08T14:53:20.717+0530] {subprocess.py:93} INFO - 25/09/08 14:53:20 WARN WindowExec: No Partition Defined for Window operation! Moving all data to a single partition, this can cause serious performance degradation.
[2025-09-08T14:53:20.750+0530] {subprocess.py:93} INFO - 25/09/08 14:53:20 WARN WindowExec: No Partition Defined for Window operation! Moving all data to a single partition, this can cause serious performance degradation.
[2025-09-08T14:53:20.750+0530] {subprocess.py:93} INFO - 25/09/08 14:53:20 WARN WindowExec: No Partition Defined for Window operation! Moving all data to a single partition, this can cause serious performance degradation.
[2025-09-08T14:53:21.301+0530] {subprocess.py:93} INFO - 2025-09-08 14:53:21,301 - __main__ - INFO - Successfully loaded data to analytics_product_performance
[2025-09-08T14:53:32.920+0530] {subprocess.py:93} INFO - 2025-09-08 14:53:32,920 - __main__ - INFO - Loading 18 records to etl_data_quality_log in append mode...
[2025-09-08T14:53:33.360+0530] {subprocess.py:93} INFO - 2025-09-08 14:53:33,360 - __main__ - INFO - Successfully loaded data to etl_data_quality_log
[2025-09-08T14:53:33.360+0530] {subprocess.py:93} INFO - 2025-09-08 14:53:33,360 - __main__ - INFO - ETL pipeline completed successfully - Batch ID: 20250908092047
[2025-09-08T14:53:33.360+0530] {subprocess.py:93} INFO - 
[2025-09-08T14:53:33.360+0530] {subprocess.py:93} INFO - ============================================================
[2025-09-08T14:53:33.360+0530] {subprocess.py:93} INFO - ETL Pipeline Summary - Batch ID: 20250908092047
[2025-09-08T14:53:33.360+0530] {subprocess.py:93} INFO - ============================================================
[2025-09-08T14:53:33.361+0530] {subprocess.py:93} INFO - 
[2025-09-08T14:53:33.361+0530] {subprocess.py:93} INFO - CUSTOMERS:
[2025-09-08T14:53:33.361+0530] {subprocess.py:93} INFO -   initial_count: 1000
[2025-09-08T14:53:33.361+0530] {subprocess.py:93} INFO -   final_count: 1000
[2025-09-08T14:53:33.361+0530] {subprocess.py:93} INFO -   duplicates_removed: 0
[2025-09-08T14:53:33.361+0530] {subprocess.py:93} INFO - 
[2025-09-08T14:53:33.361+0530] {subprocess.py:93} INFO - PRODUCTS:
[2025-09-08T14:53:33.361+0530] {subprocess.py:93} INFO -   initial_count: 500
[2025-09-08T14:53:33.361+0530] {subprocess.py:93} INFO -   final_count: 500
[2025-09-08T14:53:33.361+0530] {subprocess.py:93} INFO -   invalid_prices_removed: 0
[2025-09-08T14:53:33.362+0530] {subprocess.py:93} INFO - 
[2025-09-08T14:53:33.362+0530] {subprocess.py:93} INFO - ORDERS:
[2025-09-08T14:53:33.362+0530] {subprocess.py:93} INFO -   initial_count: 95000
[2025-09-08T14:53:33.362+0530] {subprocess.py:93} INFO -   final_count: 95000
[2025-09-08T14:53:33.362+0530] {subprocess.py:93} INFO -   amount_mismatches: 0
[2025-09-08T14:53:33.362+0530] {subprocess.py:93} INFO - 
[2025-09-08T14:53:33.362+0530] {subprocess.py:93} INFO - ORDER_ITEMS:
[2025-09-08T14:53:33.362+0530] {subprocess.py:93} INFO -   initial_count: 164965
[2025-09-08T14:53:33.362+0530] {subprocess.py:93} INFO -   final_count: 164965
[2025-09-08T14:53:33.362+0530] {subprocess.py:93} INFO -   line_total_mismatches: 0
[2025-09-08T14:53:33.363+0530] {subprocess.py:93} INFO - 
[2025-09-08T14:53:33.363+0530] {subprocess.py:93} INFO - INVENTORY:
[2025-09-08T14:53:33.363+0530] {subprocess.py:93} INFO -   initial_count: 500
[2025-09-08T14:53:33.363+0530] {subprocess.py:93} INFO -   final_count: 500
[2025-09-08T14:53:33.363+0530] {subprocess.py:93} INFO -   out_of_stock_count: 208
[2025-09-08T14:53:33.363+0530] {subprocess.py:93} INFO - 
[2025-09-08T14:53:33.363+0530] {subprocess.py:93} INFO - CLICKSTREAM:
[2025-09-08T14:53:33.363+0530] {subprocess.py:93} INFO -   initial_count: 912098
[2025-09-08T14:53:33.363+0530] {subprocess.py:93} INFO -   final_count: 912098
[2025-09-08T14:53:33.363+0530] {subprocess.py:93} INFO -   potential_bots: 0
[2025-09-08T14:53:33.363+0530] {subprocess.py:93} INFO - ============================================================
[2025-09-08T14:53:33.364+0530] {subprocess.py:93} INFO - 
[2025-09-08T14:53:35.345+0530] {subprocess.py:93} INFO - 2025-09-08 14:53:35,345 - py4j.clientserver - INFO - Closing down clientserver connection
[2025-09-08T14:53:36.930+0530] {subprocess.py:93} INFO - [2025-09-08 14:53:36] ✅ ETL Pipeline completed successfully!
[2025-09-08T14:53:36.932+0530] {subprocess.py:93} INFO - [2025-09-08 14:53:36] 🎉 Data loaded into target DB: ecom_dwh
[2025-09-08T14:53:36.932+0530] {subprocess.py:97} INFO - Command exited with return code 0
[2025-09-08T14:53:36.933+0530] {taskinstance.py:441} INFO - ::group::Post task execution logs
[2025-09-08T14:53:37.738+0530] {taskinstance.py:1206} INFO - Marking task as SUCCESS. dag_id=ecom_etl_10min, task_id=run_etl_pipeline, run_id=scheduled__2025-09-08T09:10:00+00:00, execution_date=20250908T091000, start_date=20250908T092004, end_date=20250908T092337
[2025-09-08T14:53:39.090+0530] {local_task_job_runner.py:243} INFO - Task exited with return code 0
[2025-09-08T14:53:39.101+0530] {taskinstance.py:3503} INFO - 0 downstream tasks scheduled from follow-on schedule check
[2025-09-08T14:53:39.101+0530] {local_task_job_runner.py:222} INFO - ::endgroup::
