[2025-09-08T12:56:38.418+0530] {local_task_job_runner.py:120} INFO - ::group::Pre task execution logs
[2025-09-08T12:56:38.431+0530] {taskinstance.py:2076} INFO - Dependencies all met for dep_context=non-requeueable deps ti=<TaskInstance: ecom_etl_10min.run_etl_pipeline scheduled__2025-09-08T07:10:00+00:00 [queued]>
[2025-09-08T12:56:38.434+0530] {taskinstance.py:2076} INFO - Dependencies all met for dep_context=requeueable deps ti=<TaskInstance: ecom_etl_10min.run_etl_pipeline scheduled__2025-09-08T07:10:00+00:00 [queued]>
[2025-09-08T12:56:38.434+0530] {taskinstance.py:2306} INFO - Starting attempt 1 of 2
[2025-09-08T12:56:38.504+0530] {taskinstance.py:2330} INFO - Executing <Task(BashOperator): run_etl_pipeline> on 2025-09-08 07:10:00+00:00
[2025-09-08T12:56:38.512+0530] {standard_task_runner.py:64} INFO - Started process 705433 to run task
[2025-09-08T12:56:38.518+0530] {standard_task_runner.py:90} INFO - Running: ['airflow', 'tasks', 'run', 'ecom_etl_10min', 'run_etl_pipeline', 'scheduled__2025-09-08T07:10:00+00:00', '--job-id', '16', '--raw', '--subdir', 'DAGS_FOLDER/ecom_schedules.py', '--cfg-path', '/tmp/tmp0uu5vbpp']
[2025-09-08T12:56:38.521+0530] {standard_task_runner.py:91} INFO - Job 16: Subtask run_etl_pipeline
[2025-09-08T12:56:38.608+0530] {task_command.py:426} INFO - Running <TaskInstance: ecom_etl_10min.run_etl_pipeline scheduled__2025-09-08T07:10:00+00:00 [running]> on host softsuave-ASUS-EXPERTCENTER-D700ME-D500ME
[2025-09-08T12:56:38.759+0530] {taskinstance.py:2648} INFO - Exporting env vars: AIRFLOW_CTX_DAG_OWNER='airflow' AIRFLOW_CTX_DAG_ID='ecom_etl_10min' AIRFLOW_CTX_TASK_ID='run_etl_pipeline' AIRFLOW_CTX_EXECUTION_DATE='2025-09-08T07:10:00+00:00' AIRFLOW_CTX_TRY_NUMBER='1' AIRFLOW_CTX_DAG_RUN_ID='scheduled__2025-09-08T07:10:00+00:00'
[2025-09-08T12:56:38.760+0530] {taskinstance.py:430} INFO - ::endgroup::
[2025-09-08T12:56:38.761+0530] {subprocess.py:63} INFO - Tmp dir root location: /tmp
[2025-09-08T12:56:38.761+0530] {subprocess.py:75} INFO - Running command: ['/usr/bin/bash', '-c', 'bash /media/softsuave/DATA-HDD/DataEngineering/Apache_Airflow/scripts/etl/run_etl.sh | cat']
[2025-09-08T12:56:38.768+0530] {subprocess.py:86} INFO - Output:
[2025-09-08T12:56:38.801+0530] {subprocess.py:93} INFO - [2025-09-08 12:56:38] 🚀 Starting E-Commerce ETL Pipeline...
[2025-09-08T12:56:38.801+0530] {subprocess.py:93} INFO - ----------------------------------------
[2025-09-08T12:56:38.801+0530] {subprocess.py:93} INFO -  Source DB   : ecom_db
[2025-09-08T12:56:38.802+0530] {subprocess.py:93} INFO -  Target DB   : ecom_dwh
[2025-09-08T12:56:38.802+0530] {subprocess.py:93} INFO -  Server      : localhost:1433
[2025-09-08T12:56:38.802+0530] {subprocess.py:93} INFO -  Spark Master: local[*]
[2025-09-08T12:56:38.802+0530] {subprocess.py:93} INFO - ----------------------------------------
[2025-09-08T12:56:38.802+0530] {subprocess.py:93} INFO - 
[2025-09-08T12:56:38.802+0530] {subprocess.py:93} INFO - [2025-09-08 12:56:38] 🔄 Running ETL Pipeline with spark-submit...
[2025-09-08T12:56:41.192+0530] {subprocess.py:93} INFO - 25/09/08 12:56:41 WARN Utils: Your hostname, softsuave-ASUS-EXPERTCENTER-D700ME-D500ME resolves to a loopback address: 127.0.1.1; using 192.168.6.3 instead (on interface eno2)
[2025-09-08T12:56:41.194+0530] {subprocess.py:93} INFO - 25/09/08 12:56:41 WARN Utils: Set SPARK_LOCAL_IP if you need to bind to another address
[2025-09-08T12:56:44.579+0530] {subprocess.py:93} INFO - 25/09/08 12:56:44 WARN NativeCodeLoader: Unable to load native-hadoop library for your platform... using builtin-java classes where applicable
[2025-09-08T12:56:45.245+0530] {subprocess.py:93} INFO - 25/09/08 12:56:45 INFO SparkContext: Running Spark version 3.4.2
[2025-09-08T12:56:45.274+0530] {subprocess.py:93} INFO - 25/09/08 12:56:45 INFO ResourceUtils: ==============================================================
[2025-09-08T12:56:45.274+0530] {subprocess.py:93} INFO - 25/09/08 12:56:45 INFO ResourceUtils: No custom resources configured for spark.driver.
[2025-09-08T12:56:45.274+0530] {subprocess.py:93} INFO - 25/09/08 12:56:45 INFO ResourceUtils: ==============================================================
[2025-09-08T12:56:45.275+0530] {subprocess.py:93} INFO - 25/09/08 12:56:45 INFO SparkContext: Submitted application: ECommerce_ETL_Pipeline
[2025-09-08T12:56:45.293+0530] {subprocess.py:93} INFO - 25/09/08 12:56:45 INFO ResourceProfile: Default ResourceProfile created, executor resources: Map(cores -> name: cores, amount: 1, script: , vendor: , memory -> name: memory, amount: 1024, script: , vendor: , offHeap -> name: offHeap, amount: 0, script: , vendor: ), task resources: Map(cpus -> name: cpus, amount: 1.0)
[2025-09-08T12:56:45.300+0530] {subprocess.py:93} INFO - 25/09/08 12:56:45 INFO ResourceProfile: Limiting resource is cpu
[2025-09-08T12:56:45.300+0530] {subprocess.py:93} INFO - 25/09/08 12:56:45 INFO ResourceProfileManager: Added ResourceProfile id: 0
[2025-09-08T12:56:45.373+0530] {subprocess.py:93} INFO - 25/09/08 12:56:45 INFO SecurityManager: Changing view acls to: softsuave
[2025-09-08T12:56:45.373+0530] {subprocess.py:93} INFO - 25/09/08 12:56:45 INFO SecurityManager: Changing modify acls to: softsuave
[2025-09-08T12:56:45.373+0530] {subprocess.py:93} INFO - 25/09/08 12:56:45 INFO SecurityManager: Changing view acls groups to:
[2025-09-08T12:56:45.373+0530] {subprocess.py:93} INFO - 25/09/08 12:56:45 INFO SecurityManager: Changing modify acls groups to:
[2025-09-08T12:56:45.374+0530] {subprocess.py:93} INFO - 25/09/08 12:56:45 INFO SecurityManager: SecurityManager: authentication disabled; ui acls disabled; users with view permissions: softsuave; groups with view permissions: EMPTY; users with modify permissions: softsuave; groups with modify permissions: EMPTY
[2025-09-08T12:56:45.558+0530] {subprocess.py:93} INFO - 25/09/08 12:56:45 INFO Utils: Successfully started service 'sparkDriver' on port 34577.
[2025-09-08T12:56:45.622+0530] {subprocess.py:93} INFO - 25/09/08 12:56:45 INFO SparkEnv: Registering MapOutputTracker
[2025-09-08T12:56:45.660+0530] {subprocess.py:93} INFO - 25/09/08 12:56:45 INFO SparkEnv: Registering BlockManagerMaster
[2025-09-08T12:56:45.673+0530] {subprocess.py:93} INFO - 25/09/08 12:56:45 INFO BlockManagerMasterEndpoint: Using org.apache.spark.storage.DefaultTopologyMapper for getting topology information
[2025-09-08T12:56:45.674+0530] {subprocess.py:93} INFO - 25/09/08 12:56:45 INFO BlockManagerMasterEndpoint: BlockManagerMasterEndpoint up
[2025-09-08T12:56:45.679+0530] {subprocess.py:93} INFO - 25/09/08 12:56:45 INFO SparkEnv: Registering BlockManagerMasterHeartbeat
[2025-09-08T12:56:45.706+0530] {subprocess.py:93} INFO - 25/09/08 12:56:45 INFO DiskBlockManager: Created local directory at /tmp/blockmgr-cfb6598c-28f4-4a7b-8c70-5a2d3827ceef
[2025-09-08T12:56:45.719+0530] {subprocess.py:93} INFO - 25/09/08 12:56:45 INFO MemoryStore: MemoryStore started with capacity 366.3 MiB
[2025-09-08T12:56:45.729+0530] {subprocess.py:93} INFO - 25/09/08 12:56:45 INFO SparkEnv: Registering OutputCommitCoordinator
[2025-09-08T12:56:45.857+0530] {subprocess.py:93} INFO - 25/09/08 12:56:45 INFO JettyUtils: Start Jetty 0.0.0.0:4040 for SparkUI
[2025-09-08T12:56:45.909+0530] {subprocess.py:93} INFO - 25/09/08 12:56:45 INFO Utils: Successfully started service 'SparkUI' on port 4040.
[2025-09-08T12:56:45.932+0530] {subprocess.py:93} INFO - 25/09/08 12:56:45 INFO SparkContext: Added JAR file:///media/softsuave/DATA-HDD/DataEngineering/Apache_Airflow/libs/jars/mssql-jdbc-12.2.0.jre8.jar at spark://192.168.6.3:34577/jars/mssql-jdbc-12.2.0.jre8.jar with timestamp 1757316405238
[2025-09-08T12:56:45.981+0530] {subprocess.py:93} INFO - 25/09/08 12:56:45 INFO Executor: Starting executor ID driver on host 192.168.6.3
[2025-09-08T12:56:45.985+0530] {subprocess.py:93} INFO - 25/09/08 12:56:45 INFO Executor: Starting executor with user classpath (userClassPathFirst = false): ''
[2025-09-08T12:56:45.991+0530] {subprocess.py:93} INFO - 25/09/08 12:56:45 INFO Executor: Fetching spark://192.168.6.3:34577/jars/mssql-jdbc-12.2.0.jre8.jar with timestamp 1757316405238
[2025-09-08T12:56:46.027+0530] {subprocess.py:93} INFO - 25/09/08 12:56:46 INFO TransportClientFactory: Successfully created connection to /192.168.6.3:34577 after 21 ms (0 ms spent in bootstraps)
[2025-09-08T12:56:46.031+0530] {subprocess.py:93} INFO - 25/09/08 12:56:46 INFO Utils: Fetching spark://192.168.6.3:34577/jars/mssql-jdbc-12.2.0.jre8.jar to /tmp/spark-3ce9768b-3c08-4357-af16-4b330654d6fe/userFiles-46937e95-b95a-4b79-9185-f7b61c381967/fetchFileTemp3833344211866835829.tmp
[2025-09-08T12:56:46.068+0530] {subprocess.py:93} INFO - 25/09/08 12:56:46 INFO Executor: Adding file:/tmp/spark-3ce9768b-3c08-4357-af16-4b330654d6fe/userFiles-46937e95-b95a-4b79-9185-f7b61c381967/mssql-jdbc-12.2.0.jre8.jar to class loader
[2025-09-08T12:56:46.075+0530] {subprocess.py:93} INFO - 25/09/08 12:56:46 INFO Utils: Successfully started service 'org.apache.spark.network.netty.NettyBlockTransferService' on port 43749.
[2025-09-08T12:56:46.075+0530] {subprocess.py:93} INFO - 25/09/08 12:56:46 INFO NettyBlockTransferService: Server created on 192.168.6.3:43749
[2025-09-08T12:56:46.126+0530] {subprocess.py:93} INFO - 25/09/08 12:56:46 INFO BlockManager: Using org.apache.spark.storage.RandomBlockReplicationPolicy for block replication policy
[2025-09-08T12:56:46.136+0530] {subprocess.py:93} INFO - 25/09/08 12:56:46 INFO BlockManagerMaster: Registering BlockManager BlockManagerId(driver, 192.168.6.3, 43749, None)
[2025-09-08T12:56:46.140+0530] {subprocess.py:93} INFO - 25/09/08 12:56:46 INFO BlockManagerMasterEndpoint: Registering block manager 192.168.6.3:43749 with 366.3 MiB RAM, BlockManagerId(driver, 192.168.6.3, 43749, None)
[2025-09-08T12:56:46.142+0530] {subprocess.py:93} INFO - 25/09/08 12:56:46 INFO BlockManagerMaster: Registered BlockManager BlockManagerId(driver, 192.168.6.3, 43749, None)
[2025-09-08T12:56:46.142+0530] {subprocess.py:93} INFO - 25/09/08 12:56:46 INFO BlockManager: Initialized BlockManager: BlockManagerId(driver, 192.168.6.3, 43749, None)
[2025-09-08T12:56:47.099+0530] {subprocess.py:93} INFO - 2025-09-08 12:56:47,098 - __main__ - INFO - Starting ETL pipeline - Batch ID: 20250908072647
[2025-09-08T12:56:47.099+0530] {subprocess.py:93} INFO - 2025-09-08 12:56:47,098 - __main__ - INFO - Extracting data from table: customers
[2025-09-08T12:56:51.453+0530] {subprocess.py:93} INFO - 2025-09-08 12:56:51,453 - __main__ - INFO - Extracted 0 records from customers
[2025-09-08T12:56:51.453+0530] {subprocess.py:93} INFO - 2025-09-08 12:56:51,453 - __main__ - INFO - Extracting data from table: products
[2025-09-08T12:56:51.551+0530] {subprocess.py:93} INFO - 2025-09-08 12:56:51,551 - __main__ - INFO - Extracted 0 records from products
[2025-09-08T12:56:51.552+0530] {subprocess.py:93} INFO - 2025-09-08 12:56:51,551 - __main__ - INFO - Extracting data from table: orders
[2025-09-08T12:56:51.653+0530] {subprocess.py:93} INFO - 2025-09-08 12:56:51,653 - __main__ - INFO - Extracted 0 records from orders
[2025-09-08T12:56:51.653+0530] {subprocess.py:93} INFO - 2025-09-08 12:56:51,653 - __main__ - INFO - Extracting data from table: order_items
[2025-09-08T12:56:51.732+0530] {subprocess.py:93} INFO - 2025-09-08 12:56:51,732 - __main__ - INFO - Extracted 0 records from order_items
[2025-09-08T12:56:51.732+0530] {subprocess.py:93} INFO - 2025-09-08 12:56:51,732 - __main__ - INFO - Extracting data from table: inventory
[2025-09-08T12:56:51.816+0530] {subprocess.py:93} INFO - 2025-09-08 12:56:51,816 - __main__ - INFO - Extracted 0 records from inventory
[2025-09-08T12:56:51.817+0530] {subprocess.py:93} INFO - 2025-09-08 12:56:51,816 - __main__ - INFO - Extracting data from table: clickstream
[2025-09-08T12:56:51.905+0530] {subprocess.py:93} INFO - 2025-09-08 12:56:51,904 - __main__ - INFO - Extracted 0 records from clickstream
[2025-09-08T12:56:51.905+0530] {subprocess.py:93} INFO - 2025-09-08 12:56:51,905 - __main__ - INFO - Cleaning customer data...
[2025-09-08T12:56:52.345+0530] {subprocess.py:93} INFO - 2025-09-08 12:56:52,345 - __main__ - INFO - Customer cleaning complete. Records: 0 -> 0
[2025-09-08T12:56:52.345+0530] {subprocess.py:93} INFO - 2025-09-08 12:56:52,345 - __main__ - INFO - Cleaning product data...
[2025-09-08T12:56:52.645+0530] {subprocess.py:93} INFO - 2025-09-08 12:56:52,645 - __main__ - INFO - Product cleaning complete. Records: 0 -> 0
[2025-09-08T12:56:52.646+0530] {subprocess.py:93} INFO - 2025-09-08 12:56:52,645 - __main__ - INFO - Cleaning order data...
[2025-09-08T12:56:52.863+0530] {subprocess.py:93} INFO - 2025-09-08 12:56:52,863 - __main__ - INFO - Order cleaning complete. Records: 0 -> 0
[2025-09-08T12:56:52.974+0530] {subprocess.py:93} INFO - 2025-09-08 12:56:52,974 - __main__ - INFO - Cleaning order items data...
[2025-09-08T12:56:53.181+0530] {subprocess.py:93} INFO - 2025-09-08 12:56:53,181 - __main__ - INFO - Order items cleaning complete. Records: 0 -> 0
[2025-09-08T12:56:53.303+0530] {subprocess.py:93} INFO - 2025-09-08 12:56:53,303 - __main__ - INFO - Cleaning inventory data...
[2025-09-08T12:56:53.427+0530] {subprocess.py:93} INFO - 2025-09-08 12:56:53,427 - __main__ - INFO - Inventory cleaning complete. Records: 0 -> 0
[2025-09-08T12:56:53.512+0530] {subprocess.py:93} INFO - 2025-09-08 12:56:53,512 - __main__ - INFO - Cleaning clickstream data...
[2025-09-08T12:56:53.770+0530] {subprocess.py:93} INFO - 2025-09-08 12:56:53,770 - __main__ - INFO - Clickstream cleaning complete. Records: 0 -> 0
[2025-09-08T12:56:53.900+0530] {subprocess.py:93} INFO - 2025-09-08 12:56:53,899 - __main__ - INFO - Creating Customer 360 view...
[2025-09-08T12:56:54.194+0530] {subprocess.py:93} INFO - 2025-09-08 12:56:54,194 - __main__ - INFO - Customer 360 view created with 0 records
[2025-09-08T12:56:54.195+0530] {subprocess.py:93} INFO - 2025-09-08 12:56:54,194 - __main__ - INFO - Creating Product Analytics view...
[2025-09-08T12:56:54.430+0530] {subprocess.py:93} INFO - 2025-09-08 12:56:54,429 - __main__ - INFO - Product Analytics view created with 0 records
[2025-09-08T12:56:54.430+0530] {subprocess.py:93} INFO - 2025-09-08 12:56:54,429 - __main__ - INFO - Generating data quality report...
[2025-09-08T12:56:54.660+0530] {subprocess.py:93} INFO - 2025-09-08 12:56:54,659 - __main__ - INFO - Loading 0 records to dim_customers in overwrite mode...
[2025-09-08T12:57:24.190+0530] {subprocess.py:93} INFO - 2025-09-08 12:57:24,190 - __main__ - ERROR - Failed to load data to dim_customers: An error occurred while calling o926.jdbc.
[2025-09-08T12:57:24.190+0530] {subprocess.py:93} INFO - : com.microsoft.sqlserver.jdbc.SQLServerException: Cannot open database "ecom_dwh" requested by the login. The login failed. ClientConnectionId:de9afd68-af62-4890-b175-51d2e4936e68
[2025-09-08T12:57:24.191+0530] {subprocess.py:93} INFO - 	at com.microsoft.sqlserver.jdbc.SQLServerException.makeFromDatabaseError(SQLServerException.java:265)
[2025-09-08T12:57:24.191+0530] {subprocess.py:93} INFO - 	at com.microsoft.sqlserver.jdbc.TDSTokenHandler.onEOF(tdsparser.java:305)
[2025-09-08T12:57:24.191+0530] {subprocess.py:93} INFO - 	at com.microsoft.sqlserver.jdbc.TDSParser.parse(tdsparser.java:138)
[2025-09-08T12:57:24.191+0530] {subprocess.py:93} INFO - 	at com.microsoft.sqlserver.jdbc.TDSParser.parse(tdsparser.java:42)
[2025-09-08T12:57:24.191+0530] {subprocess.py:93} INFO - 	at com.microsoft.sqlserver.jdbc.SQLServerConnection.sendLogon(SQLServerConnection.java:6490)
[2025-09-08T12:57:24.191+0530] {subprocess.py:93} INFO - 	at com.microsoft.sqlserver.jdbc.SQLServerConnection.logon(SQLServerConnection.java:5068)
[2025-09-08T12:57:24.191+0530] {subprocess.py:93} INFO - 	at com.microsoft.sqlserver.jdbc.SQLServerConnection.access$100(SQLServerConnection.java:93)
[2025-09-08T12:57:24.191+0530] {subprocess.py:93} INFO - 	at com.microsoft.sqlserver.jdbc.SQLServerConnection$LogonCommand.doExecute(SQLServerConnection.java:5002)
[2025-09-08T12:57:24.191+0530] {subprocess.py:93} INFO - 	at com.microsoft.sqlserver.jdbc.TDSCommand.execute(IOBuffer.java:7685)
[2025-09-08T12:57:24.191+0530] {subprocess.py:93} INFO - 	at com.microsoft.sqlserver.jdbc.SQLServerConnection.executeCommand(SQLServerConnection.java:4048)
[2025-09-08T12:57:24.191+0530] {subprocess.py:93} INFO - 	at com.microsoft.sqlserver.jdbc.SQLServerConnection.connectHelper(SQLServerConnection.java:3487)
[2025-09-08T12:57:24.191+0530] {subprocess.py:93} INFO - 	at com.microsoft.sqlserver.jdbc.SQLServerConnection.login(SQLServerConnection.java:3077)
[2025-09-08T12:57:24.191+0530] {subprocess.py:93} INFO - 	at com.microsoft.sqlserver.jdbc.SQLServerConnection.connectInternal(SQLServerConnection.java:2919)
[2025-09-08T12:57:24.191+0530] {subprocess.py:93} INFO - 	at com.microsoft.sqlserver.jdbc.SQLServerConnection.connect(SQLServerConnection.java:1787)
[2025-09-08T12:57:24.191+0530] {subprocess.py:93} INFO - 	at com.microsoft.sqlserver.jdbc.SQLServerDriver.connect(SQLServerDriver.java:1229)
[2025-09-08T12:57:24.191+0530] {subprocess.py:93} INFO - 	at org.apache.spark.sql.execution.datasources.jdbc.connection.BasicConnectionProvider.getConnection(BasicConnectionProvider.scala:49)
[2025-09-08T12:57:24.191+0530] {subprocess.py:93} INFO - 	at org.apache.spark.sql.execution.datasources.jdbc.connection.ConnectionProviderBase.create(ConnectionProvider.scala:102)
[2025-09-08T12:57:24.191+0530] {subprocess.py:93} INFO - 	at org.apache.spark.sql.jdbc.JdbcDialect.$anonfun$createConnectionFactory$1(JdbcDialects.scala:123)
[2025-09-08T12:57:24.191+0530] {subprocess.py:93} INFO - 	at org.apache.spark.sql.jdbc.JdbcDialect.$anonfun$createConnectionFactory$1$adapted(JdbcDialects.scala:119)
[2025-09-08T12:57:24.191+0530] {subprocess.py:93} INFO - 	at org.apache.spark.sql.execution.datasources.jdbc.JdbcRelationProvider.createRelation(JdbcRelationProvider.scala:50)
[2025-09-08T12:57:24.191+0530] {subprocess.py:93} INFO - 	at org.apache.spark.sql.execution.datasources.SaveIntoDataSourceCommand.run(SaveIntoDataSourceCommand.scala:47)
[2025-09-08T12:57:24.191+0530] {subprocess.py:93} INFO - 	at org.apache.spark.sql.execution.command.ExecutedCommandExec.sideEffectResult$lzycompute(commands.scala:75)
[2025-09-08T12:57:24.191+0530] {subprocess.py:93} INFO - 	at org.apache.spark.sql.execution.command.ExecutedCommandExec.sideEffectResult(commands.scala:73)
[2025-09-08T12:57:24.191+0530] {subprocess.py:93} INFO - 	at org.apache.spark.sql.execution.command.ExecutedCommandExec.executeCollect(commands.scala:84)
[2025-09-08T12:57:24.191+0530] {subprocess.py:93} INFO - 	at org.apache.spark.sql.execution.QueryExecution$$anonfun$eagerlyExecuteCommands$1.$anonfun$applyOrElse$1(QueryExecution.scala:98)
[2025-09-08T12:57:24.191+0530] {subprocess.py:93} INFO - 	at org.apache.spark.sql.execution.SQLExecution$.$anonfun$withNewExecutionId$6(SQLExecution.scala:118)
[2025-09-08T12:57:24.192+0530] {subprocess.py:93} INFO - 	at org.apache.spark.sql.execution.SQLExecution$.withSQLConfPropagated(SQLExecution.scala:195)
[2025-09-08T12:57:24.192+0530] {subprocess.py:93} INFO - 	at org.apache.spark.sql.execution.SQLExecution$.$anonfun$withNewExecutionId$1(SQLExecution.scala:103)
[2025-09-08T12:57:24.192+0530] {subprocess.py:93} INFO - 	at org.apache.spark.sql.SparkSession.withActive(SparkSession.scala:827)
[2025-09-08T12:57:24.192+0530] {subprocess.py:93} INFO - 	at org.apache.spark.sql.execution.SQLExecution$.withNewExecutionId(SQLExecution.scala:65)
[2025-09-08T12:57:24.192+0530] {subprocess.py:93} INFO - 	at org.apache.spark.sql.execution.QueryExecution$$anonfun$eagerlyExecuteCommands$1.applyOrElse(QueryExecution.scala:98)
[2025-09-08T12:57:24.192+0530] {subprocess.py:93} INFO - 	at org.apache.spark.sql.execution.QueryExecution$$anonfun$eagerlyExecuteCommands$1.applyOrElse(QueryExecution.scala:94)
[2025-09-08T12:57:24.192+0530] {subprocess.py:93} INFO - 	at org.apache.spark.sql.catalyst.trees.TreeNode.$anonfun$transformDownWithPruning$1(TreeNode.scala:512)
[2025-09-08T12:57:24.192+0530] {subprocess.py:93} INFO - 	at org.apache.spark.sql.catalyst.trees.CurrentOrigin$.withOrigin(TreeNode.scala:104)
[2025-09-08T12:57:24.192+0530] {subprocess.py:93} INFO - 	at org.apache.spark.sql.catalyst.trees.TreeNode.transformDownWithPruning(TreeNode.scala:512)
[2025-09-08T12:57:24.192+0530] {subprocess.py:93} INFO - 	at org.apache.spark.sql.catalyst.plans.logical.LogicalPlan.org$apache$spark$sql$catalyst$plans$logical$AnalysisHelper$$super$transformDownWithPruning(LogicalPlan.scala:31)
[2025-09-08T12:57:24.192+0530] {subprocess.py:93} INFO - 	at org.apache.spark.sql.catalyst.plans.logical.AnalysisHelper.transformDownWithPruning(AnalysisHelper.scala:267)
[2025-09-08T12:57:24.192+0530] {subprocess.py:93} INFO - 	at org.apache.spark.sql.catalyst.plans.logical.AnalysisHelper.transformDownWithPruning$(AnalysisHelper.scala:263)
[2025-09-08T12:57:24.192+0530] {subprocess.py:93} INFO - 	at org.apache.spark.sql.catalyst.plans.logical.LogicalPlan.transformDownWithPruning(LogicalPlan.scala:31)
[2025-09-08T12:57:24.192+0530] {subprocess.py:93} INFO - 	at org.apache.spark.sql.catalyst.plans.logical.LogicalPlan.transformDownWithPruning(LogicalPlan.scala:31)
[2025-09-08T12:57:24.192+0530] {subprocess.py:93} INFO - 	at org.apache.spark.sql.catalyst.trees.TreeNode.transformDown(TreeNode.scala:488)
[2025-09-08T12:57:24.192+0530] {subprocess.py:93} INFO - 	at org.apache.spark.sql.execution.QueryExecution.eagerlyExecuteCommands(QueryExecution.scala:94)
[2025-09-08T12:57:24.192+0530] {subprocess.py:93} INFO - 	at org.apache.spark.sql.execution.QueryExecution.commandExecuted$lzycompute(QueryExecution.scala:81)
[2025-09-08T12:57:24.192+0530] {subprocess.py:93} INFO - 	at org.apache.spark.sql.execution.QueryExecution.commandExecuted(QueryExecution.scala:79)
[2025-09-08T12:57:24.192+0530] {subprocess.py:93} INFO - 	at org.apache.spark.sql.execution.QueryExecution.assertCommandExecuted(QueryExecution.scala:133)
[2025-09-08T12:57:24.192+0530] {subprocess.py:93} INFO - 	at org.apache.spark.sql.DataFrameWriter.runCommand(DataFrameWriter.scala:856)
[2025-09-08T12:57:24.192+0530] {subprocess.py:93} INFO - 	at org.apache.spark.sql.DataFrameWriter.saveToV1Source(DataFrameWriter.scala:387)
[2025-09-08T12:57:24.192+0530] {subprocess.py:93} INFO - 	at org.apache.spark.sql.DataFrameWriter.saveInternal(DataFrameWriter.scala:360)
[2025-09-08T12:57:24.192+0530] {subprocess.py:93} INFO - 	at org.apache.spark.sql.DataFrameWriter.save(DataFrameWriter.scala:247)
[2025-09-08T12:57:24.192+0530] {subprocess.py:93} INFO - 	at org.apache.spark.sql.DataFrameWriter.jdbc(DataFrameWriter.scala:753)
[2025-09-08T12:57:24.192+0530] {subprocess.py:93} INFO - 	at sun.reflect.NativeMethodAccessorImpl.invoke0(Native Method)
[2025-09-08T12:57:24.192+0530] {subprocess.py:93} INFO - 	at sun.reflect.NativeMethodAccessorImpl.invoke(NativeMethodAccessorImpl.java:62)
[2025-09-08T12:57:24.193+0530] {subprocess.py:93} INFO - 	at sun.reflect.DelegatingMethodAccessorImpl.invoke(DelegatingMethodAccessorImpl.java:43)
[2025-09-08T12:57:24.193+0530] {subprocess.py:93} INFO - 	at java.lang.reflect.Method.invoke(Method.java:498)
[2025-09-08T12:57:24.193+0530] {subprocess.py:93} INFO - 	at py4j.reflection.MethodInvoker.invoke(MethodInvoker.java:244)
[2025-09-08T12:57:24.193+0530] {subprocess.py:93} INFO - 	at py4j.reflection.ReflectionEngine.invoke(ReflectionEngine.java:374)
[2025-09-08T12:57:24.193+0530] {subprocess.py:93} INFO - 	at py4j.Gateway.invoke(Gateway.java:282)
[2025-09-08T12:57:24.193+0530] {subprocess.py:93} INFO - 	at py4j.commands.AbstractCommand.invokeMethod(AbstractCommand.java:132)
[2025-09-08T12:57:24.193+0530] {subprocess.py:93} INFO - 	at py4j.commands.CallCommand.execute(CallCommand.java:79)
[2025-09-08T12:57:24.193+0530] {subprocess.py:93} INFO - 	at py4j.ClientServerConnection.waitForCommands(ClientServerConnection.java:182)
[2025-09-08T12:57:24.193+0530] {subprocess.py:93} INFO - 	at py4j.ClientServerConnection.run(ClientServerConnection.java:106)
[2025-09-08T12:57:24.193+0530] {subprocess.py:93} INFO - 	at java.lang.Thread.run(Thread.java:750)
[2025-09-08T12:57:24.193+0530] {subprocess.py:93} INFO - 
[2025-09-08T12:57:24.193+0530] {subprocess.py:93} INFO - 2025-09-08 12:57:24,190 - __main__ - ERROR - ETL pipeline failed: An error occurred while calling o926.jdbc.
[2025-09-08T12:57:24.193+0530] {subprocess.py:93} INFO - : com.microsoft.sqlserver.jdbc.SQLServerException: Cannot open database "ecom_dwh" requested by the login. The login failed. ClientConnectionId:de9afd68-af62-4890-b175-51d2e4936e68
[2025-09-08T12:57:24.193+0530] {subprocess.py:93} INFO - 	at com.microsoft.sqlserver.jdbc.SQLServerException.makeFromDatabaseError(SQLServerException.java:265)
[2025-09-08T12:57:24.193+0530] {subprocess.py:93} INFO - 	at com.microsoft.sqlserver.jdbc.TDSTokenHandler.onEOF(tdsparser.java:305)
[2025-09-08T12:57:24.193+0530] {subprocess.py:93} INFO - 	at com.microsoft.sqlserver.jdbc.TDSParser.parse(tdsparser.java:138)
[2025-09-08T12:57:24.193+0530] {subprocess.py:93} INFO - 	at com.microsoft.sqlserver.jdbc.TDSParser.parse(tdsparser.java:42)
[2025-09-08T12:57:24.193+0530] {subprocess.py:93} INFO - 	at com.microsoft.sqlserver.jdbc.SQLServerConnection.sendLogon(SQLServerConnection.java:6490)
[2025-09-08T12:57:24.193+0530] {subprocess.py:93} INFO - 	at com.microsoft.sqlserver.jdbc.SQLServerConnection.logon(SQLServerConnection.java:5068)
[2025-09-08T12:57:24.193+0530] {subprocess.py:93} INFO - 	at com.microsoft.sqlserver.jdbc.SQLServerConnection.access$100(SQLServerConnection.java:93)
[2025-09-08T12:57:24.193+0530] {subprocess.py:93} INFO - 	at com.microsoft.sqlserver.jdbc.SQLServerConnection$LogonCommand.doExecute(SQLServerConnection.java:5002)
[2025-09-08T12:57:24.193+0530] {subprocess.py:93} INFO - 	at com.microsoft.sqlserver.jdbc.TDSCommand.execute(IOBuffer.java:7685)
[2025-09-08T12:57:24.193+0530] {subprocess.py:93} INFO - 	at com.microsoft.sqlserver.jdbc.SQLServerConnection.executeCommand(SQLServerConnection.java:4048)
[2025-09-08T12:57:24.193+0530] {subprocess.py:93} INFO - 	at com.microsoft.sqlserver.jdbc.SQLServerConnection.connectHelper(SQLServerConnection.java:3487)
[2025-09-08T12:57:24.193+0530] {subprocess.py:93} INFO - 	at com.microsoft.sqlserver.jdbc.SQLServerConnection.login(SQLServerConnection.java:3077)
[2025-09-08T12:57:24.193+0530] {subprocess.py:93} INFO - 	at com.microsoft.sqlserver.jdbc.SQLServerConnection.connectInternal(SQLServerConnection.java:2919)
[2025-09-08T12:57:24.193+0530] {subprocess.py:93} INFO - 	at com.microsoft.sqlserver.jdbc.SQLServerConnection.connect(SQLServerConnection.java:1787)
[2025-09-08T12:57:24.194+0530] {subprocess.py:93} INFO - 	at com.microsoft.sqlserver.jdbc.SQLServerDriver.connect(SQLServerDriver.java:1229)
[2025-09-08T12:57:24.194+0530] {subprocess.py:93} INFO - 	at org.apache.spark.sql.execution.datasources.jdbc.connection.BasicConnectionProvider.getConnection(BasicConnectionProvider.scala:49)
[2025-09-08T12:57:24.194+0530] {subprocess.py:93} INFO - 	at org.apache.spark.sql.execution.datasources.jdbc.connection.ConnectionProviderBase.create(ConnectionProvider.scala:102)
[2025-09-08T12:57:24.194+0530] {subprocess.py:93} INFO - 	at org.apache.spark.sql.jdbc.JdbcDialect.$anonfun$createConnectionFactory$1(JdbcDialects.scala:123)
[2025-09-08T12:57:24.194+0530] {subprocess.py:93} INFO - 	at org.apache.spark.sql.jdbc.JdbcDialect.$anonfun$createConnectionFactory$1$adapted(JdbcDialects.scala:119)
[2025-09-08T12:57:24.194+0530] {subprocess.py:93} INFO - 	at org.apache.spark.sql.execution.datasources.jdbc.JdbcRelationProvider.createRelation(JdbcRelationProvider.scala:50)
[2025-09-08T12:57:24.194+0530] {subprocess.py:93} INFO - 	at org.apache.spark.sql.execution.datasources.SaveIntoDataSourceCommand.run(SaveIntoDataSourceCommand.scala:47)
[2025-09-08T12:57:24.194+0530] {subprocess.py:93} INFO - 	at org.apache.spark.sql.execution.command.ExecutedCommandExec.sideEffectResult$lzycompute(commands.scala:75)
[2025-09-08T12:57:24.194+0530] {subprocess.py:93} INFO - 	at org.apache.spark.sql.execution.command.ExecutedCommandExec.sideEffectResult(commands.scala:73)
[2025-09-08T12:57:24.194+0530] {subprocess.py:93} INFO - 	at org.apache.spark.sql.execution.command.ExecutedCommandExec.executeCollect(commands.scala:84)
[2025-09-08T12:57:24.194+0530] {subprocess.py:93} INFO - 	at org.apache.spark.sql.execution.QueryExecution$$anonfun$eagerlyExecuteCommands$1.$anonfun$applyOrElse$1(QueryExecution.scala:98)
[2025-09-08T12:57:24.194+0530] {subprocess.py:93} INFO - 	at org.apache.spark.sql.execution.SQLExecution$.$anonfun$withNewExecutionId$6(SQLExecution.scala:118)
[2025-09-08T12:57:24.194+0530] {subprocess.py:93} INFO - 	at org.apache.spark.sql.execution.SQLExecution$.withSQLConfPropagated(SQLExecution.scala:195)
[2025-09-08T12:57:24.194+0530] {subprocess.py:93} INFO - 	at org.apache.spark.sql.execution.SQLExecution$.$anonfun$withNewExecutionId$1(SQLExecution.scala:103)
[2025-09-08T12:57:24.194+0530] {subprocess.py:93} INFO - 	at org.apache.spark.sql.SparkSession.withActive(SparkSession.scala:827)
[2025-09-08T12:57:24.194+0530] {subprocess.py:93} INFO - 	at org.apache.spark.sql.execution.SQLExecution$.withNewExecutionId(SQLExecution.scala:65)
[2025-09-08T12:57:24.194+0530] {subprocess.py:93} INFO - 	at org.apache.spark.sql.execution.QueryExecution$$anonfun$eagerlyExecuteCommands$1.applyOrElse(QueryExecution.scala:98)
[2025-09-08T12:57:24.194+0530] {subprocess.py:93} INFO - 	at org.apache.spark.sql.execution.QueryExecution$$anonfun$eagerlyExecuteCommands$1.applyOrElse(QueryExecution.scala:94)
[2025-09-08T12:57:24.194+0530] {subprocess.py:93} INFO - 	at org.apache.spark.sql.catalyst.trees.TreeNode.$anonfun$transformDownWithPruning$1(TreeNode.scala:512)
[2025-09-08T12:57:24.194+0530] {subprocess.py:93} INFO - 	at org.apache.spark.sql.catalyst.trees.CurrentOrigin$.withOrigin(TreeNode.scala:104)
[2025-09-08T12:57:24.194+0530] {subprocess.py:93} INFO - 	at org.apache.spark.sql.catalyst.trees.TreeNode.transformDownWithPruning(TreeNode.scala:512)
[2025-09-08T12:57:24.194+0530] {subprocess.py:93} INFO - 	at org.apache.spark.sql.catalyst.plans.logical.LogicalPlan.org$apache$spark$sql$catalyst$plans$logical$AnalysisHelper$$super$transformDownWithPruning(LogicalPlan.scala:31)
[2025-09-08T12:57:24.194+0530] {subprocess.py:93} INFO - 	at org.apache.spark.sql.catalyst.plans.logical.AnalysisHelper.transformDownWithPruning(AnalysisHelper.scala:267)
[2025-09-08T12:57:24.194+0530] {subprocess.py:93} INFO - 	at org.apache.spark.sql.catalyst.plans.logical.AnalysisHelper.transformDownWithPruning$(AnalysisHelper.scala:263)
[2025-09-08T12:57:24.194+0530] {subprocess.py:93} INFO - 	at org.apache.spark.sql.catalyst.plans.logical.LogicalPlan.transformDownWithPruning(LogicalPlan.scala:31)
[2025-09-08T12:57:24.194+0530] {subprocess.py:93} INFO - 	at org.apache.spark.sql.catalyst.plans.logical.LogicalPlan.transformDownWithPruning(LogicalPlan.scala:31)
[2025-09-08T12:57:24.195+0530] {subprocess.py:93} INFO - 	at org.apache.spark.sql.catalyst.trees.TreeNode.transformDown(TreeNode.scala:488)
[2025-09-08T12:57:24.195+0530] {subprocess.py:93} INFO - 	at org.apache.spark.sql.execution.QueryExecution.eagerlyExecuteCommands(QueryExecution.scala:94)
[2025-09-08T12:57:24.195+0530] {subprocess.py:93} INFO - 	at org.apache.spark.sql.execution.QueryExecution.commandExecuted$lzycompute(QueryExecution.scala:81)
[2025-09-08T12:57:24.195+0530] {subprocess.py:93} INFO - 	at org.apache.spark.sql.execution.QueryExecution.commandExecuted(QueryExecution.scala:79)
[2025-09-08T12:57:24.195+0530] {subprocess.py:93} INFO - 	at org.apache.spark.sql.execution.QueryExecution.assertCommandExecuted(QueryExecution.scala:133)
[2025-09-08T12:57:24.195+0530] {subprocess.py:93} INFO - 	at org.apache.spark.sql.DataFrameWriter.runCommand(DataFrameWriter.scala:856)
[2025-09-08T12:57:24.195+0530] {subprocess.py:93} INFO - 	at org.apache.spark.sql.DataFrameWriter.saveToV1Source(DataFrameWriter.scala:387)
[2025-09-08T12:57:24.195+0530] {subprocess.py:93} INFO - 	at org.apache.spark.sql.DataFrameWriter.saveInternal(DataFrameWriter.scala:360)
[2025-09-08T12:57:24.195+0530] {subprocess.py:93} INFO - 	at org.apache.spark.sql.DataFrameWriter.save(DataFrameWriter.scala:247)
[2025-09-08T12:57:24.195+0530] {subprocess.py:93} INFO - 	at org.apache.spark.sql.DataFrameWriter.jdbc(DataFrameWriter.scala:753)
[2025-09-08T12:57:24.195+0530] {subprocess.py:93} INFO - 	at sun.reflect.NativeMethodAccessorImpl.invoke0(Native Method)
[2025-09-08T12:57:24.195+0530] {subprocess.py:93} INFO - 	at sun.reflect.NativeMethodAccessorImpl.invoke(NativeMethodAccessorImpl.java:62)
[2025-09-08T12:57:24.195+0530] {subprocess.py:93} INFO - 	at sun.reflect.DelegatingMethodAccessorImpl.invoke(DelegatingMethodAccessorImpl.java:43)
[2025-09-08T12:57:24.195+0530] {subprocess.py:93} INFO - 	at java.lang.reflect.Method.invoke(Method.java:498)
[2025-09-08T12:57:24.195+0530] {subprocess.py:93} INFO - 	at py4j.reflection.MethodInvoker.invoke(MethodInvoker.java:244)
[2025-09-08T12:57:24.195+0530] {subprocess.py:93} INFO - 	at py4j.reflection.ReflectionEngine.invoke(ReflectionEngine.java:374)
[2025-09-08T12:57:24.195+0530] {subprocess.py:93} INFO - 	at py4j.Gateway.invoke(Gateway.java:282)
[2025-09-08T12:57:24.195+0530] {subprocess.py:93} INFO - 	at py4j.commands.AbstractCommand.invokeMethod(AbstractCommand.java:132)
[2025-09-08T12:57:24.195+0530] {subprocess.py:93} INFO - 	at py4j.commands.CallCommand.execute(CallCommand.java:79)
[2025-09-08T12:57:24.195+0530] {subprocess.py:93} INFO - 	at py4j.ClientServerConnection.waitForCommands(ClientServerConnection.java:182)
[2025-09-08T12:57:24.195+0530] {subprocess.py:93} INFO - 	at py4j.ClientServerConnection.run(ClientServerConnection.java:106)
[2025-09-08T12:57:24.195+0530] {subprocess.py:93} INFO - 	at java.lang.Thread.run(Thread.java:750)
[2025-09-08T12:57:24.195+0530] {subprocess.py:93} INFO - 
[2025-09-08T12:57:24.195+0530] {subprocess.py:93} INFO - 2025-09-08 12:57:24,190 - __main__ - ERROR - ETL pipeline failed: An error occurred while calling o926.jdbc.
[2025-09-08T12:57:24.195+0530] {subprocess.py:93} INFO - : com.microsoft.sqlserver.jdbc.SQLServerException: Cannot open database "ecom_dwh" requested by the login. The login failed. ClientConnectionId:de9afd68-af62-4890-b175-51d2e4936e68
[2025-09-08T12:57:24.195+0530] {subprocess.py:93} INFO - 	at com.microsoft.sqlserver.jdbc.SQLServerException.makeFromDatabaseError(SQLServerException.java:265)
[2025-09-08T12:57:24.196+0530] {subprocess.py:93} INFO - 	at com.microsoft.sqlserver.jdbc.TDSTokenHandler.onEOF(tdsparser.java:305)
[2025-09-08T12:57:24.196+0530] {subprocess.py:93} INFO - 	at com.microsoft.sqlserver.jdbc.TDSParser.parse(tdsparser.java:138)
[2025-09-08T12:57:24.196+0530] {subprocess.py:93} INFO - 	at com.microsoft.sqlserver.jdbc.TDSParser.parse(tdsparser.java:42)
[2025-09-08T12:57:24.196+0530] {subprocess.py:93} INFO - 	at com.microsoft.sqlserver.jdbc.SQLServerConnection.sendLogon(SQLServerConnection.java:6490)
[2025-09-08T12:57:24.196+0530] {subprocess.py:93} INFO - 	at com.microsoft.sqlserver.jdbc.SQLServerConnection.logon(SQLServerConnection.java:5068)
[2025-09-08T12:57:24.196+0530] {subprocess.py:93} INFO - 	at com.microsoft.sqlserver.jdbc.SQLServerConnection.access$100(SQLServerConnection.java:93)
[2025-09-08T12:57:24.196+0530] {subprocess.py:93} INFO - 	at com.microsoft.sqlserver.jdbc.SQLServerConnection$LogonCommand.doExecute(SQLServerConnection.java:5002)
[2025-09-08T12:57:24.196+0530] {subprocess.py:93} INFO - 	at com.microsoft.sqlserver.jdbc.TDSCommand.execute(IOBuffer.java:7685)
[2025-09-08T12:57:24.196+0530] {subprocess.py:93} INFO - 	at com.microsoft.sqlserver.jdbc.SQLServerConnection.executeCommand(SQLServerConnection.java:4048)
[2025-09-08T12:57:24.196+0530] {subprocess.py:93} INFO - 	at com.microsoft.sqlserver.jdbc.SQLServerConnection.connectHelper(SQLServerConnection.java:3487)
[2025-09-08T12:57:24.196+0530] {subprocess.py:93} INFO - 	at com.microsoft.sqlserver.jdbc.SQLServerConnection.login(SQLServerConnection.java:3077)
[2025-09-08T12:57:24.196+0530] {subprocess.py:93} INFO - 	at com.microsoft.sqlserver.jdbc.SQLServerConnection.connectInternal(SQLServerConnection.java:2919)
[2025-09-08T12:57:24.196+0530] {subprocess.py:93} INFO - 	at com.microsoft.sqlserver.jdbc.SQLServerConnection.connect(SQLServerConnection.java:1787)
[2025-09-08T12:57:24.196+0530] {subprocess.py:93} INFO - 	at com.microsoft.sqlserver.jdbc.SQLServerDriver.connect(SQLServerDriver.java:1229)
[2025-09-08T12:57:24.196+0530] {subprocess.py:93} INFO - 	at org.apache.spark.sql.execution.datasources.jdbc.connection.BasicConnectionProvider.getConnection(BasicConnectionProvider.scala:49)
[2025-09-08T12:57:24.196+0530] {subprocess.py:93} INFO - 	at org.apache.spark.sql.execution.datasources.jdbc.connection.ConnectionProviderBase.create(ConnectionProvider.scala:102)
[2025-09-08T12:57:24.196+0530] {subprocess.py:93} INFO - 	at org.apache.spark.sql.jdbc.JdbcDialect.$anonfun$createConnectionFactory$1(JdbcDialects.scala:123)
[2025-09-08T12:57:24.196+0530] {subprocess.py:93} INFO - 	at org.apache.spark.sql.jdbc.JdbcDialect.$anonfun$createConnectionFactory$1$adapted(JdbcDialects.scala:119)
[2025-09-08T12:57:24.196+0530] {subprocess.py:93} INFO - 	at org.apache.spark.sql.execution.datasources.jdbc.JdbcRelationProvider.createRelation(JdbcRelationProvider.scala:50)
[2025-09-08T12:57:24.196+0530] {subprocess.py:93} INFO - 	at org.apache.spark.sql.execution.datasources.SaveIntoDataSourceCommand.run(SaveIntoDataSourceCommand.scala:47)
[2025-09-08T12:57:24.196+0530] {subprocess.py:93} INFO - 	at org.apache.spark.sql.execution.command.ExecutedCommandExec.sideEffectResult$lzycompute(commands.scala:75)
[2025-09-08T12:57:24.196+0530] {subprocess.py:93} INFO - 	at org.apache.spark.sql.execution.command.ExecutedCommandExec.sideEffectResult(commands.scala:73)
[2025-09-08T12:57:24.196+0530] {subprocess.py:93} INFO - 	at org.apache.spark.sql.execution.command.ExecutedCommandExec.executeCollect(commands.scala:84)
[2025-09-08T12:57:24.196+0530] {subprocess.py:93} INFO - 	at org.apache.spark.sql.execution.QueryExecution$$anonfun$eagerlyExecuteCommands$1.$anonfun$applyOrElse$1(QueryExecution.scala:98)
[2025-09-08T12:57:24.196+0530] {subprocess.py:93} INFO - 	at org.apache.spark.sql.execution.SQLExecution$.$anonfun$withNewExecutionId$6(SQLExecution.scala:118)
[2025-09-08T12:57:24.196+0530] {subprocess.py:93} INFO - 	at org.apache.spark.sql.execution.SQLExecution$.withSQLConfPropagated(SQLExecution.scala:195)
[2025-09-08T12:57:24.197+0530] {subprocess.py:93} INFO - 	at org.apache.spark.sql.execution.SQLExecution$.$anonfun$withNewExecutionId$1(SQLExecution.scala:103)
[2025-09-08T12:57:24.197+0530] {subprocess.py:93} INFO - 	at org.apache.spark.sql.SparkSession.withActive(SparkSession.scala:827)
[2025-09-08T12:57:24.197+0530] {subprocess.py:93} INFO - 	at org.apache.spark.sql.execution.SQLExecution$.withNewExecutionId(SQLExecution.scala:65)
[2025-09-08T12:57:24.197+0530] {subprocess.py:93} INFO - 	at org.apache.spark.sql.execution.QueryExecution$$anonfun$eagerlyExecuteCommands$1.applyOrElse(QueryExecution.scala:98)
[2025-09-08T12:57:24.197+0530] {subprocess.py:93} INFO - 	at org.apache.spark.sql.execution.QueryExecution$$anonfun$eagerlyExecuteCommands$1.applyOrElse(QueryExecution.scala:94)
[2025-09-08T12:57:24.197+0530] {subprocess.py:93} INFO - 	at org.apache.spark.sql.catalyst.trees.TreeNode.$anonfun$transformDownWithPruning$1(TreeNode.scala:512)
[2025-09-08T12:57:24.197+0530] {subprocess.py:93} INFO - 	at org.apache.spark.sql.catalyst.trees.CurrentOrigin$.withOrigin(TreeNode.scala:104)
[2025-09-08T12:57:24.197+0530] {subprocess.py:93} INFO - 	at org.apache.spark.sql.catalyst.trees.TreeNode.transformDownWithPruning(TreeNode.scala:512)
[2025-09-08T12:57:24.197+0530] {subprocess.py:93} INFO - 	at org.apache.spark.sql.catalyst.plans.logical.LogicalPlan.org$apache$spark$sql$catalyst$plans$logical$AnalysisHelper$$super$transformDownWithPruning(LogicalPlan.scala:31)
[2025-09-08T12:57:24.197+0530] {subprocess.py:93} INFO - 	at org.apache.spark.sql.catalyst.plans.logical.AnalysisHelper.transformDownWithPruning(AnalysisHelper.scala:267)
[2025-09-08T12:57:24.197+0530] {subprocess.py:93} INFO - 	at org.apache.spark.sql.catalyst.plans.logical.AnalysisHelper.transformDownWithPruning$(AnalysisHelper.scala:263)
[2025-09-08T12:57:24.197+0530] {subprocess.py:93} INFO - 	at org.apache.spark.sql.catalyst.plans.logical.LogicalPlan.transformDownWithPruning(LogicalPlan.scala:31)
[2025-09-08T12:57:24.197+0530] {subprocess.py:93} INFO - 	at org.apache.spark.sql.catalyst.plans.logical.LogicalPlan.transformDownWithPruning(LogicalPlan.scala:31)
[2025-09-08T12:57:24.197+0530] {subprocess.py:93} INFO - 	at org.apache.spark.sql.catalyst.trees.TreeNode.transformDown(TreeNode.scala:488)
[2025-09-08T12:57:24.197+0530] {subprocess.py:93} INFO - 	at org.apache.spark.sql.execution.QueryExecution.eagerlyExecuteCommands(QueryExecution.scala:94)
[2025-09-08T12:57:24.197+0530] {subprocess.py:93} INFO - 	at org.apache.spark.sql.execution.QueryExecution.commandExecuted$lzycompute(QueryExecution.scala:81)
[2025-09-08T12:57:24.197+0530] {subprocess.py:93} INFO - 	at org.apache.spark.sql.execution.QueryExecution.commandExecuted(QueryExecution.scala:79)
[2025-09-08T12:57:24.197+0530] {subprocess.py:93} INFO - 	at org.apache.spark.sql.execution.QueryExecution.assertCommandExecuted(QueryExecution.scala:133)
[2025-09-08T12:57:24.197+0530] {subprocess.py:93} INFO - 	at org.apache.spark.sql.DataFrameWriter.runCommand(DataFrameWriter.scala:856)
[2025-09-08T12:57:24.197+0530] {subprocess.py:93} INFO - 	at org.apache.spark.sql.DataFrameWriter.saveToV1Source(DataFrameWriter.scala:387)
[2025-09-08T12:57:24.197+0530] {subprocess.py:93} INFO - 	at org.apache.spark.sql.DataFrameWriter.saveInternal(DataFrameWriter.scala:360)
[2025-09-08T12:57:24.197+0530] {subprocess.py:93} INFO - 	at org.apache.spark.sql.DataFrameWriter.save(DataFrameWriter.scala:247)
[2025-09-08T12:57:24.197+0530] {subprocess.py:93} INFO - 	at org.apache.spark.sql.DataFrameWriter.jdbc(DataFrameWriter.scala:753)
[2025-09-08T12:57:24.197+0530] {subprocess.py:93} INFO - 	at sun.reflect.NativeMethodAccessorImpl.invoke0(Native Method)
[2025-09-08T12:57:24.197+0530] {subprocess.py:93} INFO - 	at sun.reflect.NativeMethodAccessorImpl.invoke(NativeMethodAccessorImpl.java:62)
[2025-09-08T12:57:24.197+0530] {subprocess.py:93} INFO - 	at sun.reflect.DelegatingMethodAccessorImpl.invoke(DelegatingMethodAccessorImpl.java:43)
[2025-09-08T12:57:24.198+0530] {subprocess.py:93} INFO - 	at java.lang.reflect.Method.invoke(Method.java:498)
[2025-09-08T12:57:24.198+0530] {subprocess.py:93} INFO - 	at py4j.reflection.MethodInvoker.invoke(MethodInvoker.java:244)
[2025-09-08T12:57:24.198+0530] {subprocess.py:93} INFO - 	at py4j.reflection.ReflectionEngine.invoke(ReflectionEngine.java:374)
[2025-09-08T12:57:24.198+0530] {subprocess.py:93} INFO - 	at py4j.Gateway.invoke(Gateway.java:282)
[2025-09-08T12:57:24.198+0530] {subprocess.py:93} INFO - 	at py4j.commands.AbstractCommand.invokeMethod(AbstractCommand.java:132)
[2025-09-08T12:57:24.198+0530] {subprocess.py:93} INFO - 	at py4j.commands.CallCommand.execute(CallCommand.java:79)
[2025-09-08T12:57:24.198+0530] {subprocess.py:93} INFO - 	at py4j.ClientServerConnection.waitForCommands(ClientServerConnection.java:182)
[2025-09-08T12:57:24.198+0530] {subprocess.py:93} INFO - 	at py4j.ClientServerConnection.run(ClientServerConnection.java:106)
[2025-09-08T12:57:24.198+0530] {subprocess.py:93} INFO - 	at java.lang.Thread.run(Thread.java:750)
[2025-09-08T12:57:24.198+0530] {subprocess.py:93} INFO - 
[2025-09-08T12:57:24.422+0530] {subprocess.py:93} INFO - 2025-09-08 12:57:24,421 - py4j.clientserver - INFO - Closing down clientserver connection
[2025-09-08T12:57:24.524+0530] {subprocess.py:97} INFO - Command exited with return code 0
[2025-09-08T12:57:24.525+0530] {taskinstance.py:441} INFO - ::group::Post task execution logs
[2025-09-08T12:57:24.603+0530] {taskinstance.py:1206} INFO - Marking task as SUCCESS. dag_id=ecom_etl_10min, task_id=run_etl_pipeline, run_id=scheduled__2025-09-08T07:10:00+00:00, execution_date=20250908T071000, start_date=20250908T072638, end_date=20250908T072724
[2025-09-08T12:57:24.752+0530] {local_task_job_runner.py:243} INFO - Task exited with return code 0
[2025-09-08T12:57:24.762+0530] {taskinstance.py:3503} INFO - 0 downstream tasks scheduled from follow-on schedule check
[2025-09-08T12:57:24.762+0530] {local_task_job_runner.py:222} INFO - ::endgroup::
