[2025-09-08T13:10:03.571+0530] {local_task_job_runner.py:120} INFO - ::group::Pre task execution logs
[2025-09-08T13:10:03.584+0530] {taskinstance.py:2076} INFO - Dependencies all met for dep_context=non-requeueable deps ti=<TaskInstance: ecom_etl_10min.run_etl_pipeline scheduled__2025-09-08T07:30:00+00:00 [queued]>
[2025-09-08T13:10:03.587+0530] {taskinstance.py:2076} INFO - Dependencies all met for dep_context=requeueable deps ti=<TaskInstance: ecom_etl_10min.run_etl_pipeline scheduled__2025-09-08T07:30:00+00:00 [queued]>
[2025-09-08T13:10:03.587+0530] {taskinstance.py:2306} INFO - Starting attempt 1 of 2
[2025-09-08T13:10:03.662+0530] {taskinstance.py:2330} INFO - Executing <Task(BashOperator): run_etl_pipeline> on 2025-09-08 07:30:00+00:00
[2025-09-08T13:10:03.670+0530] {standard_task_runner.py:64} INFO - Started process 709893 to run task
[2025-09-08T13:10:03.676+0530] {standard_task_runner.py:90} INFO - Running: ['airflow', 'tasks', 'run', 'ecom_etl_10min', 'run_etl_pipeline', 'scheduled__2025-09-08T07:30:00+00:00', '--job-id', '21', '--raw', '--subdir', 'DAGS_FOLDER/ecom_schedules.py', '--cfg-path', '/tmp/tmpoqmlwrce']
[2025-09-08T13:10:03.678+0530] {standard_task_runner.py:91} INFO - Job 21: Subtask run_etl_pipeline
[2025-09-08T13:10:03.773+0530] {task_command.py:426} INFO - Running <TaskInstance: ecom_etl_10min.run_etl_pipeline scheduled__2025-09-08T07:30:00+00:00 [running]> on host softsuave-ASUS-EXPERTCENTER-D700ME-D500ME
[2025-09-08T13:10:03.913+0530] {taskinstance.py:2648} INFO - Exporting env vars: AIRFLOW_CTX_DAG_OWNER='airflow' AIRFLOW_CTX_DAG_ID='ecom_etl_10min' AIRFLOW_CTX_TASK_ID='run_etl_pipeline' AIRFLOW_CTX_EXECUTION_DATE='2025-09-08T07:30:00+00:00' AIRFLOW_CTX_TRY_NUMBER='1' AIRFLOW_CTX_DAG_RUN_ID='scheduled__2025-09-08T07:30:00+00:00'
[2025-09-08T13:10:03.914+0530] {taskinstance.py:430} INFO - ::endgroup::
[2025-09-08T13:10:03.915+0530] {subprocess.py:63} INFO - Tmp dir root location: /tmp
[2025-09-08T13:10:03.915+0530] {subprocess.py:75} INFO - Running command: ['/usr/bin/bash', '-c', 'bash /media/softsuave/DATA-HDD/DataEngineering/Apache_Airflow/scripts/etl/run_etl.sh | cat']
[2025-09-08T13:10:03.922+0530] {subprocess.py:86} INFO - Output:
[2025-09-08T13:10:03.930+0530] {subprocess.py:93} INFO - [2025-09-08 13:10:03] 🚀 Starting E-Commerce ETL Pipeline...
[2025-09-08T13:10:03.930+0530] {subprocess.py:93} INFO - ----------------------------------------
[2025-09-08T13:10:03.930+0530] {subprocess.py:93} INFO -  Source DB   : ecom_db
[2025-09-08T13:10:03.930+0530] {subprocess.py:93} INFO -  Target DB   : ecom_dwh
[2025-09-08T13:10:03.930+0530] {subprocess.py:93} INFO -  Server      : localhost:1433
[2025-09-08T13:10:03.931+0530] {subprocess.py:93} INFO -  Spark Master: local[*]
[2025-09-08T13:10:03.931+0530] {subprocess.py:93} INFO - ----------------------------------------
[2025-09-08T13:10:03.931+0530] {subprocess.py:93} INFO - 
[2025-09-08T13:10:03.932+0530] {subprocess.py:93} INFO - [2025-09-08 13:10:03] 🔄 Running ETL Pipeline with spark-submit...
[2025-09-08T13:10:05.512+0530] {subprocess.py:93} INFO - 25/09/08 13:10:05 WARN Utils: Your hostname, softsuave-ASUS-EXPERTCENTER-D700ME-D500ME resolves to a loopback address: 127.0.1.1; using 192.168.6.3 instead (on interface eno2)
[2025-09-08T13:10:05.514+0530] {subprocess.py:93} INFO - 25/09/08 13:10:05 WARN Utils: Set SPARK_LOCAL_IP if you need to bind to another address
[2025-09-08T13:10:09.258+0530] {subprocess.py:93} INFO - 25/09/08 13:10:09 WARN NativeCodeLoader: Unable to load native-hadoop library for your platform... using builtin-java classes where applicable
[2025-09-08T13:10:09.884+0530] {subprocess.py:93} INFO - 25/09/08 13:10:09 INFO SparkContext: Running Spark version 3.4.2
[2025-09-08T13:10:09.914+0530] {subprocess.py:93} INFO - 25/09/08 13:10:09 INFO ResourceUtils: ==============================================================
[2025-09-08T13:10:09.914+0530] {subprocess.py:93} INFO - 25/09/08 13:10:09 INFO ResourceUtils: No custom resources configured for spark.driver.
[2025-09-08T13:10:09.914+0530] {subprocess.py:93} INFO - 25/09/08 13:10:09 INFO ResourceUtils: ==============================================================
[2025-09-08T13:10:09.915+0530] {subprocess.py:93} INFO - 25/09/08 13:10:09 INFO SparkContext: Submitted application: ECommerce_ETL_Pipeline
[2025-09-08T13:10:09.938+0530] {subprocess.py:93} INFO - 25/09/08 13:10:09 INFO ResourceProfile: Default ResourceProfile created, executor resources: Map(cores -> name: cores, amount: 1, script: , vendor: , memory -> name: memory, amount: 1024, script: , vendor: , offHeap -> name: offHeap, amount: 0, script: , vendor: ), task resources: Map(cpus -> name: cpus, amount: 1.0)
[2025-09-08T13:10:09.945+0530] {subprocess.py:93} INFO - 25/09/08 13:10:09 INFO ResourceProfile: Limiting resource is cpu
[2025-09-08T13:10:09.945+0530] {subprocess.py:93} INFO - 25/09/08 13:10:09 INFO ResourceProfileManager: Added ResourceProfile id: 0
[2025-09-08T13:10:10.011+0530] {subprocess.py:93} INFO - 25/09/08 13:10:10 INFO SecurityManager: Changing view acls to: softsuave
[2025-09-08T13:10:10.012+0530] {subprocess.py:93} INFO - 25/09/08 13:10:10 INFO SecurityManager: Changing modify acls to: softsuave
[2025-09-08T13:10:10.012+0530] {subprocess.py:93} INFO - 25/09/08 13:10:10 INFO SecurityManager: Changing view acls groups to:
[2025-09-08T13:10:10.012+0530] {subprocess.py:93} INFO - 25/09/08 13:10:10 INFO SecurityManager: Changing modify acls groups to:
[2025-09-08T13:10:10.012+0530] {subprocess.py:93} INFO - 25/09/08 13:10:10 INFO SecurityManager: SecurityManager: authentication disabled; ui acls disabled; users with view permissions: softsuave; groups with view permissions: EMPTY; users with modify permissions: softsuave; groups with modify permissions: EMPTY
[2025-09-08T13:10:10.268+0530] {subprocess.py:93} INFO - 25/09/08 13:10:10 INFO Utils: Successfully started service 'sparkDriver' on port 41731.
[2025-09-08T13:10:10.337+0530] {subprocess.py:93} INFO - 25/09/08 13:10:10 INFO SparkEnv: Registering MapOutputTracker
[2025-09-08T13:10:10.371+0530] {subprocess.py:93} INFO - 25/09/08 13:10:10 INFO SparkEnv: Registering BlockManagerMaster
[2025-09-08T13:10:10.388+0530] {subprocess.py:93} INFO - 25/09/08 13:10:10 INFO BlockManagerMasterEndpoint: Using org.apache.spark.storage.DefaultTopologyMapper for getting topology information
[2025-09-08T13:10:10.388+0530] {subprocess.py:93} INFO - 25/09/08 13:10:10 INFO BlockManagerMasterEndpoint: BlockManagerMasterEndpoint up
[2025-09-08T13:10:10.390+0530] {subprocess.py:93} INFO - 25/09/08 13:10:10 INFO SparkEnv: Registering BlockManagerMasterHeartbeat
[2025-09-08T13:10:10.414+0530] {subprocess.py:93} INFO - 25/09/08 13:10:10 INFO DiskBlockManager: Created local directory at /tmp/blockmgr-8ffcb631-efa6-4fea-8033-e7a567ecd8c9
[2025-09-08T13:10:10.425+0530] {subprocess.py:93} INFO - 25/09/08 13:10:10 INFO MemoryStore: MemoryStore started with capacity 366.3 MiB
[2025-09-08T13:10:10.435+0530] {subprocess.py:93} INFO - 25/09/08 13:10:10 INFO SparkEnv: Registering OutputCommitCoordinator
[2025-09-08T13:10:10.612+0530] {subprocess.py:93} INFO - 25/09/08 13:10:10 INFO JettyUtils: Start Jetty 0.0.0.0:4040 for SparkUI
[2025-09-08T13:10:10.699+0530] {subprocess.py:93} INFO - 25/09/08 13:10:10 INFO Utils: Successfully started service 'SparkUI' on port 4040.
[2025-09-08T13:10:10.725+0530] {subprocess.py:93} INFO - 25/09/08 13:10:10 INFO SparkContext: Added JAR file:///media/softsuave/DATA-HDD/DataEngineering/Apache_Airflow/libs/jars/mssql-jdbc-12.2.0.jre8.jar at spark://192.168.6.3:41731/jars/mssql-jdbc-12.2.0.jre8.jar with timestamp 1757317209877
[2025-09-08T13:10:10.771+0530] {subprocess.py:93} INFO - 25/09/08 13:10:10 INFO Executor: Starting executor ID driver on host 192.168.6.3
[2025-09-08T13:10:10.774+0530] {subprocess.py:93} INFO - 25/09/08 13:10:10 INFO Executor: Starting executor with user classpath (userClassPathFirst = false): ''
[2025-09-08T13:10:10.784+0530] {subprocess.py:93} INFO - 25/09/08 13:10:10 INFO Executor: Fetching spark://192.168.6.3:41731/jars/mssql-jdbc-12.2.0.jre8.jar with timestamp 1757317209877
[2025-09-08T13:10:10.845+0530] {subprocess.py:93} INFO - 25/09/08 13:10:10 INFO TransportClientFactory: Successfully created connection to /192.168.6.3:41731 after 19 ms (0 ms spent in bootstraps)
[2025-09-08T13:10:10.862+0530] {subprocess.py:93} INFO - 25/09/08 13:10:10 INFO Utils: Fetching spark://192.168.6.3:41731/jars/mssql-jdbc-12.2.0.jre8.jar to /tmp/spark-dddcc2e9-7d1d-404e-822a-f819c3182b63/userFiles-9d7121e2-bfc3-4689-a35c-450111c695cb/fetchFileTemp7021788235862025773.tmp
[2025-09-08T13:10:10.917+0530] {subprocess.py:93} INFO - 25/09/08 13:10:10 INFO Executor: Adding file:/tmp/spark-dddcc2e9-7d1d-404e-822a-f819c3182b63/userFiles-9d7121e2-bfc3-4689-a35c-450111c695cb/mssql-jdbc-12.2.0.jre8.jar to class loader
[2025-09-08T13:10:10.932+0530] {subprocess.py:93} INFO - 25/09/08 13:10:10 INFO Utils: Successfully started service 'org.apache.spark.network.netty.NettyBlockTransferService' on port 33717.
[2025-09-08T13:10:10.932+0530] {subprocess.py:93} INFO - 25/09/08 13:10:10 INFO NettyBlockTransferService: Server created on 192.168.6.3:33717
[2025-09-08T13:10:10.935+0530] {subprocess.py:93} INFO - 25/09/08 13:10:10 INFO BlockManager: Using org.apache.spark.storage.RandomBlockReplicationPolicy for block replication policy
[2025-09-08T13:10:10.980+0530] {subprocess.py:93} INFO - 25/09/08 13:10:10 INFO BlockManagerMaster: Registering BlockManager BlockManagerId(driver, 192.168.6.3, 33717, None)
[2025-09-08T13:10:10.988+0530] {subprocess.py:93} INFO - 25/09/08 13:10:10 INFO BlockManagerMasterEndpoint: Registering block manager 192.168.6.3:33717 with 366.3 MiB RAM, BlockManagerId(driver, 192.168.6.3, 33717, None)
[2025-09-08T13:10:10.992+0530] {subprocess.py:93} INFO - 25/09/08 13:10:10 INFO BlockManagerMaster: Registered BlockManager BlockManagerId(driver, 192.168.6.3, 33717, None)
[2025-09-08T13:10:10.994+0530] {subprocess.py:93} INFO - 25/09/08 13:10:10 INFO BlockManager: Initialized BlockManager: BlockManagerId(driver, 192.168.6.3, 33717, None)
[2025-09-08T13:10:11.312+0530] {subprocess.py:93} INFO - 2025-09-08 13:10:11,312 - __main__ - INFO - Starting ETL pipeline - Batch ID: 20250908074011
[2025-09-08T13:10:11.312+0530] {subprocess.py:93} INFO - 2025-09-08 13:10:11,312 - __main__ - INFO - Extracting data from table: customers
[2025-09-08T13:10:16.319+0530] {subprocess.py:93} INFO - 2025-09-08 13:10:16,318 - __main__ - INFO - Extracted 0 records from customers
[2025-09-08T13:10:16.319+0530] {subprocess.py:93} INFO - 2025-09-08 13:10:16,318 - __main__ - INFO - Extracting data from table: products
[2025-09-08T13:10:16.441+0530] {subprocess.py:93} INFO - 2025-09-08 13:10:16,440 - __main__ - INFO - Extracted 0 records from products
[2025-09-08T13:10:16.441+0530] {subprocess.py:93} INFO - 2025-09-08 13:10:16,441 - __main__ - INFO - Extracting data from table: orders
[2025-09-08T13:10:16.534+0530] {subprocess.py:93} INFO - 2025-09-08 13:10:16,533 - __main__ - INFO - Extracted 0 records from orders
[2025-09-08T13:10:16.534+0530] {subprocess.py:93} INFO - 2025-09-08 13:10:16,533 - __main__ - INFO - Extracting data from table: order_items
[2025-09-08T13:10:16.619+0530] {subprocess.py:93} INFO - 2025-09-08 13:10:16,619 - __main__ - INFO - Extracted 0 records from order_items
[2025-09-08T13:10:16.619+0530] {subprocess.py:93} INFO - 2025-09-08 13:10:16,619 - __main__ - INFO - Extracting data from table: inventory
[2025-09-08T13:10:16.694+0530] {subprocess.py:93} INFO - 2025-09-08 13:10:16,694 - __main__ - INFO - Extracted 0 records from inventory
[2025-09-08T13:10:16.695+0530] {subprocess.py:93} INFO - 2025-09-08 13:10:16,694 - __main__ - INFO - Extracting data from table: clickstream
[2025-09-08T13:10:16.764+0530] {subprocess.py:93} INFO - 2025-09-08 13:10:16,763 - __main__ - INFO - Extracted 0 records from clickstream
[2025-09-08T13:10:16.764+0530] {subprocess.py:93} INFO - 2025-09-08 13:10:16,764 - __main__ - INFO - Cleaning customer data...
[2025-09-08T13:10:17.251+0530] {subprocess.py:93} INFO - 2025-09-08 13:10:17,250 - __main__ - INFO - Customer cleaning complete. Records: 0 -> 0
[2025-09-08T13:10:17.251+0530] {subprocess.py:93} INFO - 2025-09-08 13:10:17,251 - __main__ - INFO - Cleaning product data...
[2025-09-08T13:10:17.538+0530] {subprocess.py:93} INFO - 2025-09-08 13:10:17,538 - __main__ - INFO - Product cleaning complete. Records: 0 -> 0
[2025-09-08T13:10:17.538+0530] {subprocess.py:93} INFO - 2025-09-08 13:10:17,538 - __main__ - INFO - Cleaning order data...
[2025-09-08T13:10:17.765+0530] {subprocess.py:93} INFO - 2025-09-08 13:10:17,765 - __main__ - INFO - Order cleaning complete. Records: 0 -> 0
[2025-09-08T13:10:17.878+0530] {subprocess.py:93} INFO - 2025-09-08 13:10:17,878 - __main__ - INFO - Cleaning order items data...
[2025-09-08T13:10:18.037+0530] {subprocess.py:93} INFO - 2025-09-08 13:10:18,037 - __main__ - INFO - Order items cleaning complete. Records: 0 -> 0
[2025-09-08T13:10:18.131+0530] {subprocess.py:93} INFO - 2025-09-08 13:10:18,131 - __main__ - INFO - Cleaning inventory data...
[2025-09-08T13:10:18.253+0530] {subprocess.py:93} INFO - 2025-09-08 13:10:18,252 - __main__ - INFO - Inventory cleaning complete. Records: 0 -> 0
[2025-09-08T13:10:18.338+0530] {subprocess.py:93} INFO - 2025-09-08 13:10:18,337 - __main__ - INFO - Cleaning clickstream data...
[2025-09-08T13:10:18.615+0530] {subprocess.py:93} INFO - 2025-09-08 13:10:18,614 - __main__ - INFO - Clickstream cleaning complete. Records: 0 -> 0
[2025-09-08T13:10:18.709+0530] {subprocess.py:93} INFO - 2025-09-08 13:10:18,709 - __main__ - INFO - Creating Customer 360 view...
[2025-09-08T13:10:18.969+0530] {subprocess.py:93} INFO - 2025-09-08 13:10:18,969 - __main__ - INFO - Customer 360 view created with 0 records
[2025-09-08T13:10:18.969+0530] {subprocess.py:93} INFO - 2025-09-08 13:10:18,969 - __main__ - INFO - Creating Product Analytics view...
[2025-09-08T13:10:19.202+0530] {subprocess.py:93} INFO - 2025-09-08 13:10:19,201 - __main__ - INFO - Product Analytics view created with 0 records
[2025-09-08T13:10:19.202+0530] {subprocess.py:93} INFO - 2025-09-08 13:10:19,202 - __main__ - INFO - Generating data quality report...
[2025-09-08T13:10:19.407+0530] {subprocess.py:93} INFO - 2025-09-08 13:10:19,406 - __main__ - INFO - Loading 0 records to dim_customers in overwrite mode...
[2025-09-08T13:10:48.987+0530] {subprocess.py:93} INFO - 2025-09-08 13:10:48,987 - __main__ - ERROR - Failed to load data to dim_customers: An error occurred while calling o926.jdbc.
[2025-09-08T13:10:48.988+0530] {subprocess.py:93} INFO - : com.microsoft.sqlserver.jdbc.SQLServerException: Cannot open database "ecom_dwh" requested by the login. The login failed. ClientConnectionId:7221be11-0ea9-44ef-8bfa-9f7dc3119e1b
[2025-09-08T13:10:48.988+0530] {subprocess.py:93} INFO - 	at com.microsoft.sqlserver.jdbc.SQLServerException.makeFromDatabaseError(SQLServerException.java:265)
[2025-09-08T13:10:48.988+0530] {subprocess.py:93} INFO - 	at com.microsoft.sqlserver.jdbc.TDSTokenHandler.onEOF(tdsparser.java:305)
[2025-09-08T13:10:48.988+0530] {subprocess.py:93} INFO - 	at com.microsoft.sqlserver.jdbc.TDSParser.parse(tdsparser.java:138)
[2025-09-08T13:10:48.988+0530] {subprocess.py:93} INFO - 	at com.microsoft.sqlserver.jdbc.TDSParser.parse(tdsparser.java:42)
[2025-09-08T13:10:48.988+0530] {subprocess.py:93} INFO - 	at com.microsoft.sqlserver.jdbc.SQLServerConnection.sendLogon(SQLServerConnection.java:6490)
[2025-09-08T13:10:48.988+0530] {subprocess.py:93} INFO - 	at com.microsoft.sqlserver.jdbc.SQLServerConnection.logon(SQLServerConnection.java:5068)
[2025-09-08T13:10:48.988+0530] {subprocess.py:93} INFO - 	at com.microsoft.sqlserver.jdbc.SQLServerConnection.access$100(SQLServerConnection.java:93)
[2025-09-08T13:10:48.988+0530] {subprocess.py:93} INFO - 	at com.microsoft.sqlserver.jdbc.SQLServerConnection$LogonCommand.doExecute(SQLServerConnection.java:5002)
[2025-09-08T13:10:48.988+0530] {subprocess.py:93} INFO - 	at com.microsoft.sqlserver.jdbc.TDSCommand.execute(IOBuffer.java:7685)
[2025-09-08T13:10:48.988+0530] {subprocess.py:93} INFO - 	at com.microsoft.sqlserver.jdbc.SQLServerConnection.executeCommand(SQLServerConnection.java:4048)
[2025-09-08T13:10:48.988+0530] {subprocess.py:93} INFO - 	at com.microsoft.sqlserver.jdbc.SQLServerConnection.connectHelper(SQLServerConnection.java:3487)
[2025-09-08T13:10:48.988+0530] {subprocess.py:93} INFO - 	at com.microsoft.sqlserver.jdbc.SQLServerConnection.login(SQLServerConnection.java:3077)
[2025-09-08T13:10:48.988+0530] {subprocess.py:93} INFO - 	at com.microsoft.sqlserver.jdbc.SQLServerConnection.connectInternal(SQLServerConnection.java:2919)
[2025-09-08T13:10:48.988+0530] {subprocess.py:93} INFO - 	at com.microsoft.sqlserver.jdbc.SQLServerConnection.connect(SQLServerConnection.java:1787)
[2025-09-08T13:10:48.988+0530] {subprocess.py:93} INFO - 	at com.microsoft.sqlserver.jdbc.SQLServerDriver.connect(SQLServerDriver.java:1229)
[2025-09-08T13:10:48.988+0530] {subprocess.py:93} INFO - 	at org.apache.spark.sql.execution.datasources.jdbc.connection.BasicConnectionProvider.getConnection(BasicConnectionProvider.scala:49)
[2025-09-08T13:10:48.989+0530] {subprocess.py:93} INFO - 	at org.apache.spark.sql.execution.datasources.jdbc.connection.ConnectionProviderBase.create(ConnectionProvider.scala:102)
[2025-09-08T13:10:48.989+0530] {subprocess.py:93} INFO - 	at org.apache.spark.sql.jdbc.JdbcDialect.$anonfun$createConnectionFactory$1(JdbcDialects.scala:123)
[2025-09-08T13:10:48.989+0530] {subprocess.py:93} INFO - 	at org.apache.spark.sql.jdbc.JdbcDialect.$anonfun$createConnectionFactory$1$adapted(JdbcDialects.scala:119)
[2025-09-08T13:10:48.989+0530] {subprocess.py:93} INFO - 	at org.apache.spark.sql.execution.datasources.jdbc.JdbcRelationProvider.createRelation(JdbcRelationProvider.scala:50)
[2025-09-08T13:10:48.989+0530] {subprocess.py:93} INFO - 	at org.apache.spark.sql.execution.datasources.SaveIntoDataSourceCommand.run(SaveIntoDataSourceCommand.scala:47)
[2025-09-08T13:10:48.989+0530] {subprocess.py:93} INFO - 	at org.apache.spark.sql.execution.command.ExecutedCommandExec.sideEffectResult$lzycompute(commands.scala:75)
[2025-09-08T13:10:48.989+0530] {subprocess.py:93} INFO - 	at org.apache.spark.sql.execution.command.ExecutedCommandExec.sideEffectResult(commands.scala:73)
[2025-09-08T13:10:48.989+0530] {subprocess.py:93} INFO - 	at org.apache.spark.sql.execution.command.ExecutedCommandExec.executeCollect(commands.scala:84)
[2025-09-08T13:10:48.989+0530] {subprocess.py:93} INFO - 	at org.apache.spark.sql.execution.QueryExecution$$anonfun$eagerlyExecuteCommands$1.$anonfun$applyOrElse$1(QueryExecution.scala:98)
[2025-09-08T13:10:48.989+0530] {subprocess.py:93} INFO - 	at org.apache.spark.sql.execution.SQLExecution$.$anonfun$withNewExecutionId$6(SQLExecution.scala:118)
[2025-09-08T13:10:48.989+0530] {subprocess.py:93} INFO - 	at org.apache.spark.sql.execution.SQLExecution$.withSQLConfPropagated(SQLExecution.scala:195)
[2025-09-08T13:10:48.989+0530] {subprocess.py:93} INFO - 	at org.apache.spark.sql.execution.SQLExecution$.$anonfun$withNewExecutionId$1(SQLExecution.scala:103)
[2025-09-08T13:10:48.989+0530] {subprocess.py:93} INFO - 	at org.apache.spark.sql.SparkSession.withActive(SparkSession.scala:827)
[2025-09-08T13:10:48.989+0530] {subprocess.py:93} INFO - 	at org.apache.spark.sql.execution.SQLExecution$.withNewExecutionId(SQLExecution.scala:65)
[2025-09-08T13:10:48.989+0530] {subprocess.py:93} INFO - 	at org.apache.spark.sql.execution.QueryExecution$$anonfun$eagerlyExecuteCommands$1.applyOrElse(QueryExecution.scala:98)
[2025-09-08T13:10:48.989+0530] {subprocess.py:93} INFO - 	at org.apache.spark.sql.execution.QueryExecution$$anonfun$eagerlyExecuteCommands$1.applyOrElse(QueryExecution.scala:94)
[2025-09-08T13:10:48.989+0530] {subprocess.py:93} INFO - 	at org.apache.spark.sql.catalyst.trees.TreeNode.$anonfun$transformDownWithPruning$1(TreeNode.scala:512)
[2025-09-08T13:10:48.989+0530] {subprocess.py:93} INFO - 	at org.apache.spark.sql.catalyst.trees.CurrentOrigin$.withOrigin(TreeNode.scala:104)
[2025-09-08T13:10:48.989+0530] {subprocess.py:93} INFO - 	at org.apache.spark.sql.catalyst.trees.TreeNode.transformDownWithPruning(TreeNode.scala:512)
[2025-09-08T13:10:48.989+0530] {subprocess.py:93} INFO - 	at org.apache.spark.sql.catalyst.plans.logical.LogicalPlan.org$apache$spark$sql$catalyst$plans$logical$AnalysisHelper$$super$transformDownWithPruning(LogicalPlan.scala:31)
[2025-09-08T13:10:48.989+0530] {subprocess.py:93} INFO - 	at org.apache.spark.sql.catalyst.plans.logical.AnalysisHelper.transformDownWithPruning(AnalysisHelper.scala:267)
[2025-09-08T13:10:48.989+0530] {subprocess.py:93} INFO - 	at org.apache.spark.sql.catalyst.plans.logical.AnalysisHelper.transformDownWithPruning$(AnalysisHelper.scala:263)
[2025-09-08T13:10:48.989+0530] {subprocess.py:93} INFO - 	at org.apache.spark.sql.catalyst.plans.logical.LogicalPlan.transformDownWithPruning(LogicalPlan.scala:31)
[2025-09-08T13:10:48.989+0530] {subprocess.py:93} INFO - 	at org.apache.spark.sql.catalyst.plans.logical.LogicalPlan.transformDownWithPruning(LogicalPlan.scala:31)
[2025-09-08T13:10:48.989+0530] {subprocess.py:93} INFO - 	at org.apache.spark.sql.catalyst.trees.TreeNode.transformDown(TreeNode.scala:488)
[2025-09-08T13:10:48.990+0530] {subprocess.py:93} INFO - 	at org.apache.spark.sql.execution.QueryExecution.eagerlyExecuteCommands(QueryExecution.scala:94)
[2025-09-08T13:10:48.990+0530] {subprocess.py:93} INFO - 	at org.apache.spark.sql.execution.QueryExecution.commandExecuted$lzycompute(QueryExecution.scala:81)
[2025-09-08T13:10:48.990+0530] {subprocess.py:93} INFO - 	at org.apache.spark.sql.execution.QueryExecution.commandExecuted(QueryExecution.scala:79)
[2025-09-08T13:10:48.990+0530] {subprocess.py:93} INFO - 	at org.apache.spark.sql.execution.QueryExecution.assertCommandExecuted(QueryExecution.scala:133)
[2025-09-08T13:10:48.990+0530] {subprocess.py:93} INFO - 	at org.apache.spark.sql.DataFrameWriter.runCommand(DataFrameWriter.scala:856)
[2025-09-08T13:10:48.990+0530] {subprocess.py:93} INFO - 	at org.apache.spark.sql.DataFrameWriter.saveToV1Source(DataFrameWriter.scala:387)
[2025-09-08T13:10:48.990+0530] {subprocess.py:93} INFO - 	at org.apache.spark.sql.DataFrameWriter.saveInternal(DataFrameWriter.scala:360)
[2025-09-08T13:10:48.990+0530] {subprocess.py:93} INFO - 	at org.apache.spark.sql.DataFrameWriter.save(DataFrameWriter.scala:247)
[2025-09-08T13:10:48.990+0530] {subprocess.py:93} INFO - 	at org.apache.spark.sql.DataFrameWriter.jdbc(DataFrameWriter.scala:753)
[2025-09-08T13:10:48.990+0530] {subprocess.py:93} INFO - 	at sun.reflect.NativeMethodAccessorImpl.invoke0(Native Method)
[2025-09-08T13:10:48.990+0530] {subprocess.py:93} INFO - 	at sun.reflect.NativeMethodAccessorImpl.invoke(NativeMethodAccessorImpl.java:62)
[2025-09-08T13:10:48.990+0530] {subprocess.py:93} INFO - 	at sun.reflect.DelegatingMethodAccessorImpl.invoke(DelegatingMethodAccessorImpl.java:43)
[2025-09-08T13:10:48.990+0530] {subprocess.py:93} INFO - 	at java.lang.reflect.Method.invoke(Method.java:498)
[2025-09-08T13:10:48.990+0530] {subprocess.py:93} INFO - 	at py4j.reflection.MethodInvoker.invoke(MethodInvoker.java:244)
[2025-09-08T13:10:48.990+0530] {subprocess.py:93} INFO - 	at py4j.reflection.ReflectionEngine.invoke(ReflectionEngine.java:374)
[2025-09-08T13:10:48.990+0530] {subprocess.py:93} INFO - 	at py4j.Gateway.invoke(Gateway.java:282)
[2025-09-08T13:10:48.990+0530] {subprocess.py:93} INFO - 	at py4j.commands.AbstractCommand.invokeMethod(AbstractCommand.java:132)
[2025-09-08T13:10:48.990+0530] {subprocess.py:93} INFO - 	at py4j.commands.CallCommand.execute(CallCommand.java:79)
[2025-09-08T13:10:48.990+0530] {subprocess.py:93} INFO - 	at py4j.ClientServerConnection.waitForCommands(ClientServerConnection.java:182)
[2025-09-08T13:10:48.990+0530] {subprocess.py:93} INFO - 	at py4j.ClientServerConnection.run(ClientServerConnection.java:106)
[2025-09-08T13:10:48.990+0530] {subprocess.py:93} INFO - 	at java.lang.Thread.run(Thread.java:750)
[2025-09-08T13:10:48.990+0530] {subprocess.py:93} INFO - 
[2025-09-08T13:10:48.990+0530] {subprocess.py:93} INFO - 2025-09-08 13:10:48,987 - __main__ - ERROR - ETL pipeline failed: An error occurred while calling o926.jdbc.
[2025-09-08T13:10:48.990+0530] {subprocess.py:93} INFO - : com.microsoft.sqlserver.jdbc.SQLServerException: Cannot open database "ecom_dwh" requested by the login. The login failed. ClientConnectionId:7221be11-0ea9-44ef-8bfa-9f7dc3119e1b
[2025-09-08T13:10:48.990+0530] {subprocess.py:93} INFO - 	at com.microsoft.sqlserver.jdbc.SQLServerException.makeFromDatabaseError(SQLServerException.java:265)
[2025-09-08T13:10:48.991+0530] {subprocess.py:93} INFO - 	at com.microsoft.sqlserver.jdbc.TDSTokenHandler.onEOF(tdsparser.java:305)
[2025-09-08T13:10:48.991+0530] {subprocess.py:93} INFO - 	at com.microsoft.sqlserver.jdbc.TDSParser.parse(tdsparser.java:138)
[2025-09-08T13:10:48.991+0530] {subprocess.py:93} INFO - 	at com.microsoft.sqlserver.jdbc.TDSParser.parse(tdsparser.java:42)
[2025-09-08T13:10:48.991+0530] {subprocess.py:93} INFO - 	at com.microsoft.sqlserver.jdbc.SQLServerConnection.sendLogon(SQLServerConnection.java:6490)
[2025-09-08T13:10:48.991+0530] {subprocess.py:93} INFO - 	at com.microsoft.sqlserver.jdbc.SQLServerConnection.logon(SQLServerConnection.java:5068)
[2025-09-08T13:10:48.991+0530] {subprocess.py:93} INFO - 	at com.microsoft.sqlserver.jdbc.SQLServerConnection.access$100(SQLServerConnection.java:93)
[2025-09-08T13:10:48.991+0530] {subprocess.py:93} INFO - 	at com.microsoft.sqlserver.jdbc.SQLServerConnection$LogonCommand.doExecute(SQLServerConnection.java:5002)
[2025-09-08T13:10:48.991+0530] {subprocess.py:93} INFO - 	at com.microsoft.sqlserver.jdbc.TDSCommand.execute(IOBuffer.java:7685)
[2025-09-08T13:10:48.991+0530] {subprocess.py:93} INFO - 	at com.microsoft.sqlserver.jdbc.SQLServerConnection.executeCommand(SQLServerConnection.java:4048)
[2025-09-08T13:10:48.991+0530] {subprocess.py:93} INFO - 	at com.microsoft.sqlserver.jdbc.SQLServerConnection.connectHelper(SQLServerConnection.java:3487)
[2025-09-08T13:10:48.991+0530] {subprocess.py:93} INFO - 	at com.microsoft.sqlserver.jdbc.SQLServerConnection.login(SQLServerConnection.java:3077)
[2025-09-08T13:10:48.991+0530] {subprocess.py:93} INFO - 	at com.microsoft.sqlserver.jdbc.SQLServerConnection.connectInternal(SQLServerConnection.java:2919)
[2025-09-08T13:10:48.991+0530] {subprocess.py:93} INFO - 	at com.microsoft.sqlserver.jdbc.SQLServerConnection.connect(SQLServerConnection.java:1787)
[2025-09-08T13:10:48.991+0530] {subprocess.py:93} INFO - 	at com.microsoft.sqlserver.jdbc.SQLServerDriver.connect(SQLServerDriver.java:1229)
[2025-09-08T13:10:48.991+0530] {subprocess.py:93} INFO - 	at org.apache.spark.sql.execution.datasources.jdbc.connection.BasicConnectionProvider.getConnection(BasicConnectionProvider.scala:49)
[2025-09-08T13:10:48.991+0530] {subprocess.py:93} INFO - 	at org.apache.spark.sql.execution.datasources.jdbc.connection.ConnectionProviderBase.create(ConnectionProvider.scala:102)
[2025-09-08T13:10:48.991+0530] {subprocess.py:93} INFO - 	at org.apache.spark.sql.jdbc.JdbcDialect.$anonfun$createConnectionFactory$1(JdbcDialects.scala:123)
[2025-09-08T13:10:48.991+0530] {subprocess.py:93} INFO - 	at org.apache.spark.sql.jdbc.JdbcDialect.$anonfun$createConnectionFactory$1$adapted(JdbcDialects.scala:119)
[2025-09-08T13:10:48.991+0530] {subprocess.py:93} INFO - 	at org.apache.spark.sql.execution.datasources.jdbc.JdbcRelationProvider.createRelation(JdbcRelationProvider.scala:50)
[2025-09-08T13:10:48.991+0530] {subprocess.py:93} INFO - 	at org.apache.spark.sql.execution.datasources.SaveIntoDataSourceCommand.run(SaveIntoDataSourceCommand.scala:47)
[2025-09-08T13:10:48.991+0530] {subprocess.py:93} INFO - 	at org.apache.spark.sql.execution.command.ExecutedCommandExec.sideEffectResult$lzycompute(commands.scala:75)
[2025-09-08T13:10:48.991+0530] {subprocess.py:93} INFO - 	at org.apache.spark.sql.execution.command.ExecutedCommandExec.sideEffectResult(commands.scala:73)
[2025-09-08T13:10:48.991+0530] {subprocess.py:93} INFO - 	at org.apache.spark.sql.execution.command.ExecutedCommandExec.executeCollect(commands.scala:84)
[2025-09-08T13:10:48.991+0530] {subprocess.py:93} INFO - 	at org.apache.spark.sql.execution.QueryExecution$$anonfun$eagerlyExecuteCommands$1.$anonfun$applyOrElse$1(QueryExecution.scala:98)
[2025-09-08T13:10:48.991+0530] {subprocess.py:93} INFO - 	at org.apache.spark.sql.execution.SQLExecution$.$anonfun$withNewExecutionId$6(SQLExecution.scala:118)
[2025-09-08T13:10:48.992+0530] {subprocess.py:93} INFO - 	at org.apache.spark.sql.execution.SQLExecution$.withSQLConfPropagated(SQLExecution.scala:195)
[2025-09-08T13:10:48.992+0530] {subprocess.py:93} INFO - 	at org.apache.spark.sql.execution.SQLExecution$.$anonfun$withNewExecutionId$1(SQLExecution.scala:103)
[2025-09-08T13:10:48.992+0530] {subprocess.py:93} INFO - 	at org.apache.spark.sql.SparkSession.withActive(SparkSession.scala:827)
[2025-09-08T13:10:48.992+0530] {subprocess.py:93} INFO - 	at org.apache.spark.sql.execution.SQLExecution$.withNewExecutionId(SQLExecution.scala:65)
[2025-09-08T13:10:48.992+0530] {subprocess.py:93} INFO - 	at org.apache.spark.sql.execution.QueryExecution$$anonfun$eagerlyExecuteCommands$1.applyOrElse(QueryExecution.scala:98)
[2025-09-08T13:10:48.992+0530] {subprocess.py:93} INFO - 	at org.apache.spark.sql.execution.QueryExecution$$anonfun$eagerlyExecuteCommands$1.applyOrElse(QueryExecution.scala:94)
[2025-09-08T13:10:48.992+0530] {subprocess.py:93} INFO - 	at org.apache.spark.sql.catalyst.trees.TreeNode.$anonfun$transformDownWithPruning$1(TreeNode.scala:512)
[2025-09-08T13:10:48.992+0530] {subprocess.py:93} INFO - 	at org.apache.spark.sql.catalyst.trees.CurrentOrigin$.withOrigin(TreeNode.scala:104)
[2025-09-08T13:10:48.992+0530] {subprocess.py:93} INFO - 	at org.apache.spark.sql.catalyst.trees.TreeNode.transformDownWithPruning(TreeNode.scala:512)
[2025-09-08T13:10:48.992+0530] {subprocess.py:93} INFO - 	at org.apache.spark.sql.catalyst.plans.logical.LogicalPlan.org$apache$spark$sql$catalyst$plans$logical$AnalysisHelper$$super$transformDownWithPruning(LogicalPlan.scala:31)
[2025-09-08T13:10:48.992+0530] {subprocess.py:93} INFO - 	at org.apache.spark.sql.catalyst.plans.logical.AnalysisHelper.transformDownWithPruning(AnalysisHelper.scala:267)
[2025-09-08T13:10:48.992+0530] {subprocess.py:93} INFO - 	at org.apache.spark.sql.catalyst.plans.logical.AnalysisHelper.transformDownWithPruning$(AnalysisHelper.scala:263)
[2025-09-08T13:10:48.992+0530] {subprocess.py:93} INFO - 	at org.apache.spark.sql.catalyst.plans.logical.LogicalPlan.transformDownWithPruning(LogicalPlan.scala:31)
[2025-09-08T13:10:48.992+0530] {subprocess.py:93} INFO - 	at org.apache.spark.sql.catalyst.plans.logical.LogicalPlan.transformDownWithPruning(LogicalPlan.scala:31)
[2025-09-08T13:10:48.992+0530] {subprocess.py:93} INFO - 	at org.apache.spark.sql.catalyst.trees.TreeNode.transformDown(TreeNode.scala:488)
[2025-09-08T13:10:48.992+0530] {subprocess.py:93} INFO - 	at org.apache.spark.sql.execution.QueryExecution.eagerlyExecuteCommands(QueryExecution.scala:94)
[2025-09-08T13:10:48.992+0530] {subprocess.py:93} INFO - 	at org.apache.spark.sql.execution.QueryExecution.commandExecuted$lzycompute(QueryExecution.scala:81)
[2025-09-08T13:10:48.992+0530] {subprocess.py:93} INFO - 	at org.apache.spark.sql.execution.QueryExecution.commandExecuted(QueryExecution.scala:79)
[2025-09-08T13:10:48.992+0530] {subprocess.py:93} INFO - 	at org.apache.spark.sql.execution.QueryExecution.assertCommandExecuted(QueryExecution.scala:133)
[2025-09-08T13:10:48.992+0530] {subprocess.py:93} INFO - 	at org.apache.spark.sql.DataFrameWriter.runCommand(DataFrameWriter.scala:856)
[2025-09-08T13:10:48.992+0530] {subprocess.py:93} INFO - 	at org.apache.spark.sql.DataFrameWriter.saveToV1Source(DataFrameWriter.scala:387)
[2025-09-08T13:10:48.992+0530] {subprocess.py:93} INFO - 	at org.apache.spark.sql.DataFrameWriter.saveInternal(DataFrameWriter.scala:360)
[2025-09-08T13:10:48.992+0530] {subprocess.py:93} INFO - 	at org.apache.spark.sql.DataFrameWriter.save(DataFrameWriter.scala:247)
[2025-09-08T13:10:48.992+0530] {subprocess.py:93} INFO - 	at org.apache.spark.sql.DataFrameWriter.jdbc(DataFrameWriter.scala:753)
[2025-09-08T13:10:48.992+0530] {subprocess.py:93} INFO - 	at sun.reflect.NativeMethodAccessorImpl.invoke0(Native Method)
[2025-09-08T13:10:48.992+0530] {subprocess.py:93} INFO - 	at sun.reflect.NativeMethodAccessorImpl.invoke(NativeMethodAccessorImpl.java:62)
[2025-09-08T13:10:48.993+0530] {subprocess.py:93} INFO - 	at sun.reflect.DelegatingMethodAccessorImpl.invoke(DelegatingMethodAccessorImpl.java:43)
[2025-09-08T13:10:48.993+0530] {subprocess.py:93} INFO - 	at java.lang.reflect.Method.invoke(Method.java:498)
[2025-09-08T13:10:48.993+0530] {subprocess.py:93} INFO - 	at py4j.reflection.MethodInvoker.invoke(MethodInvoker.java:244)
[2025-09-08T13:10:48.993+0530] {subprocess.py:93} INFO - 	at py4j.reflection.ReflectionEngine.invoke(ReflectionEngine.java:374)
[2025-09-08T13:10:48.993+0530] {subprocess.py:93} INFO - 	at py4j.Gateway.invoke(Gateway.java:282)
[2025-09-08T13:10:48.993+0530] {subprocess.py:93} INFO - 	at py4j.commands.AbstractCommand.invokeMethod(AbstractCommand.java:132)
[2025-09-08T13:10:48.993+0530] {subprocess.py:93} INFO - 	at py4j.commands.CallCommand.execute(CallCommand.java:79)
[2025-09-08T13:10:48.993+0530] {subprocess.py:93} INFO - 	at py4j.ClientServerConnection.waitForCommands(ClientServerConnection.java:182)
[2025-09-08T13:10:48.993+0530] {subprocess.py:93} INFO - 	at py4j.ClientServerConnection.run(ClientServerConnection.java:106)
[2025-09-08T13:10:48.993+0530] {subprocess.py:93} INFO - 	at java.lang.Thread.run(Thread.java:750)
[2025-09-08T13:10:48.993+0530] {subprocess.py:93} INFO - 
[2025-09-08T13:10:48.993+0530] {subprocess.py:93} INFO - 2025-09-08 13:10:48,988 - __main__ - ERROR - ETL pipeline failed: An error occurred while calling o926.jdbc.
[2025-09-08T13:10:48.993+0530] {subprocess.py:93} INFO - : com.microsoft.sqlserver.jdbc.SQLServerException: Cannot open database "ecom_dwh" requested by the login. The login failed. ClientConnectionId:7221be11-0ea9-44ef-8bfa-9f7dc3119e1b
[2025-09-08T13:10:48.993+0530] {subprocess.py:93} INFO - 	at com.microsoft.sqlserver.jdbc.SQLServerException.makeFromDatabaseError(SQLServerException.java:265)
[2025-09-08T13:10:48.993+0530] {subprocess.py:93} INFO - 	at com.microsoft.sqlserver.jdbc.TDSTokenHandler.onEOF(tdsparser.java:305)
[2025-09-08T13:10:48.993+0530] {subprocess.py:93} INFO - 	at com.microsoft.sqlserver.jdbc.TDSParser.parse(tdsparser.java:138)
[2025-09-08T13:10:48.993+0530] {subprocess.py:93} INFO - 	at com.microsoft.sqlserver.jdbc.TDSParser.parse(tdsparser.java:42)
[2025-09-08T13:10:48.993+0530] {subprocess.py:93} INFO - 	at com.microsoft.sqlserver.jdbc.SQLServerConnection.sendLogon(SQLServerConnection.java:6490)
[2025-09-08T13:10:48.993+0530] {subprocess.py:93} INFO - 	at com.microsoft.sqlserver.jdbc.SQLServerConnection.logon(SQLServerConnection.java:5068)
[2025-09-08T13:10:48.993+0530] {subprocess.py:93} INFO - 	at com.microsoft.sqlserver.jdbc.SQLServerConnection.access$100(SQLServerConnection.java:93)
[2025-09-08T13:10:48.993+0530] {subprocess.py:93} INFO - 	at com.microsoft.sqlserver.jdbc.SQLServerConnection$LogonCommand.doExecute(SQLServerConnection.java:5002)
[2025-09-08T13:10:48.993+0530] {subprocess.py:93} INFO - 	at com.microsoft.sqlserver.jdbc.TDSCommand.execute(IOBuffer.java:7685)
[2025-09-08T13:10:48.993+0530] {subprocess.py:93} INFO - 	at com.microsoft.sqlserver.jdbc.SQLServerConnection.executeCommand(SQLServerConnection.java:4048)
[2025-09-08T13:10:48.993+0530] {subprocess.py:93} INFO - 	at com.microsoft.sqlserver.jdbc.SQLServerConnection.connectHelper(SQLServerConnection.java:3487)
[2025-09-08T13:10:48.993+0530] {subprocess.py:93} INFO - 	at com.microsoft.sqlserver.jdbc.SQLServerConnection.login(SQLServerConnection.java:3077)
[2025-09-08T13:10:48.993+0530] {subprocess.py:93} INFO - 	at com.microsoft.sqlserver.jdbc.SQLServerConnection.connectInternal(SQLServerConnection.java:2919)
[2025-09-08T13:10:48.994+0530] {subprocess.py:93} INFO - 	at com.microsoft.sqlserver.jdbc.SQLServerConnection.connect(SQLServerConnection.java:1787)
[2025-09-08T13:10:48.994+0530] {subprocess.py:93} INFO - 	at com.microsoft.sqlserver.jdbc.SQLServerDriver.connect(SQLServerDriver.java:1229)
[2025-09-08T13:10:48.994+0530] {subprocess.py:93} INFO - 	at org.apache.spark.sql.execution.datasources.jdbc.connection.BasicConnectionProvider.getConnection(BasicConnectionProvider.scala:49)
[2025-09-08T13:10:48.994+0530] {subprocess.py:93} INFO - 	at org.apache.spark.sql.execution.datasources.jdbc.connection.ConnectionProviderBase.create(ConnectionProvider.scala:102)
[2025-09-08T13:10:48.994+0530] {subprocess.py:93} INFO - 	at org.apache.spark.sql.jdbc.JdbcDialect.$anonfun$createConnectionFactory$1(JdbcDialects.scala:123)
[2025-09-08T13:10:48.994+0530] {subprocess.py:93} INFO - 	at org.apache.spark.sql.jdbc.JdbcDialect.$anonfun$createConnectionFactory$1$adapted(JdbcDialects.scala:119)
[2025-09-08T13:10:48.994+0530] {subprocess.py:93} INFO - 	at org.apache.spark.sql.execution.datasources.jdbc.JdbcRelationProvider.createRelation(JdbcRelationProvider.scala:50)
[2025-09-08T13:10:48.994+0530] {subprocess.py:93} INFO - 	at org.apache.spark.sql.execution.datasources.SaveIntoDataSourceCommand.run(SaveIntoDataSourceCommand.scala:47)
[2025-09-08T13:10:48.994+0530] {subprocess.py:93} INFO - 	at org.apache.spark.sql.execution.command.ExecutedCommandExec.sideEffectResult$lzycompute(commands.scala:75)
[2025-09-08T13:10:48.994+0530] {subprocess.py:93} INFO - 	at org.apache.spark.sql.execution.command.ExecutedCommandExec.sideEffectResult(commands.scala:73)
[2025-09-08T13:10:48.994+0530] {subprocess.py:93} INFO - 	at org.apache.spark.sql.execution.command.ExecutedCommandExec.executeCollect(commands.scala:84)
[2025-09-08T13:10:48.994+0530] {subprocess.py:93} INFO - 	at org.apache.spark.sql.execution.QueryExecution$$anonfun$eagerlyExecuteCommands$1.$anonfun$applyOrElse$1(QueryExecution.scala:98)
[2025-09-08T13:10:48.994+0530] {subprocess.py:93} INFO - 	at org.apache.spark.sql.execution.SQLExecution$.$anonfun$withNewExecutionId$6(SQLExecution.scala:118)
[2025-09-08T13:10:48.994+0530] {subprocess.py:93} INFO - 	at org.apache.spark.sql.execution.SQLExecution$.withSQLConfPropagated(SQLExecution.scala:195)
[2025-09-08T13:10:48.994+0530] {subprocess.py:93} INFO - 	at org.apache.spark.sql.execution.SQLExecution$.$anonfun$withNewExecutionId$1(SQLExecution.scala:103)
[2025-09-08T13:10:48.994+0530] {subprocess.py:93} INFO - 	at org.apache.spark.sql.SparkSession.withActive(SparkSession.scala:827)
[2025-09-08T13:10:48.994+0530] {subprocess.py:93} INFO - 	at org.apache.spark.sql.execution.SQLExecution$.withNewExecutionId(SQLExecution.scala:65)
[2025-09-08T13:10:48.994+0530] {subprocess.py:93} INFO - 	at org.apache.spark.sql.execution.QueryExecution$$anonfun$eagerlyExecuteCommands$1.applyOrElse(QueryExecution.scala:98)
[2025-09-08T13:10:48.994+0530] {subprocess.py:93} INFO - 	at org.apache.spark.sql.execution.QueryExecution$$anonfun$eagerlyExecuteCommands$1.applyOrElse(QueryExecution.scala:94)
[2025-09-08T13:10:48.994+0530] {subprocess.py:93} INFO - 	at org.apache.spark.sql.catalyst.trees.TreeNode.$anonfun$transformDownWithPruning$1(TreeNode.scala:512)
[2025-09-08T13:10:48.994+0530] {subprocess.py:93} INFO - 	at org.apache.spark.sql.catalyst.trees.CurrentOrigin$.withOrigin(TreeNode.scala:104)
[2025-09-08T13:10:48.994+0530] {subprocess.py:93} INFO - 	at org.apache.spark.sql.catalyst.trees.TreeNode.transformDownWithPruning(TreeNode.scala:512)
[2025-09-08T13:10:48.994+0530] {subprocess.py:93} INFO - 	at org.apache.spark.sql.catalyst.plans.logical.LogicalPlan.org$apache$spark$sql$catalyst$plans$logical$AnalysisHelper$$super$transformDownWithPruning(LogicalPlan.scala:31)
[2025-09-08T13:10:48.994+0530] {subprocess.py:93} INFO - 	at org.apache.spark.sql.catalyst.plans.logical.AnalysisHelper.transformDownWithPruning(AnalysisHelper.scala:267)
[2025-09-08T13:10:48.994+0530] {subprocess.py:93} INFO - 	at org.apache.spark.sql.catalyst.plans.logical.AnalysisHelper.transformDownWithPruning$(AnalysisHelper.scala:263)
[2025-09-08T13:10:48.995+0530] {subprocess.py:93} INFO - 	at org.apache.spark.sql.catalyst.plans.logical.LogicalPlan.transformDownWithPruning(LogicalPlan.scala:31)
[2025-09-08T13:10:48.995+0530] {subprocess.py:93} INFO - 	at org.apache.spark.sql.catalyst.plans.logical.LogicalPlan.transformDownWithPruning(LogicalPlan.scala:31)
[2025-09-08T13:10:48.995+0530] {subprocess.py:93} INFO - 	at org.apache.spark.sql.catalyst.trees.TreeNode.transformDown(TreeNode.scala:488)
[2025-09-08T13:10:48.995+0530] {subprocess.py:93} INFO - 	at org.apache.spark.sql.execution.QueryExecution.eagerlyExecuteCommands(QueryExecution.scala:94)
[2025-09-08T13:10:48.995+0530] {subprocess.py:93} INFO - 	at org.apache.spark.sql.execution.QueryExecution.commandExecuted$lzycompute(QueryExecution.scala:81)
[2025-09-08T13:10:48.995+0530] {subprocess.py:93} INFO - 	at org.apache.spark.sql.execution.QueryExecution.commandExecuted(QueryExecution.scala:79)
[2025-09-08T13:10:48.995+0530] {subprocess.py:93} INFO - 	at org.apache.spark.sql.execution.QueryExecution.assertCommandExecuted(QueryExecution.scala:133)
[2025-09-08T13:10:48.995+0530] {subprocess.py:93} INFO - 	at org.apache.spark.sql.DataFrameWriter.runCommand(DataFrameWriter.scala:856)
[2025-09-08T13:10:48.995+0530] {subprocess.py:93} INFO - 	at org.apache.spark.sql.DataFrameWriter.saveToV1Source(DataFrameWriter.scala:387)
[2025-09-08T13:10:48.995+0530] {subprocess.py:93} INFO - 	at org.apache.spark.sql.DataFrameWriter.saveInternal(DataFrameWriter.scala:360)
[2025-09-08T13:10:48.995+0530] {subprocess.py:93} INFO - 	at org.apache.spark.sql.DataFrameWriter.save(DataFrameWriter.scala:247)
[2025-09-08T13:10:48.995+0530] {subprocess.py:93} INFO - 	at org.apache.spark.sql.DataFrameWriter.jdbc(DataFrameWriter.scala:753)
[2025-09-08T13:10:48.995+0530] {subprocess.py:93} INFO - 	at sun.reflect.NativeMethodAccessorImpl.invoke0(Native Method)
[2025-09-08T13:10:48.995+0530] {subprocess.py:93} INFO - 	at sun.reflect.NativeMethodAccessorImpl.invoke(NativeMethodAccessorImpl.java:62)
[2025-09-08T13:10:48.995+0530] {subprocess.py:93} INFO - 	at sun.reflect.DelegatingMethodAccessorImpl.invoke(DelegatingMethodAccessorImpl.java:43)
[2025-09-08T13:10:48.995+0530] {subprocess.py:93} INFO - 	at java.lang.reflect.Method.invoke(Method.java:498)
[2025-09-08T13:10:48.995+0530] {subprocess.py:93} INFO - 	at py4j.reflection.MethodInvoker.invoke(MethodInvoker.java:244)
[2025-09-08T13:10:48.995+0530] {subprocess.py:93} INFO - 	at py4j.reflection.ReflectionEngine.invoke(ReflectionEngine.java:374)
[2025-09-08T13:10:48.995+0530] {subprocess.py:93} INFO - 	at py4j.Gateway.invoke(Gateway.java:282)
[2025-09-08T13:10:48.995+0530] {subprocess.py:93} INFO - 	at py4j.commands.AbstractCommand.invokeMethod(AbstractCommand.java:132)
[2025-09-08T13:10:48.995+0530] {subprocess.py:93} INFO - 	at py4j.commands.CallCommand.execute(CallCommand.java:79)
[2025-09-08T13:10:48.995+0530] {subprocess.py:93} INFO - 	at py4j.ClientServerConnection.waitForCommands(ClientServerConnection.java:182)
[2025-09-08T13:10:48.995+0530] {subprocess.py:93} INFO - 	at py4j.ClientServerConnection.run(ClientServerConnection.java:106)
[2025-09-08T13:10:48.995+0530] {subprocess.py:93} INFO - 	at java.lang.Thread.run(Thread.java:750)
[2025-09-08T13:10:48.995+0530] {subprocess.py:93} INFO - 
[2025-09-08T13:10:49.210+0530] {subprocess.py:93} INFO - 2025-09-08 13:10:49,210 - py4j.clientserver - INFO - Closing down clientserver connection
[2025-09-08T13:10:49.306+0530] {subprocess.py:97} INFO - Command exited with return code 0
[2025-09-08T13:10:49.306+0530] {taskinstance.py:441} INFO - ::group::Post task execution logs
[2025-09-08T13:10:49.422+0530] {taskinstance.py:1206} INFO - Marking task as SUCCESS. dag_id=ecom_etl_10min, task_id=run_etl_pipeline, run_id=scheduled__2025-09-08T07:30:00+00:00, execution_date=20250908T073000, start_date=20250908T074003, end_date=20250908T074049
[2025-09-08T13:10:49.492+0530] {local_task_job_runner.py:243} INFO - Task exited with return code 0
[2025-09-08T13:10:49.513+0530] {taskinstance.py:3503} INFO - 0 downstream tasks scheduled from follow-on schedule check
[2025-09-08T13:10:49.514+0530] {local_task_job_runner.py:222} INFO - ::endgroup::
