[2025-09-08T13:30:08.519+0530] {local_task_job_runner.py:120} INFO - ::group::Pre task execution logs
[2025-09-08T13:30:08.651+0530] {taskinstance.py:2076} INFO - Dependencies all met for dep_context=non-requeueable deps ti=<TaskInstance: ecom_etl_10min.run_etl_pipeline scheduled__2025-09-08T07:50:00+00:00 [queued]>
[2025-09-08T13:30:08.654+0530] {taskinstance.py:2076} INFO - Dependencies all met for dep_context=requeueable deps ti=<TaskInstance: ecom_etl_10min.run_etl_pipeline scheduled__2025-09-08T07:50:00+00:00 [queued]>
[2025-09-08T13:30:08.654+0530] {taskinstance.py:2306} INFO - Starting attempt 1 of 2
[2025-09-08T13:30:08.719+0530] {taskinstance.py:2330} INFO - Executing <Task(BashOperator): run_etl_pipeline> on 2025-09-08 07:50:00+00:00
[2025-09-08T13:30:08.725+0530] {standard_task_runner.py:64} INFO - Started process 716089 to run task
[2025-09-08T13:30:08.728+0530] {standard_task_runner.py:90} INFO - Running: ['airflow', 'tasks', 'run', 'ecom_etl_10min', 'run_etl_pipeline', 'scheduled__2025-09-08T07:50:00+00:00', '--job-id', '28', '--raw', '--subdir', 'DAGS_FOLDER/ecom_schedules.py', '--cfg-path', '/tmp/tmp6dd1vbob']
[2025-09-08T13:30:08.732+0530] {standard_task_runner.py:91} INFO - Job 28: Subtask run_etl_pipeline
[2025-09-08T13:30:08.822+0530] {task_command.py:426} INFO - Running <TaskInstance: ecom_etl_10min.run_etl_pipeline scheduled__2025-09-08T07:50:00+00:00 [running]> on host softsuave-ASUS-EXPERTCENTER-D700ME-D500ME
[2025-09-08T13:30:09.033+0530] {taskinstance.py:2648} INFO - Exporting env vars: AIRFLOW_CTX_DAG_OWNER='airflow' AIRFLOW_CTX_DAG_ID='ecom_etl_10min' AIRFLOW_CTX_TASK_ID='run_etl_pipeline' AIRFLOW_CTX_EXECUTION_DATE='2025-09-08T07:50:00+00:00' AIRFLOW_CTX_TRY_NUMBER='1' AIRFLOW_CTX_DAG_RUN_ID='scheduled__2025-09-08T07:50:00+00:00'
[2025-09-08T13:30:09.034+0530] {taskinstance.py:430} INFO - ::endgroup::
[2025-09-08T13:30:09.034+0530] {subprocess.py:63} INFO - Tmp dir root location: /tmp
[2025-09-08T13:30:09.034+0530] {subprocess.py:75} INFO - Running command: ['/usr/bin/bash', '-c', 'bash /media/softsuave/DATA-HDD/DataEngineering/Apache_Airflow/scripts/etl/run_etl.sh | cat']
[2025-09-08T13:30:09.039+0530] {subprocess.py:86} INFO - Output:
[2025-09-08T13:30:09.068+0530] {subprocess.py:93} INFO - [2025-09-08 13:30:09] 🚀 Starting E-Commerce ETL Pipeline...
[2025-09-08T13:30:09.068+0530] {subprocess.py:93} INFO - ----------------------------------------
[2025-09-08T13:30:09.068+0530] {subprocess.py:93} INFO -  Source DB   : ecom_db
[2025-09-08T13:30:09.068+0530] {subprocess.py:93} INFO -  Target DB   : ecom_dwh
[2025-09-08T13:30:09.068+0530] {subprocess.py:93} INFO -  Server      : localhost:1433
[2025-09-08T13:30:09.069+0530] {subprocess.py:93} INFO -  Spark Master: local[*]
[2025-09-08T13:30:09.069+0530] {subprocess.py:93} INFO - ----------------------------------------
[2025-09-08T13:30:09.069+0530] {subprocess.py:93} INFO - 
[2025-09-08T13:30:09.069+0530] {subprocess.py:93} INFO - [2025-09-08 13:30:09] 🔄 Running ETL Pipeline with spark-submit...
[2025-09-08T13:30:12.885+0530] {subprocess.py:93} INFO - 25/09/08 13:30:12 WARN Utils: Your hostname, softsuave-ASUS-EXPERTCENTER-D700ME-D500ME resolves to a loopback address: 127.0.1.1; using 192.168.6.3 instead (on interface eno2)
[2025-09-08T13:30:12.889+0530] {subprocess.py:93} INFO - 25/09/08 13:30:12 WARN Utils: Set SPARK_LOCAL_IP if you need to bind to another address
[2025-09-08T13:30:16.584+0530] {subprocess.py:93} INFO - 25/09/08 13:30:16 WARN NativeCodeLoader: Unable to load native-hadoop library for your platform... using builtin-java classes where applicable
[2025-09-08T13:30:17.651+0530] {subprocess.py:93} INFO - 25/09/08 13:30:17 INFO SparkContext: Running Spark version 3.4.2
[2025-09-08T13:30:17.680+0530] {subprocess.py:93} INFO - 25/09/08 13:30:17 INFO ResourceUtils: ==============================================================
[2025-09-08T13:30:17.680+0530] {subprocess.py:93} INFO - 25/09/08 13:30:17 INFO ResourceUtils: No custom resources configured for spark.driver.
[2025-09-08T13:30:17.680+0530] {subprocess.py:93} INFO - 25/09/08 13:30:17 INFO ResourceUtils: ==============================================================
[2025-09-08T13:30:17.680+0530] {subprocess.py:93} INFO - 25/09/08 13:30:17 INFO SparkContext: Submitted application: ECommerce_ETL_Pipeline
[2025-09-08T13:30:17.697+0530] {subprocess.py:93} INFO - 25/09/08 13:30:17 INFO ResourceProfile: Default ResourceProfile created, executor resources: Map(cores -> name: cores, amount: 1, script: , vendor: , memory -> name: memory, amount: 1024, script: , vendor: , offHeap -> name: offHeap, amount: 0, script: , vendor: ), task resources: Map(cpus -> name: cpus, amount: 1.0)
[2025-09-08T13:30:17.703+0530] {subprocess.py:93} INFO - 25/09/08 13:30:17 INFO ResourceProfile: Limiting resource is cpu
[2025-09-08T13:30:17.704+0530] {subprocess.py:93} INFO - 25/09/08 13:30:17 INFO ResourceProfileManager: Added ResourceProfile id: 0
[2025-09-08T13:30:17.774+0530] {subprocess.py:93} INFO - 25/09/08 13:30:17 INFO SecurityManager: Changing view acls to: softsuave
[2025-09-08T13:30:17.774+0530] {subprocess.py:93} INFO - 25/09/08 13:30:17 INFO SecurityManager: Changing modify acls to: softsuave
[2025-09-08T13:30:17.774+0530] {subprocess.py:93} INFO - 25/09/08 13:30:17 INFO SecurityManager: Changing view acls groups to:
[2025-09-08T13:30:17.775+0530] {subprocess.py:93} INFO - 25/09/08 13:30:17 INFO SecurityManager: Changing modify acls groups to:
[2025-09-08T13:30:17.775+0530] {subprocess.py:93} INFO - 25/09/08 13:30:17 INFO SecurityManager: SecurityManager: authentication disabled; ui acls disabled; users with view permissions: softsuave; groups with view permissions: EMPTY; users with modify permissions: softsuave; groups with modify permissions: EMPTY
[2025-09-08T13:30:18.055+0530] {subprocess.py:93} INFO - 25/09/08 13:30:18 INFO Utils: Successfully started service 'sparkDriver' on port 35369.
[2025-09-08T13:30:18.131+0530] {subprocess.py:93} INFO - 25/09/08 13:30:18 INFO SparkEnv: Registering MapOutputTracker
[2025-09-08T13:30:18.179+0530] {subprocess.py:93} INFO - 25/09/08 13:30:18 INFO SparkEnv: Registering BlockManagerMaster
[2025-09-08T13:30:18.191+0530] {subprocess.py:93} INFO - 25/09/08 13:30:18 INFO BlockManagerMasterEndpoint: Using org.apache.spark.storage.DefaultTopologyMapper for getting topology information
[2025-09-08T13:30:18.192+0530] {subprocess.py:93} INFO - 25/09/08 13:30:18 INFO BlockManagerMasterEndpoint: BlockManagerMasterEndpoint up
[2025-09-08T13:30:18.231+0530] {subprocess.py:93} INFO - 25/09/08 13:30:18 INFO SparkEnv: Registering BlockManagerMasterHeartbeat
[2025-09-08T13:30:18.297+0530] {subprocess.py:93} INFO - 25/09/08 13:30:18 INFO DiskBlockManager: Created local directory at /tmp/blockmgr-46936a05-92ae-4942-8b7f-20ea354ec826
[2025-09-08T13:30:18.354+0530] {subprocess.py:93} INFO - 25/09/08 13:30:18 INFO MemoryStore: MemoryStore started with capacity 366.3 MiB
[2025-09-08T13:30:18.364+0530] {subprocess.py:93} INFO - 25/09/08 13:30:18 INFO SparkEnv: Registering OutputCommitCoordinator
[2025-09-08T13:30:18.663+0530] {subprocess.py:93} INFO - 25/09/08 13:30:18 INFO JettyUtils: Start Jetty 0.0.0.0:4040 for SparkUI
[2025-09-08T13:30:18.787+0530] {subprocess.py:93} INFO - 25/09/08 13:30:18 INFO Utils: Successfully started service 'SparkUI' on port 4040.
[2025-09-08T13:30:18.811+0530] {subprocess.py:93} INFO - 25/09/08 13:30:18 INFO SparkContext: Added JAR file:///media/softsuave/DATA-HDD/DataEngineering/Apache_Airflow/libs/jars/mssql-jdbc-12.2.0.jre8.jar at spark://192.168.6.3:35369/jars/mssql-jdbc-12.2.0.jre8.jar with timestamp 1757318417644
[2025-09-08T13:30:18.967+0530] {subprocess.py:93} INFO - 25/09/08 13:30:18 INFO Executor: Starting executor ID driver on host 192.168.6.3
[2025-09-08T13:30:18.971+0530] {subprocess.py:93} INFO - 25/09/08 13:30:18 INFO Executor: Starting executor with user classpath (userClassPathFirst = false): ''
[2025-09-08T13:30:18.980+0530] {subprocess.py:93} INFO - 25/09/08 13:30:18 INFO Executor: Fetching spark://192.168.6.3:35369/jars/mssql-jdbc-12.2.0.jre8.jar with timestamp 1757318417644
[2025-09-08T13:30:19.021+0530] {subprocess.py:93} INFO - 25/09/08 13:30:19 INFO TransportClientFactory: Successfully created connection to /192.168.6.3:35369 after 26 ms (0 ms spent in bootstraps)
[2025-09-08T13:30:19.028+0530] {subprocess.py:93} INFO - 25/09/08 13:30:19 INFO Utils: Fetching spark://192.168.6.3:35369/jars/mssql-jdbc-12.2.0.jre8.jar to /tmp/spark-58cbf09d-2eac-492d-91c6-13805b717050/userFiles-5b1375d1-d1e5-4718-a063-b665954bed93/fetchFileTemp2493113933501573390.tmp
[2025-09-08T13:30:19.141+0530] {subprocess.py:93} INFO - 25/09/08 13:30:19 INFO Executor: Adding file:/tmp/spark-58cbf09d-2eac-492d-91c6-13805b717050/userFiles-5b1375d1-d1e5-4718-a063-b665954bed93/mssql-jdbc-12.2.0.jre8.jar to class loader
[2025-09-08T13:30:19.156+0530] {subprocess.py:93} INFO - 25/09/08 13:30:19 INFO Utils: Successfully started service 'org.apache.spark.network.netty.NettyBlockTransferService' on port 44877.
[2025-09-08T13:30:19.156+0530] {subprocess.py:93} INFO - 25/09/08 13:30:19 INFO NettyBlockTransferService: Server created on 192.168.6.3:44877
[2025-09-08T13:30:19.159+0530] {subprocess.py:93} INFO - 25/09/08 13:30:19 INFO BlockManager: Using org.apache.spark.storage.RandomBlockReplicationPolicy for block replication policy
[2025-09-08T13:30:19.169+0530] {subprocess.py:93} INFO - 25/09/08 13:30:19 INFO BlockManagerMaster: Registering BlockManager BlockManagerId(driver, 192.168.6.3, 44877, None)
[2025-09-08T13:30:19.210+0530] {subprocess.py:93} INFO - 25/09/08 13:30:19 INFO BlockManagerMasterEndpoint: Registering block manager 192.168.6.3:44877 with 366.3 MiB RAM, BlockManagerId(driver, 192.168.6.3, 44877, None)
[2025-09-08T13:30:19.216+0530] {subprocess.py:93} INFO - 25/09/08 13:30:19 INFO BlockManagerMaster: Registered BlockManager BlockManagerId(driver, 192.168.6.3, 44877, None)
[2025-09-08T13:30:19.218+0530] {subprocess.py:93} INFO - 25/09/08 13:30:19 INFO BlockManager: Initialized BlockManager: BlockManagerId(driver, 192.168.6.3, 44877, None)
[2025-09-08T13:30:19.776+0530] {subprocess.py:93} INFO - 2025-09-08 13:30:19,776 - __main__ - INFO - Starting ETL pipeline - Batch ID: 20250908080019
[2025-09-08T13:30:19.776+0530] {subprocess.py:93} INFO - 2025-09-08 13:30:19,776 - __main__ - INFO - Extracting data from table: customers
[2025-09-08T13:30:25.116+0530] {subprocess.py:93} INFO - 2025-09-08 13:30:25,115 - __main__ - INFO - Extracted 1000 records from customers
[2025-09-08T13:30:25.116+0530] {subprocess.py:93} INFO - 2025-09-08 13:30:25,115 - __main__ - INFO - Extracting data from table: products
[2025-09-08T13:30:25.209+0530] {subprocess.py:93} INFO - 2025-09-08 13:30:25,209 - __main__ - INFO - Extracted 500 records from products
[2025-09-08T13:30:25.209+0530] {subprocess.py:93} INFO - 2025-09-08 13:30:25,209 - __main__ - INFO - Extracting data from table: orders
[2025-09-08T13:30:25.314+0530] {subprocess.py:93} INFO - 2025-09-08 13:30:25,313 - __main__ - INFO - Extracted 20000 records from orders
[2025-09-08T13:30:25.314+0530] {subprocess.py:93} INFO - 2025-09-08 13:30:25,314 - __main__ - INFO - Extracting data from table: order_items
[2025-09-08T13:30:25.401+0530] {subprocess.py:93} INFO - 2025-09-08 13:30:25,401 - __main__ - INFO - Extracted 34733 records from order_items
[2025-09-08T13:30:25.401+0530] {subprocess.py:93} INFO - 2025-09-08 13:30:25,401 - __main__ - INFO - Extracting data from table: inventory
[2025-09-08T13:30:25.471+0530] {subprocess.py:93} INFO - 2025-09-08 13:30:25,471 - __main__ - INFO - Extracted 500 records from inventory
[2025-09-08T13:30:25.471+0530] {subprocess.py:93} INFO - 2025-09-08 13:30:25,471 - __main__ - INFO - Extracting data from table: clickstream
[2025-09-08T13:30:25.568+0530] {subprocess.py:93} INFO - 2025-09-08 13:30:25,568 - __main__ - INFO - Extracted 192119 records from clickstream
[2025-09-08T13:30:25.569+0530] {subprocess.py:93} INFO - 2025-09-08 13:30:25,568 - __main__ - INFO - Cleaning customer data...
[2025-09-08T13:30:26.134+0530] {subprocess.py:93} INFO - 2025-09-08 13:30:26,134 - __main__ - INFO - Customer cleaning complete. Records: 1000 -> 1000
[2025-09-08T13:30:26.134+0530] {subprocess.py:93} INFO - 2025-09-08 13:30:26,134 - __main__ - INFO - Cleaning product data...
[2025-09-08T13:30:26.540+0530] {subprocess.py:93} INFO - 2025-09-08 13:30:26,540 - __main__ - INFO - Product cleaning complete. Records: 500 -> 500
[2025-09-08T13:30:26.540+0530] {subprocess.py:93} INFO - 2025-09-08 13:30:26,540 - __main__ - INFO - Cleaning order data...
[2025-09-08T13:30:26.914+0530] {subprocess.py:93} INFO - 2025-09-08 13:30:26,914 - __main__ - INFO - Order cleaning complete. Records: 20000 -> 20000
[2025-09-08T13:30:27.217+0530] {subprocess.py:93} INFO - 2025-09-08 13:30:27,216 - __main__ - INFO - Cleaning order items data...
[2025-09-08T13:30:27.431+0530] {subprocess.py:93} INFO - 2025-09-08 13:30:27,431 - __main__ - INFO - Order items cleaning complete. Records: 34733 -> 34733
[2025-09-08T13:30:27.694+0530] {subprocess.py:93} INFO - 2025-09-08 13:30:27,694 - __main__ - INFO - Cleaning inventory data...
[2025-09-08T13:30:27.848+0530] {subprocess.py:93} INFO - 2025-09-08 13:30:27,848 - __main__ - INFO - Inventory cleaning complete. Records: 500 -> 500
[2025-09-08T13:30:28.022+0530] {subprocess.py:93} INFO - 2025-09-08 13:30:28,021 - __main__ - INFO - Cleaning clickstream data...
[2025-09-08T13:30:29.726+0530] {subprocess.py:93} INFO - 2025-09-08 13:30:29,725 - __main__ - INFO - Clickstream cleaning complete. Records: 192119 -> 192119
[2025-09-08T13:30:30.556+0530] {subprocess.py:93} INFO - 2025-09-08 13:30:30,556 - __main__ - INFO - Creating Customer 360 view...
[2025-09-08T13:30:30.870+0530] {subprocess.py:93} INFO - 2025-09-08 13:30:30,870 - __main__ - INFO - Customer 360 view created with 1000 records
[2025-09-08T13:30:30.870+0530] {subprocess.py:93} INFO - 2025-09-08 13:30:30,870 - __main__ - INFO - Creating Product Analytics view...
[2025-09-08T13:30:31.155+0530] {subprocess.py:93} INFO - 2025-09-08 13:30:31,155 - __main__ - INFO - Product Analytics view created with 500 records
[2025-09-08T13:30:31.155+0530] {subprocess.py:93} INFO - 2025-09-08 13:30:31,155 - __main__ - INFO - Generating data quality report...
[2025-09-08T13:30:31.397+0530] {subprocess.py:93} INFO - 2025-09-08 13:30:31,397 - __main__ - INFO - Loading 1000 records to dim_customers in overwrite mode...
[2025-09-08T13:30:32.407+0530] {subprocess.py:93} INFO - 2025-09-08 13:30:32,407 - __main__ - INFO - Successfully loaded data to dim_customers
[2025-09-08T13:30:32.497+0530] {subprocess.py:93} INFO - 2025-09-08 13:30:32,497 - __main__ - INFO - Loading 500 records to dim_products in overwrite mode...
[2025-09-08T13:30:32.967+0530] {subprocess.py:93} INFO - 2025-09-08 13:30:32,967 - __main__ - INFO - Successfully loaded data to dim_products
[2025-09-08T13:30:33.076+0530] {subprocess.py:93} INFO - 2025-09-08 13:30:33,076 - __main__ - INFO - Loading 20000 records to fact_orders in overwrite mode...
[2025-09-08T13:30:35.039+0530] {subprocess.py:93} INFO - 2025-09-08 13:30:35,038 - __main__ - INFO - Successfully loaded data to fact_orders
[2025-09-08T13:30:35.136+0530] {subprocess.py:93} INFO - 2025-09-08 13:30:35,136 - __main__ - INFO - Loading 34733 records to fact_order_items in overwrite mode...
[2025-09-08T13:30:37.766+0530] {subprocess.py:93} INFO - 2025-09-08 13:30:37,766 - __main__ - INFO - Successfully loaded data to fact_order_items
[2025-09-08T13:30:37.845+0530] {subprocess.py:93} INFO - 2025-09-08 13:30:37,845 - __main__ - INFO - Loading 500 records to dim_inventory in overwrite mode...
[2025-09-08T13:30:38.157+0530] {subprocess.py:93} INFO - 2025-09-08 13:30:38,157 - __main__ - INFO - Successfully loaded data to dim_inventory
[2025-09-08T13:30:39.340+0530] {subprocess.py:93} INFO - 2025-09-08 13:30:39,340 - __main__ - INFO - Loading 192119 records to fact_clickstream in overwrite mode...
[2025-09-08T13:30:50.258+0530] {subprocess.py:93} INFO - 2025-09-08 13:30:50,258 - __main__ - INFO - Successfully loaded data to fact_clickstream
[2025-09-08T13:30:50.372+0530] {subprocess.py:93} INFO - 2025-09-08 13:30:50,372 - __main__ - INFO - Loading 1000 records to analytics_customer_360 in overwrite mode...
[2025-09-08T13:30:50.381+0530] {subprocess.py:93} INFO - 25/09/08 13:30:50 WARN package: Truncated the string representation of a plan since it was too large. This behavior can be adjusted by setting 'spark.sql.debug.maxToStringFields'.
[2025-09-08T13:30:53.422+0530] {subprocess.py:93} INFO - 2025-09-08 13:30:53,422 - __main__ - INFO - Successfully loaded data to analytics_customer_360
[2025-09-08T13:30:53.549+0530] {subprocess.py:93} INFO - 2025-09-08 13:30:53,549 - __main__ - INFO - Loading 500 records to analytics_product_performance in overwrite mode...
[2025-09-08T13:30:53.719+0530] {subprocess.py:93} INFO - 25/09/08 13:30:53 WARN WindowExec: No Partition Defined for Window operation! Moving all data to a single partition, this can cause serious performance degradation.
[2025-09-08T13:30:53.723+0530] {subprocess.py:93} INFO - 25/09/08 13:30:53 WARN WindowExec: No Partition Defined for Window operation! Moving all data to a single partition, this can cause serious performance degradation.
[2025-09-08T13:30:53.725+0530] {subprocess.py:93} INFO - 25/09/08 13:30:53 WARN WindowExec: No Partition Defined for Window operation! Moving all data to a single partition, this can cause serious performance degradation.
[2025-09-08T13:30:53.831+0530] {subprocess.py:93} INFO - 25/09/08 13:30:53 WARN WindowExec: No Partition Defined for Window operation! Moving all data to a single partition, this can cause serious performance degradation.
[2025-09-08T13:30:53.834+0530] {subprocess.py:93} INFO - 25/09/08 13:30:53 WARN WindowExec: No Partition Defined for Window operation! Moving all data to a single partition, this can cause serious performance degradation.
[2025-09-08T13:30:53.880+0530] {subprocess.py:93} INFO - 25/09/08 13:30:53 WARN WindowExec: No Partition Defined for Window operation! Moving all data to a single partition, this can cause serious performance degradation.
[2025-09-08T13:30:53.883+0530] {subprocess.py:93} INFO - 25/09/08 13:30:53 WARN WindowExec: No Partition Defined for Window operation! Moving all data to a single partition, this can cause serious performance degradation.
[2025-09-08T13:30:53.919+0530] {subprocess.py:93} INFO - 25/09/08 13:30:53 WARN WindowExec: No Partition Defined for Window operation! Moving all data to a single partition, this can cause serious performance degradation.
[2025-09-08T13:30:53.922+0530] {subprocess.py:93} INFO - 25/09/08 13:30:53 WARN WindowExec: No Partition Defined for Window operation! Moving all data to a single partition, this can cause serious performance degradation.
[2025-09-08T13:30:53.994+0530] {subprocess.py:93} INFO - 25/09/08 13:30:53 WARN WindowExec: No Partition Defined for Window operation! Moving all data to a single partition, this can cause serious performance degradation.
[2025-09-08T13:30:53.995+0530] {subprocess.py:93} INFO - 25/09/08 13:30:53 WARN WindowExec: No Partition Defined for Window operation! Moving all data to a single partition, this can cause serious performance degradation.
[2025-09-08T13:30:54.122+0530] {subprocess.py:93} INFO - 25/09/08 13:30:54 WARN WindowExec: No Partition Defined for Window operation! Moving all data to a single partition, this can cause serious performance degradation.
[2025-09-08T13:30:54.124+0530] {subprocess.py:93} INFO - 25/09/08 13:30:54 WARN WindowExec: No Partition Defined for Window operation! Moving all data to a single partition, this can cause serious performance degradation.
[2025-09-08T13:30:54.183+0530] {subprocess.py:93} INFO - 25/09/08 13:30:54 WARN WindowExec: No Partition Defined for Window operation! Moving all data to a single partition, this can cause serious performance degradation.
[2025-09-08T13:30:54.185+0530] {subprocess.py:93} INFO - 25/09/08 13:30:54 WARN WindowExec: No Partition Defined for Window operation! Moving all data to a single partition, this can cause serious performance degradation.
[2025-09-08T13:30:54.254+0530] {subprocess.py:93} INFO - 25/09/08 13:30:54 WARN WindowExec: No Partition Defined for Window operation! Moving all data to a single partition, this can cause serious performance degradation.
[2025-09-08T13:30:54.255+0530] {subprocess.py:93} INFO - 25/09/08 13:30:54 WARN WindowExec: No Partition Defined for Window operation! Moving all data to a single partition, this can cause serious performance degradation.
[2025-09-08T13:30:54.492+0530] {subprocess.py:93} INFO - 25/09/08 13:30:54 WARN WindowExec: No Partition Defined for Window operation! Moving all data to a single partition, this can cause serious performance degradation.
[2025-09-08T13:30:54.493+0530] {subprocess.py:93} INFO - 25/09/08 13:30:54 WARN WindowExec: No Partition Defined for Window operation! Moving all data to a single partition, this can cause serious performance degradation.
[2025-09-08T13:30:54.613+0530] {subprocess.py:93} INFO - 25/09/08 13:30:54 WARN WindowExec: No Partition Defined for Window operation! Moving all data to a single partition, this can cause serious performance degradation.
[2025-09-08T13:30:54.614+0530] {subprocess.py:93} INFO - 25/09/08 13:30:54 WARN WindowExec: No Partition Defined for Window operation! Moving all data to a single partition, this can cause serious performance degradation.
[2025-09-08T13:30:54.654+0530] {subprocess.py:93} INFO - 25/09/08 13:30:54 WARN WindowExec: No Partition Defined for Window operation! Moving all data to a single partition, this can cause serious performance degradation.
[2025-09-08T13:30:54.655+0530] {subprocess.py:93} INFO - 25/09/08 13:30:54 WARN WindowExec: No Partition Defined for Window operation! Moving all data to a single partition, this can cause serious performance degradation.
[2025-09-08T13:30:54.690+0530] {subprocess.py:93} INFO - 25/09/08 13:30:54 WARN WindowExec: No Partition Defined for Window operation! Moving all data to a single partition, this can cause serious performance degradation.
[2025-09-08T13:30:54.690+0530] {subprocess.py:93} INFO - 25/09/08 13:30:54 WARN WindowExec: No Partition Defined for Window operation! Moving all data to a single partition, this can cause serious performance degradation.
[2025-09-08T13:30:54.997+0530] {subprocess.py:93} INFO - 2025-09-08 13:30:54,996 - __main__ - INFO - Successfully loaded data to analytics_product_performance
[2025-09-08T13:30:55.943+0530] {subprocess.py:93} INFO - 2025-09-08 13:30:55,943 - __main__ - INFO - Loading 18 records to etl_data_quality_log in append mode...
[2025-09-08T13:30:57.046+0530] {subprocess.py:93} INFO - 2025-09-08 13:30:57,046 - __main__ - INFO - Successfully loaded data to etl_data_quality_log
[2025-09-08T13:30:57.046+0530] {subprocess.py:93} INFO - 2025-09-08 13:30:57,046 - __main__ - INFO - ETL pipeline completed successfully - Batch ID: 20250908080019
[2025-09-08T13:30:57.046+0530] {subprocess.py:93} INFO - 
[2025-09-08T13:30:57.047+0530] {subprocess.py:93} INFO - ============================================================
[2025-09-08T13:30:57.047+0530] {subprocess.py:93} INFO - ETL Pipeline Summary - Batch ID: 20250908080019
[2025-09-08T13:30:57.047+0530] {subprocess.py:93} INFO - ============================================================
[2025-09-08T13:30:57.047+0530] {subprocess.py:93} INFO - 
[2025-09-08T13:30:57.047+0530] {subprocess.py:93} INFO - CUSTOMERS:
[2025-09-08T13:30:57.047+0530] {subprocess.py:93} INFO -   initial_count: 1000
[2025-09-08T13:30:57.047+0530] {subprocess.py:93} INFO -   final_count: 1000
[2025-09-08T13:30:57.047+0530] {subprocess.py:93} INFO -   duplicates_removed: 0
[2025-09-08T13:30:57.047+0530] {subprocess.py:93} INFO - 
[2025-09-08T13:30:57.047+0530] {subprocess.py:93} INFO - PRODUCTS:
[2025-09-08T13:30:57.047+0530] {subprocess.py:93} INFO -   initial_count: 500
[2025-09-08T13:30:57.047+0530] {subprocess.py:93} INFO -   final_count: 500
[2025-09-08T13:30:57.048+0530] {subprocess.py:93} INFO -   invalid_prices_removed: 0
[2025-09-08T13:30:57.048+0530] {subprocess.py:93} INFO - 
[2025-09-08T13:30:57.048+0530] {subprocess.py:93} INFO - ORDERS:
[2025-09-08T13:30:57.048+0530] {subprocess.py:93} INFO -   initial_count: 20000
[2025-09-08T13:30:57.048+0530] {subprocess.py:93} INFO -   final_count: 20000
[2025-09-08T13:30:57.048+0530] {subprocess.py:93} INFO -   amount_mismatches: 0
[2025-09-08T13:30:57.048+0530] {subprocess.py:93} INFO - 
[2025-09-08T13:30:57.048+0530] {subprocess.py:93} INFO - ORDER_ITEMS:
[2025-09-08T13:30:57.048+0530] {subprocess.py:93} INFO -   initial_count: 34733
[2025-09-08T13:30:57.048+0530] {subprocess.py:93} INFO -   final_count: 34733
[2025-09-08T13:30:57.049+0530] {subprocess.py:93} INFO -   line_total_mismatches: 0
[2025-09-08T13:30:57.049+0530] {subprocess.py:93} INFO - 
[2025-09-08T13:30:57.049+0530] {subprocess.py:93} INFO - INVENTORY:
[2025-09-08T13:30:57.049+0530] {subprocess.py:93} INFO -   initial_count: 500
[2025-09-08T13:30:57.049+0530] {subprocess.py:93} INFO -   final_count: 500
[2025-09-08T13:30:57.049+0530] {subprocess.py:93} INFO -   out_of_stock_count: 44
[2025-09-08T13:30:57.049+0530] {subprocess.py:93} INFO - 
[2025-09-08T13:30:57.049+0530] {subprocess.py:93} INFO - CLICKSTREAM:
[2025-09-08T13:30:57.049+0530] {subprocess.py:93} INFO -   initial_count: 192119
[2025-09-08T13:30:57.050+0530] {subprocess.py:93} INFO -   final_count: 192119
[2025-09-08T13:30:57.050+0530] {subprocess.py:93} INFO -   potential_bots: 0
[2025-09-08T13:30:57.050+0530] {subprocess.py:93} INFO - ============================================================
[2025-09-08T13:30:57.050+0530] {subprocess.py:93} INFO - 
[2025-09-08T13:30:58.029+0530] {subprocess.py:93} INFO - 2025-09-08 13:30:58,029 - py4j.clientserver - INFO - Closing down clientserver connection
[2025-09-08T13:30:58.135+0530] {subprocess.py:93} INFO - [2025-09-08 13:30:58] ✅ ETL Pipeline completed successfully!
[2025-09-08T13:30:58.136+0530] {subprocess.py:93} INFO - [2025-09-08 13:30:58] 🎉 Data loaded into target DB: ecom_dwh
[2025-09-08T13:30:58.137+0530] {subprocess.py:97} INFO - Command exited with return code 0
[2025-09-08T13:30:58.137+0530] {taskinstance.py:441} INFO - ::group::Post task execution logs
[2025-09-08T13:30:58.312+0530] {taskinstance.py:1206} INFO - Marking task as SUCCESS. dag_id=ecom_etl_10min, task_id=run_etl_pipeline, run_id=scheduled__2025-09-08T07:50:00+00:00, execution_date=20250908T075000, start_date=20250908T080008, end_date=20250908T080058
[2025-09-08T13:30:58.554+0530] {local_task_job_runner.py:243} INFO - Task exited with return code 0
[2025-09-08T13:30:58.571+0530] {taskinstance.py:3503} INFO - 0 downstream tasks scheduled from follow-on schedule check
[2025-09-08T13:30:58.572+0530] {local_task_job_runner.py:222} INFO - ::endgroup::
